APR-07 09:20 INFO     mongo.py       :20    Connecting to MongoDB: mongodb://localhost:27017/tradebot (tradebot)
APR-07 09:20 INFO     mongo.py       :26    MongoDB Connection Established and Pinged.
APR-07 09:20 INFO     contract_discovery.py:49    📁 Loaded 2526 NIFTY contracts into memory cache.
APR-07 09:20 WARNING  xts_session_manager.py:72    Failed to load market session from file: name 'DateUtils' is not defined
APR-07 09:20 INFO     xts_session_manager.py:111   Initializing New Market Data API Session...
APR-07 09:20 INFO     xts_session_manager.py:114   Market Data Login Successful. User: WD9952
APR-07 09:20 INFO     xts_session_manager.py:130   Initializing Market Data Socket...
APR-07 09:20 INFO     fund_manager.py:66    🐍 Strategy: packages/tradeflow/python_strategies.py:TripleLockStrategy
APR-07 09:20 INFO     fund_manager.py:111   💰 Budget Mode: 200000.0 INR (fixed)
APR-07 09:20 INFO     live_trader.py :78    🚀 Starting Live Trade Engine | Session: apr07-0920-triple-l5t-python
⭕ Strategy: Triple Confirmation Momentum Strategy (triple-confirmation)
APR-07 09:20 INFO     live_trader.py :202   📡 Deriving Static Option Grid for the day...
APR-07 09:20 INFO     contract_discovery.py:263   Deriving contracts for 1 expiries: ['2026-04-07T14:30:00+05:30']
APR-07 09:20 INFO     live_trader.py :209   ✅ Found 82 options for static grid tracking.
APR-07 09:20 INFO     live_market.py :95    + Subscribed to 83 instruments.
APR-07 09:20 INFO     live_market.py :63    🔌 Connecting to Market Data Socket...
APR-07 09:20 INFO     MarketDataSocketClient.py:171   Market Data Socket connected successfully!
APR-07 09:20 INFO     live_market.py :179   ✅ XTS Socket Connected!
APR-07 09:20 INFO     live_market.py :181   🔄 Re-subscribing to 83 instruments...
APR-07 09:20 INFO     live_trader.py :150   🔥 Commencing Bulk Warmup for Static Grid...
APR-07 09:20 INFO     market_history.py:151   ✅ Warmup complete for SPOT (26000): 1500 candles processed.
APR-07 09:20 INFO     market_history.py:151   ✅ Warmup complete for PE (40704): 1500 candles processed.
APR-07 09:20 INFO     market_history.py:63    🌐 DB insufficient (1253/1500). Fetching API History for 40705: 2026-03-28 09:20:23+05:30 -> 2026-04-07 09:20:23+05:30
APR-07 09:20 INFO     market_history.py:151   ✅ Warmup complete for CE (40705): 1250 candles processed.
APR-07 09:20 INFO     market_history.py:151   ✅ Warmup complete for PE (40706): 1500 candles processed.
APR-07 09:20 INFO     market_history.py:63    🌐 DB insufficient (1060/1500). Fetching API History for 40707: 2026-03-28 09:20:23+05:30 -> 2026-04-07 09:20:23+05:30
APR-07 09:20 INFO     market_history.py:151   ✅ Warmup complete for CE (40707): 1057 candles processed.
APR-07 09:20 INFO     market_history.py:151   ✅ Warmup complete for PE (40708): 1500 candles processed.
APR-07 09:20 INFO     market_history.py:63    🌐 DB insufficient (1457/1500). Fetching API History for 40714: 2026-03-28 09:20:23+05:30 -> 2026-04-07 09:20:23+05:30
APR-07 09:20 INFO     market_history.py:151   ✅ Warmup complete for CE (40714): 1453 candles processed.
APR-07 09:20 INFO     market_history.py:151   ✅ Warmup complete for PE (40717): 1500 candles processed.
APR-07 09:20 INFO     market_history.py:63    🌐 DB insufficient (1223/1500). Fetching API History for 40718: 2026-03-28 09:20:23+05:30 -> 2026-04-07 09:20:23+05:30
APR-07 09:20 INFO     market_history.py:151   ✅ Warmup complete for CE (40718): 1220 candles processed.
APR-07 09:20 INFO     market_history.py:151   ✅ Warmup complete for PE (40723): 1500 candles processed.
APR-07 09:20 INFO     market_history.py:151   ✅ Warmup complete for CE (40724): 1500 candles processed.
APR-07 09:20 INFO     market_history.py:151   ✅ Warmup complete for PE (40725): 1500 candles processed.
APR-07 09:20 INFO     market_history.py:63    🌐 DB insufficient (1457/1500). Fetching API History for 40726: 2026-03-28 09:20:23+05:30 -> 2026-04-07 09:20:23+05:30
APR-07 09:20 INFO     market_history.py:151   ✅ Warmup complete for CE (40726): 1453 candles processed.
APR-07 09:20 INFO     market_history.py:151   ✅ Warmup complete for PE (40727): 1500 candles processed.
APR-07 09:20 INFO     market_history.py:151   ✅ Warmup complete for CE (40728): 1500 candles processed.
APR-07 09:20 INFO     market_history.py:151   ✅ Warmup complete for PE (40729): 1500 candles processed.
APR-07 09:20 INFO     market_history.py:151   ✅ Warmup complete for CE (40730): 1500 candles processed.
APR-07 09:20 INFO     market_history.py:63    🌐 DB insufficient (1496/1500). Fetching API History for 40731: 2026-03-28 09:20:23+05:30 -> 2026-04-07 09:20:23+05:30
APR-07 09:20 INFO     market_history.py:151   ✅ Warmup complete for PE (40731): 1493 candles processed.
APR-07 09:20 INFO     market_history.py:151   ✅ Warmup complete for CE (40732): 1500 candles processed.
APR-07 09:20 INFO     market_history.py:151   ✅ Warmup complete for PE (40735): 1500 candles processed.
APR-07 09:20 INFO     market_history.py:151   ✅ Warmup complete for CE (40736): 1500 candles processed.
APR-07 09:20 INFO     market_history.py:151   ✅ Warmup complete for PE (40737): 1500 candles processed.
APR-07 09:20 INFO     market_history.py:151   ✅ Warmup complete for CE (40738): 1500 candles processed.
APR-07 09:20 INFO     market_history.py:151   ✅ Warmup complete for PE (40739): 1500 candles processed.
APR-07 09:20 INFO     market_history.py:151   ✅ Warmup complete for CE (40740): 1500 candles processed.
APR-07 09:20 INFO     market_history.py:151   ✅ Warmup complete for PE (40741): 1500 candles processed.
APR-07 09:20 INFO     market_history.py:151   ✅ Warmup complete for CE (40742): 1500 candles processed.
APR-07 09:20 INFO     market_history.py:151   ✅ Warmup complete for PE (40745): 1500 candles processed.
APR-07 09:20 INFO     market_history.py:151   ✅ Warmup complete for CE (40747): 1500 candles processed.
APR-07 09:20 INFO     market_history.py:63    🌐 DB insufficient (1496/1500). Fetching API History for 40751: 2026-03-28 09:20:23+05:30 -> 2026-04-07 09:20:23+05:30
APR-07 09:20 INFO     market_history.py:151   ✅ Warmup complete for PE (40751): 1492 candles processed.
APR-07 09:20 INFO     market_history.py:151   ✅ Warmup complete for CE (40752): 1500 candles processed.
APR-07 09:20 INFO     market_history.py:151   ✅ Warmup complete for PE (40753): 1500 candles processed.
APR-07 09:20 INFO     market_history.py:151   ✅ Warmup complete for CE (40754): 1500 candles processed.
APR-07 09:20 INFO     market_history.py:63    🌐 DB insufficient (1477/1500). Fetching API History for 40760: 2026-03-28 09:20:23+05:30 -> 2026-04-07 09:20:23+05:30
APR-07 09:20 INFO     market_history.py:151   ✅ Warmup complete for PE (40760): 1473 candles processed.
APR-07 09:20 INFO     market_history.py:151   ✅ Warmup complete for CE (40761): 1500 candles processed.
APR-07 09:20 INFO     market_history.py:151   ✅ Warmup complete for PE (40769): 1500 candles processed.
APR-07 09:20 INFO     market_history.py:151   ✅ Warmup complete for CE (40770): 1500 candles processed.
APR-07 09:20 INFO     market_history.py:63    🌐 DB insufficient (1391/1500). Fetching API History for 40771: 2026-03-28 09:20:23+05:30 -> 2026-04-07 09:20:23+05:30
APR-07 09:20 INFO     market_history.py:151   ✅ Warmup complete for PE (40771): 1387 candles processed.
APR-07 09:20 INFO     market_history.py:151   ✅ Warmup complete for CE (40772): 1500 candles processed.
APR-07 09:20 INFO     market_history.py:151   ✅ Warmup complete for PE (40773): 1500 candles processed.
APR-07 09:20 INFO     market_history.py:151   ✅ Warmup complete for CE (40774): 1500 candles processed.
APR-07 09:20 INFO     market_history.py:63    🌐 DB insufficient (1287/1500). Fetching API History for 40775: 2026-03-28 09:20:23+05:30 -> 2026-04-07 09:20:23+05:30
APR-07 09:20 INFO     market_history.py:151   ✅ Warmup complete for PE (40775): 1284 candles processed.
APR-07 09:20 INFO     market_history.py:151   ✅ Warmup complete for CE (40776): 1500 candles processed.
APR-07 09:20 INFO     market_history.py:63    🌐 DB insufficient (1442/1500). Fetching API History for 40777: 2026-03-28 09:20:23+05:30 -> 2026-04-07 09:20:23+05:30
APR-07 09:20 INFO     market_history.py:151   ✅ Warmup complete for PE (40777): 1438 candles processed.
APR-07 09:20 INFO     market_history.py:151   ✅ Warmup complete for CE (40778): 1500 candles processed.
APR-07 09:20 INFO     market_history.py:63    🌐 DB insufficient (1108/1500). Fetching API History for 40779: 2026-03-28 09:20:23+05:30 -> 2026-04-07 09:20:23+05:30
APR-07 09:20 INFO     market_history.py:151   ✅ Warmup complete for PE (40779): 1104 candles processed.
APR-07 09:20 INFO     market_history.py:151   ✅ Warmup complete for CE (40781): 1500 candles processed.
APR-07 09:20 INFO     market_history.py:63    🌐 DB insufficient (1444/1500). Fetching API History for 40782: 2026-03-28 09:20:23+05:30 -> 2026-04-07 09:20:23+05:30
APR-07 09:20 INFO     market_history.py:151   ✅ Warmup complete for PE (40782): 1440 candles processed.
APR-07 09:20 INFO     market_history.py:151   ✅ Warmup complete for CE (40783): 1500 candles processed.
APR-07 09:20 INFO     market_history.py:63    🌐 DB insufficient (927/1500). Fetching API History for 40784: 2026-03-28 09:20:23+05:30 -> 2026-04-07 09:20:23+05:30
APR-07 09:20 INFO     market_history.py:151   ✅ Warmup complete for PE (40784): 924 candles processed.
APR-07 09:20 INFO     market_history.py:151   ✅ Warmup complete for CE (40785): 1500 candles processed.
APR-07 09:20 INFO     market_history.py:63    🌐 DB insufficient (1373/1500). Fetching API History for 40787: 2026-03-28 09:20:23+05:30 -> 2026-04-07 09:20:23+05:30
APR-07 09:20 INFO     market_history.py:151   ✅ Warmup complete for PE (40787): 1370 candles processed.
APR-07 09:20 INFO     market_history.py:151   ✅ Warmup complete for CE (40788): 1500 candles processed.
APR-07 09:20 INFO     market_history.py:63    🌐 DB insufficient (665/1500). Fetching API History for 40789: 2026-03-28 09:20:23+05:30 -> 2026-04-07 09:20:23+05:30
APR-07 09:20 INFO     market_history.py:151   ✅ Warmup complete for PE (40789): 665 candles processed.
APR-07 09:20 INFO     market_history.py:151   ✅ Warmup complete for CE (40790): 1500 candles processed.
APR-07 09:20 INFO     market_history.py:63    🌐 DB insufficient (1221/1500). Fetching API History for 40791: 2026-03-28 09:20:23+05:30 -> 2026-04-07 09:20:23+05:30
APR-07 09:20 INFO     market_history.py:151   ✅ Warmup complete for PE (40791): 1218 candles processed.
APR-07 09:20 INFO     market_history.py:63    🌐 DB insufficient (1139/1500). Fetching API History for 40792: 2026-03-28 09:20:23+05:30 -> 2026-04-07 09:20:23+05:30
APR-07 09:20 INFO     market_history.py:151   ✅ Warmup complete for CE (40792): 1500 candles processed.
APR-07 09:20 INFO     market_history.py:63    🌐 DB insufficient (399/1500). Fetching API History for 40795: 2026-03-28 09:20:23+05:30 -> 2026-04-07 09:20:23+05:30
APR-07 09:20 INFO     market_history.py:151   ✅ Warmup complete for PE (40795): 458 candles processed.
APR-07 09:20 INFO     market_history.py:63    🌐 DB insufficient (1139/1500). Fetching API History for 40796: 2026-03-28 09:20:23+05:30 -> 2026-04-07 09:20:23+05:30
APR-07 09:20 INFO     market_history.py:151   ✅ Warmup complete for CE (40796): 1500 candles processed.
APR-07 09:20 INFO     market_history.py:63    🌐 DB insufficient (1089/1500). Fetching API History for 40797: 2026-03-28 09:20:23+05:30 -> 2026-04-07 09:20:23+05:30
APR-07 09:20 INFO     market_history.py:151   ✅ Warmup complete for PE (40797): 1440 candles processed.
APR-07 09:20 INFO     market_history.py:63    🌐 DB insufficient (1133/1500). Fetching API History for 40798: 2026-03-28 09:20:23+05:30 -> 2026-04-07 09:20:23+05:30
APR-07 09:20 INFO     market_history.py:151   ✅ Warmup complete for CE (40798): 1500 candles processed.
APR-07 09:20 INFO     market_history.py:63    🌐 DB insufficient (316/1500). Fetching API History for 40799: 2026-03-28 09:20:23+05:30 -> 2026-04-07 09:20:23+05:30
APR-07 09:20 INFO     market_history.py:151   ✅ Warmup complete for PE (40799): 362 candles processed.
APR-07 09:20 INFO     market_history.py:63    🌐 DB insufficient (1133/1500). Fetching API History for 40800: 2026-03-28 09:20:23+05:30 -> 2026-04-07 09:20:23+05:30
APR-07 09:20 INFO     market_history.py:151   ✅ Warmup complete for CE (40800): 1500 candles processed.
APR-07 09:20 INFO     market_history.py:63    🌐 DB insufficient (777/1500). Fetching API History for 40801: 2026-03-28 09:20:23+05:30 -> 2026-04-07 09:20:23+05:30
APR-07 09:20 INFO     market_history.py:151   ✅ Warmup complete for PE (40801): 927 candles processed.
APR-07 09:20 INFO     market_history.py:63    🌐 DB insufficient (1133/1500). Fetching API History for 40802: 2026-03-28 09:20:23+05:30 -> 2026-04-07 09:20:23+05:30
APR-07 09:20 INFO     market_history.py:151   ✅ Warmup complete for CE (40802): 1499 candles processed.
APR-07 09:20 INFO     market_history.py:63    🌐 DB insufficient (148/1500). Fetching API History for 40803: 2026-03-28 09:20:23+05:30 -> 2026-04-07 09:20:23+05:30
APR-07 09:21 INFO     market_history.py:151   ✅ Warmup complete for PE (40803): 167 candles processed.
APR-07 09:21 INFO     market_history.py:63    🌐 DB insufficient (1132/1500). Fetching API History for 40804: 2026-03-28 09:20:23+05:30 -> 2026-04-07 09:20:23+05:30
APR-07 09:21 INFO     market_history.py:151   ✅ Warmup complete for CE (40804): 1499 candles processed.
APR-07 09:21 INFO     market_history.py:63    🌐 DB insufficient (561/1500). Fetching API History for 40806: 2026-03-28 09:20:23+05:30 -> 2026-04-07 09:20:23+05:30
APR-07 09:21 INFO     market_history.py:151   ✅ Warmup complete for PE (40806): 662 candles processed.
APR-07 09:21 INFO     market_history.py:63    🌐 DB insufficient (387/1500). Fetching API History for 40809: 2026-03-28 09:20:23+05:30 -> 2026-04-07 09:20:23+05:30
APR-07 09:21 INFO     market_history.py:151   ✅ Warmup complete for CE (40809): 1499 candles processed.
APR-07 09:21 INFO     market_history.py:63    🌐 DB insufficient (40/1500). Fetching API History for 40814: 2026-03-28 09:20:23+05:30 -> 2026-04-07 09:20:23+05:30
APR-07 09:21 INFO     market_history.py:151   ✅ Warmup complete for PE (40814): 161 candles processed.
APR-07 09:21 INFO     market_history.py:63    🌐 DB insufficient (252/1500). Fetching API History for 40690: 2026-03-28 09:20:23+05:30 -> 2026-04-07 09:20:23+05:30
APR-07 09:21 INFO     market_history.py:151   ✅ Warmup complete for CE (40690): 321 candles processed.
APR-07 09:21 INFO     market_history.py:63    🌐 DB insufficient (1143/1500). Fetching API History for 40691: 2026-03-28 09:20:23+05:30 -> 2026-04-07 09:20:23+05:30
APR-07 09:21 INFO     market_history.py:151   ✅ Warmup complete for PE (40691): 1499 candles processed.
APR-07 09:21 INFO     market_history.py:63    🌐 DB insufficient (638/1500). Fetching API History for 40692: 2026-03-28 09:20:23+05:30 -> 2026-04-07 09:20:23+05:30
APR-07 09:21 INFO     market_history.py:151   ✅ Warmup complete for CE (40692): 825 candles processed.
APR-07 09:21 INFO     market_history.py:63    🌐 DB insufficient (1146/1500). Fetching API History for 40693: 2026-03-28 09:20:23+05:30 -> 2026-04-07 09:20:23+05:30
APR-07 09:21 INFO     market_history.py:151   ✅ Warmup complete for PE (40693): 1499 candles processed.
APR-07 09:21 INFO     market_history.py:63    🌐 DB insufficient (378/1500). Fetching API History for 40694: 2026-03-28 09:20:23+05:30 -> 2026-04-07 09:20:23+05:30
APR-07 09:21 INFO     market_history.py:151   ✅ Warmup complete for CE (40694): 450 candles processed.
APR-07 09:21 INFO     market_history.py:63    🌐 DB insufficient (1142/1500). Fetching API History for 40695: 2026-03-28 09:20:23+05:30 -> 2026-04-07 09:20:23+05:30
APR-07 09:21 INFO     market_history.py:151   ✅ Warmup complete for PE (40695): 1499 candles processed.
APR-07 09:21 INFO     market_history.py:63    🌐 DB insufficient (670/1500). Fetching API History for 40696: 2026-03-28 09:20:23+05:30 -> 2026-04-07 09:20:23+05:30
APR-07 09:21 INFO     market_history.py:151   ✅ Warmup complete for CE (40696): 953 candles processed.
APR-07 09:21 INFO     market_history.py:63    🌐 DB insufficient (1147/1500). Fetching API History for 40697: 2026-03-28 09:20:23+05:30 -> 2026-04-07 09:20:23+05:30
APR-07 09:21 INFO     market_history.py:151   ✅ Warmup complete for PE (40697): 1499 candles processed.
APR-07 09:21 INFO     market_history.py:63    🌐 DB insufficient (635/1500). Fetching API History for 40698: 2026-03-28 09:20:23+05:30 -> 2026-04-07 09:20:23+05:30
APR-07 09:21 INFO     market_history.py:151   ✅ Warmup complete for CE (40698): 631 candles processed.
APR-07 09:21 INFO     market_history.py:63    🌐 DB insufficient (1170/1500). Fetching API History for 40699: 2026-03-28 09:20:23+05:30 -> 2026-04-07 09:20:23+05:30
APR-07 09:21 INFO     market_history.py:151   ✅ Warmup complete for PE (40699): 1166 candles processed.
APR-07 09:21 INFO     market_history.py:151   ✅ Warmup complete for CE (40700): 1500 candles processed.
APR-07 09:21 INFO     market_history.py:151   ✅ Warmup complete for PE (40701): 1500 candles processed.
APR-07 09:21 INFO     market_history.py:63    🌐 DB insufficient (826/1500). Fetching API History for 40703: 2026-03-28 09:20:23+05:30 -> 2026-04-07 09:20:23+05:30
APR-07 09:21 INFO     market_history.py:151   ✅ Warmup complete for CE (40703): 823 candles processed.
APR-07 09:21 INFO     live_trader.py :185   🔄 Replaying 10427 buffered ticks from warmup period...
APR-07 09:21 INFO     live_trader.py :191   ✅ Bulk Warmup Complete. Ready for Live Ticks.
APR-07 09:24 INFO     fund_manager.py:356   💚 HEARTBEAT [09:21:00 - 09:24:00] | active: NIFTY2640722750CE , inverse: NIFTY2640722750PE | State: NIFTY ema-5~21: 22841.68~ 22904.84 | ACTIVE ema-5~21: 198.35~ 273.72 | INVERSE ema-5~21: 96.97~ 105.11 | CE ema-5~21: 198.35~ 273.72 | PE ema-5~21: 96.97~ 105.11 | TRADE ema-5~21: 198.35~ 273.72 | NIFTY ema-prev-5~21: 22855.72~ 22913.96 | ACTIVE ema-prev-5~21: 247.90~ 291.17 | INVERSE ema-prev-5~21: 98.21~ 106.18 | CE ema-prev-5~21: 247.90~ 291.17 | PE ema-prev-5~21: 98.21~ 106.18 | TRADE ema-prev-5~21: 247.90~ 291.17
APR-07 09:27 INFO     fund_manager.py:356   💚 HEARTBEAT [09:24:00 - 09:27:00] | active: NIFTY2640722800CE , inverse: NIFTY2640722800PE | State: NIFTY ema-5~21: 22851.08~ 22901.66 | ACTIVE ema-5~21: 114.13~ 203.74 | INVERSE ema-5~21: 114.49~ 120.94 | CE ema-5~21: 114.13~ 203.74 | PE ema-5~21: 114.49~ 120.94 | TRADE ema-5~21: 114.13~ 203.74 | NIFTY ema-prev-5~21: 22841.68~ 22904.84 | ACTIVE ema-prev-5~21: 119.77~ 213.83 | INVERSE ema-prev-5~21: 120.41~ 122.77 | CE ema-prev-5~21: 119.77~ 213.83 | PE ema-prev-5~21: 120.41~ 122.77 | TRADE ema-prev-5~21: 119.77~ 213.83
APR-07 09:30 INFO     fund_manager.py:356   💚 HEARTBEAT [09:27:00 - 09:30:00] | active: NIFTY2640722850CE , inverse: NIFTY2640722850PE | State: NIFTY ema-5~21: 22864.01~ 22900.59 | ACTIVE ema-5~21: 99.48~ 170.74 | INVERSE ema-5~21: 129.28~ 139.49 | CE ema-5~21: 99.48~ 170.74 | PE ema-5~21: 129.28~ 139.49 | TRADE ema-5~21: 99.48~ 170.74 | NIFTY ema-prev-5~21: 22851.08~ 22901.66 | ACTIVE ema-prev-5~21: 92.12~ 176.39 | INVERSE ema-prev-5~21: 141.94~ 143.05 | CE ema-prev-5~21: 92.12~ 176.39 | PE ema-prev-5~21: 141.94~ 143.05 | TRADE ema-prev-5~21: 92.12~ 176.39
APR-07 09:33 INFO     fund_manager.py:356   💚 HEARTBEAT [09:30:00 - 09:33:00] | active: NIFTY2640722900CE , inverse: NIFTY2640722900PE | State: NIFTY ema-5~21: 22869.70~ 22898.82 | ACTIVE ema-5~21: 99.79~ 160.29 | INVERSE ema-5~21: 143.87~ 158.37 | CE ema-5~21: 99.79~ 160.29 | PE ema-5~21: 143.87~ 158.37 | TRADE ema-5~21: 99.79~ 160.29 | NIFTY ema-prev-5~21: 22864.01~ 22900.59 | ACTIVE ema-prev-5~21: 98.51~ 166.09 | INVERSE ema-prev-5~21: 155.76~ 162.20 | CE ema-prev-5~21: 98.51~ 166.09 | PE ema-prev-5~21: 155.76~ 162.20 | TRADE ema-prev-5~21: 98.51~ 166.09
APR-07 09:36 INFO     fund_manager.py:356   💚 HEARTBEAT [09:33:00 - 09:36:00] | active: NIFTY2640722900CE , inverse: NIFTY2640722900PE | State: NIFTY ema-5~21: 22860.15~ 22893.57 | ACTIVE ema-5~21: 99.99~ 154.85 | INVERSE ema-5~21: 136.50~ 155.04 | CE ema-5~21: 99.99~ 154.85 | PE ema-5~21: 136.50~ 155.04 | TRADE ema-5~21: 99.99~ 154.85 | NIFTY ema-prev-5~21: 22869.70~ 22898.82 | ACTIVE ema-prev-5~21: 99.79~ 160.29 | INVERSE ema-prev-5~21: 143.87~ 158.37 | CE ema-prev-5~21: 99.79~ 160.29 | PE ema-prev-5~21: 143.87~ 158.37 | TRADE ema-prev-5~21: 99.79~ 160.29
APR-07 09:39 INFO     fund_manager.py:356   💚 HEARTBEAT [09:36:00 - 09:39:00] | active: NIFTY2640722850CE , inverse: NIFTY2640722850PE | State: NIFTY ema-5~21: 22855.45~ 22889.25 | ACTIVE ema-5~21: 107.72~ 156.81 | INVERSE ema-5~21: 112.30~ 130.42 | CE ema-5~21: 107.72~ 156.81 | PE ema-5~21: 112.30~ 130.42 | TRADE ema-5~21: 107.72~ 156.81 | NIFTY ema-prev-5~21: 22860.15~ 22893.57 | ACTIVE ema-prev-5~21: 114.15~ 163.00 | INVERSE ema-prev-5~21: 110.92~ 131.96 | CE ema-prev-5~21: 114.15~ 163.00 | PE ema-prev-5~21: 110.92~ 131.96 | TRADE ema-prev-5~21: 114.15~ 163.00
APR-07 09:42 INFO     fund_manager.py:356   💚 HEARTBEAT [09:39:00 - 09:42:00] | active: NIFTY2640722850CE , inverse: NIFTY2640722850PE | State: NIFTY ema-5~21: 22851.05~ 22884.97 | ACTIVE ema-5~21: 104.03~ 151.34 | INVERSE ema-5~21: 113.36~ 129.06 | CE ema-5~21: 104.03~ 151.34 | PE ema-5~21: 113.36~ 129.06 | TRADE ema-5~21: 104.03~ 151.34 | NIFTY ema-prev-5~21: 22855.45~ 22889.25 | ACTIVE ema-prev-5~21: 107.72~ 156.81 | INVERSE ema-prev-5~21: 112.30~ 130.42 | CE ema-prev-5~21: 107.72~ 156.81 | PE ema-prev-5~21: 112.30~ 130.42 | TRADE ema-prev-5~21: 107.72~ 156.81
APR-07 09:45 INFO     fund_manager.py:356   💚 HEARTBEAT [09:42:00 - 09:45:00] | active: NIFTY2640722850CE , inverse: NIFTY2640722850PE | State: NIFTY ema-5~21: 22834.63~ 22877.41 | ACTIVE ema-5~21: 101.49~ 146.34 | INVERSE ema-5~21: 112.99~ 127.54 | CE ema-5~21: 101.49~ 146.34 | PE ema-5~21: 112.99~ 127.54 | TRADE ema-5~21: 101.49~ 146.34 | NIFTY ema-prev-5~21: 22851.05~ 22884.97 | ACTIVE ema-prev-5~21: 104.03~ 151.34 | INVERSE ema-prev-5~21: 113.36~ 129.06 | CE ema-prev-5~21: 104.03~ 151.34 | PE ema-prev-5~21: 113.36~ 129.06 | TRADE ema-prev-5~21: 104.03~ 151.34
APR-07 09:48 INFO     fund_manager.py:356   💚 HEARTBEAT [09:45:00 - 09:48:00] | active: NIFTY2640722800CE , inverse: NIFTY2640722800PE | State: NIFTY ema-5~21: 22841.09~ 22875.28 | ACTIVE ema-5~21: 116.75~ 166.10 | INVERSE ema-5~21: 94.31~ 104.94 | CE ema-5~21: 116.75~ 166.10 | PE ema-5~21: 94.31~ 104.94 | TRADE ema-5~21: 116.75~ 166.10 | NIFTY ema-prev-5~21: 22834.63~ 22877.41 | ACTIVE ema-prev-5~21: 126.72~ 173.03 | INVERSE ema-prev-5~21: 88.74~ 104.89 | CE ema-prev-5~21: 126.72~ 173.03 | PE ema-prev-5~21: 88.74~ 104.89 | TRADE ema-prev-5~21: 126.72~ 173.03
APR-07 09:51 INFO     fund_manager.py:356   💚 HEARTBEAT [09:48:00 - 09:51:00] | active: NIFTY2640722850CE , inverse: NIFTY2640722850PE | State: NIFTY ema-5~21: 22839.18~ 22871.65 | ACTIVE ema-5~21: 95.59~ 136.36 | INVERSE ema-5~21: 114.86~ 125.97 | CE ema-5~21: 95.59~ 136.36 | PE ema-5~21: 114.86~ 125.97 | TRADE ema-5~21: 95.59~ 136.36 | NIFTY ema-prev-5~21: 22841.09~ 22875.28 | ACTIVE ema-prev-5~21: 92.61~ 139.84 | INVERSE ema-prev-5~21: 119.81~ 128.07 | CE ema-prev-5~21: 92.61~ 139.84 | PE ema-prev-5~21: 119.81~ 128.07 | TRADE ema-prev-5~21: 92.61~ 139.84
APR-07 09:54 INFO     fund_manager.py:356   💚 HEARTBEAT [09:51:00 - 09:54:00] | active: NIFTY2640722850CE , inverse: NIFTY2640722850PE | State: NIFTY ema-5~21: 22840.45~ 22869.05 | ACTIVE ema-5~21: 94.33~ 132.31 | INVERSE ema-5~21: 113.16~ 124.50 | CE ema-5~21: 94.33~ 132.31 | PE ema-5~21: 113.16~ 124.50 | TRADE ema-5~21: 94.33~ 132.31 | NIFTY ema-prev-5~21: 22839.18~ 22871.65 | ACTIVE ema-prev-5~21: 95.59~ 136.36 | INVERSE ema-prev-5~21: 114.86~ 125.97 | CE ema-prev-5~21: 95.59~ 136.36 | PE ema-prev-5~21: 114.86~ 125.97 | TRADE ema-prev-5~21: 95.59~ 136.36
APR-07 09:57 INFO     fund_manager.py:356   💚 HEARTBEAT [09:54:00 - 09:57:00] | active: NIFTY2640722850CE , inverse: NIFTY2640722850PE | State: NIFTY ema-5~21: 22845.82~ 22867.91 | ACTIVE ema-5~21: 94.55~ 128.92 | INVERSE ema-5~21: 110.45~ 122.73 | CE ema-5~21: 94.55~ 128.92 | PE ema-5~21: 110.45~ 122.73 | TRADE ema-5~21: 94.55~ 128.92 | NIFTY ema-prev-5~21: 22840.45~ 22869.05 | ACTIVE ema-prev-5~21: 94.33~ 132.31 | INVERSE ema-prev-5~21: 113.16~ 124.50 | CE ema-prev-5~21: 94.33~ 132.31 | PE ema-prev-5~21: 113.16~ 124.50 | TRADE ema-prev-5~21: 94.33~ 132.31
APR-07 10:00 INFO     fund_manager.py:356   💚 HEARTBEAT [09:57:00 - 10:00:00] | active: NIFTY2640722850CE , inverse: NIFTY2640722850PE | State: NIFTY ema-5~21: 22859.26~ 22869.57 | ACTIVE ema-5~21: 97.30~ 126.54 | INVERSE ema-5~21: 106.20~ 120.45 | CE ema-5~21: 97.30~ 126.54 | PE ema-5~21: 106.20~ 120.45 | TRADE ema-5~21: 97.30~ 126.54 | NIFTY ema-prev-5~21: 22845.82~ 22867.91 | ACTIVE ema-prev-5~21: 94.55~ 128.92 | INVERSE ema-prev-5~21: 110.45~ 122.73 | CE ema-prev-5~21: 94.55~ 128.92 | PE ema-prev-5~21: 110.45~ 122.73 | TRADE ema-prev-5~21: 94.55~ 128.92
APR-07 10:03 INFO     fund_manager.py:356   💚 HEARTBEAT [10:00:00 - 10:03:00] | active: NIFTY2640722900CE , inverse: NIFTY2640722900PE | State: NIFTY ema-5~21: 22872.49~ 22872.24 | ACTIVE ema-5~21: 81.22~ 109.62 | INVERSE ema-5~21: 125.07~ 142.82 | CE ema-5~21: 81.22~ 109.62 | PE ema-5~21: 125.07~ 142.82 | TRADE ema-5~21: 81.22~ 109.62 | NIFTY ema-prev-5~21: 22859.26~ 22869.57 | ACTIVE ema-prev-5~21: 75.98~ 111.41 | INVERSE ema-prev-5~21: 134.13~ 146.41 | CE ema-prev-5~21: 75.98~ 111.41 | PE ema-prev-5~21: 134.13~ 146.41 | TRADE ema-prev-5~21: 75.98~ 111.41
APR-07 10:06 INFO     fund_manager.py:356   💚 HEARTBEAT [10:03:00 - 10:06:00] | active: NIFTY2640722900CE , inverse: NIFTY2640722900PE | State: NIFTY ema-5~21: 22887.16~ 22876.27 | ACTIVE ema-5~21: 86.83~ 108.57 | INVERSE ema-5~21: 116.59~ 138.90 | CE ema-5~21: 86.83~ 108.57 | PE ema-5~21: 116.59~ 138.90 | TRADE ema-5~21: 86.83~ 108.57 | NIFTY ema-prev-5~21: 22872.49~ 22872.24 | ACTIVE ema-prev-5~21: 81.22~ 109.62 | INVERSE ema-prev-5~21: 125.07~ 142.82 | CE ema-prev-5~21: 81.22~ 109.62 | PE ema-prev-5~21: 125.07~ 142.82 | TRADE ema-prev-5~21: 81.22~ 109.62
APR-07 10:09 INFO     fund_manager.py:356   💚 HEARTBEAT [10:06:00 - 10:09:00] | active: NIFTY2640722900CE , inverse: NIFTY2640722900PE | State: NIFTY ema-5~21: 22892.07~ 22878.60 | ACTIVE ema-5~21: 93.40~ 108.38 | INVERSE ema-5~21: 107.10~ 134.28 | CE ema-5~21: 93.40~ 108.38 | PE ema-5~21: 107.10~ 134.28 | TRADE ema-5~21: 93.40~ 108.38 | NIFTY ema-prev-5~21: 22887.16~ 22876.27 | ACTIVE ema-prev-5~21: 86.83~ 108.57 | INVERSE ema-prev-5~21: 116.59~ 138.90 | CE ema-prev-5~21: 86.83~ 108.57 | PE ema-prev-5~21: 116.59~ 138.90 | TRADE ema-prev-5~21: 86.83~ 108.57
APR-07 10:12 INFO     fund_manager.py:356   💚 HEARTBEAT [10:09:00 - 10:12:00] | active: NIFTY2640722900CE , inverse: NIFTY2640722900PE | State: NIFTY ema-5~21: 22897.78~ 22881.38 | ACTIVE ema-5~21: 95.07~ 107.48 | INVERSE ema-5~21: 103.45~ 130.81 | CE ema-5~21: 95.07~ 107.48 | PE ema-5~21: 103.45~ 130.81 | TRADE ema-5~21: 95.07~ 107.48 | NIFTY ema-prev-5~21: 22892.07~ 22878.60 | ACTIVE ema-prev-5~21: 93.40~ 108.38 | INVERSE ema-prev-5~21: 107.10~ 134.28 | CE ema-prev-5~21: 93.40~ 108.38 | PE ema-prev-5~21: 107.10~ 134.28 | TRADE ema-prev-5~21: 93.40~ 108.38
APR-07 10:15 INFO     fund_manager.py:356   💚 HEARTBEAT [10:12:00 - 10:15:00] | active: NIFTY2640722900CE , inverse: NIFTY2640722900PE | State: NIFTY ema-5~21: 22905.19~ 22884.89 | ACTIVE ema-5~21: 97.68~ 107.06 | INVERSE ema-5~21: 99.48~ 127.25 | CE ema-5~21: 97.68~ 107.06 | PE ema-5~21: 99.48~ 127.25 | TRADE ema-5~21: 97.68~ 107.06 | NIFTY ema-prev-5~21: 22897.78~ 22881.38 | ACTIVE ema-prev-5~21: 95.07~ 107.48 | INVERSE ema-prev-5~21: 103.45~ 130.81 | CE ema-prev-5~21: 95.07~ 107.48 | PE ema-prev-5~21: 103.45~ 130.81 | TRADE ema-prev-5~21: 95.07~ 107.48
APR-07 10:18 INFO     fund_manager.py:356   💚 HEARTBEAT [10:15:00 - 10:18:00] | active: NIFTY2640722900CE , inverse: NIFTY2640722900PE | State: NIFTY ema-5~21: 22919.91~ 22890.75 | ACTIVE ema-5~21: 100.44~ 106.96 | INVERSE ema-5~21: 95.67~ 123.68 | CE ema-5~21: 100.44~ 106.96 | PE ema-5~21: 95.67~ 123.68 | TRADE ema-5~21: 100.44~ 106.96 | NIFTY ema-prev-5~21: 22905.19~ 22884.89 | ACTIVE ema-prev-5~21: 97.68~ 107.06 | INVERSE ema-prev-5~21: 99.48~ 127.25 | CE ema-prev-5~21: 97.68~ 107.06 | PE ema-prev-5~21: 99.48~ 127.25 | TRADE ema-prev-5~21: 97.68~ 107.06
APR-07 10:21 INFO     fund_manager.py:356   💚 HEARTBEAT [10:18:00 - 10:21:00] | active: NIFTY2640722950CE , inverse: NIFTY2640722950PE | State: NIFTY ema-5~21: 22922.56~ 22894.12 | ACTIVE ema-5~21: 83.16~ 82.39 | INVERSE ema-5~21: 113.13~ 147.77 | CE ema-5~21: 83.16~ 82.39 | PE ema-5~21: 113.13~ 147.77 | TRADE ema-5~21: 83.16~ 82.39 | NIFTY ema-prev-5~21: 22919.91~ 22890.75 | ACTIVE ema-prev-5~21: 77.18~ 81.12 | INVERSE ema-prev-5~21: 122.62~ 153.13 | CE ema-prev-5~21: 77.18~ 81.12 | PE ema-prev-5~21: 122.62~ 153.13 | TRADE ema-prev-5~21: 77.18~ 81.12
APR-07 10:24 INFO     fund_manager.py:356   💚 HEARTBEAT [10:21:00 - 10:24:00] | active: NIFTY2640722950CE , inverse: NIFTY2640722950PE | State: NIFTY ema-5~21: 22924.19~ 22897.15 | ACTIVE ema-5~21: 83.49~ 82.55 | INVERSE ema-5~21: 109.89~ 143.73 | CE ema-5~21: 83.49~ 82.55 | PE ema-5~21: 109.89~ 143.73 | TRADE ema-5~21: 83.49~ 82.55 | NIFTY ema-prev-5~21: 22922.56~ 22894.12 | ACTIVE ema-prev-5~21: 83.16~ 82.39 | INVERSE ema-prev-5~21: 113.13~ 147.77 | CE ema-prev-5~21: 83.16~ 82.39 | PE ema-prev-5~21: 113.13~ 147.77 | TRADE ema-prev-5~21: 83.16~ 82.39
APR-07 10:27 INFO     fund_manager.py:356   💚 HEARTBEAT [10:24:00 - 10:27:00] | active: NIFTY2640722950CE , inverse: NIFTY2640722950PE | State: NIFTY ema-5~21: 22928.22~ 22900.71 | ACTIVE ema-5~21: 82.59~ 82.39 | INVERSE ema-5~21: 107.63~ 140.04 | CE ema-5~21: 82.59~ 82.39 | PE ema-5~21: 107.63~ 140.04 | TRADE ema-5~21: 82.59~ 82.39 | NIFTY ema-prev-5~21: 22924.19~ 22897.15 | ACTIVE ema-prev-5~21: 83.49~ 82.55 | INVERSE ema-prev-5~21: 109.89~ 143.73 | CE ema-prev-5~21: 83.49~ 82.55 | PE ema-prev-5~21: 109.89~ 143.73 | TRADE ema-prev-5~21: 83.49~ 82.55
APR-07 10:30 INFO     fund_manager.py:356   💚 HEARTBEAT [10:27:00 - 10:30:00] | active: NIFTY2640722950CE , inverse: NIFTY2640722950PE | State: NIFTY ema-5~21: 22933.37~ 22904.61 | ACTIVE ema-5~21: 82.59~ 82.41 | INVERSE ema-5~21: 104.88~ 136.34 | CE ema-5~21: 82.59~ 82.41 | PE ema-5~21: 104.88~ 136.34 | TRADE ema-5~21: 82.59~ 82.41 | NIFTY ema-prev-5~21: 22928.22~ 22900.71 | ACTIVE ema-prev-5~21: 82.59~ 82.39 | INVERSE ema-prev-5~21: 107.63~ 140.04 | CE ema-prev-5~21: 82.59~ 82.39 | PE ema-prev-5~21: 107.63~ 140.04 | TRADE ema-prev-5~21: 82.59~ 82.39
APR-07 10:33 INFO     fund_manager.py:356   💚 HEARTBEAT [10:30:00 - 10:33:00] | active: NIFTY2640722950CE , inverse: NIFTY2640722950PE | State: NIFTY ema-5~21: 22937.81~ 22908.44 | ACTIVE ema-5~21: 83.45~ 82.66 | INVERSE ema-5~21: 100.92~ 132.40 | CE ema-5~21: 83.45~ 82.66 | PE ema-5~21: 100.92~ 132.40 | TRADE ema-5~21: 83.45~ 82.66 | NIFTY ema-prev-5~21: 22933.37~ 22904.61 | ACTIVE ema-prev-5~21: 82.59~ 82.41 | INVERSE ema-prev-5~21: 104.88~ 136.34 | CE ema-prev-5~21: 82.59~ 82.41 | PE ema-prev-5~21: 104.88~ 136.34 | TRADE ema-prev-5~21: 82.59~ 82.41
APR-07 10:36 INFO     fund_manager.py:356   💚 HEARTBEAT [10:33:00 - 10:36:00] | active: NIFTY2640722950CE , inverse: NIFTY2640722950PE | State: NIFTY ema-5~21: 22928.51~ 22908.57 | ACTIVE ema-5~21: 83.85~ 82.84 | INVERSE ema-5~21: 97.95~ 128.73 | CE ema-5~21: 83.85~ 82.84 | PE ema-5~21: 97.95~ 128.73 | TRADE ema-5~21: 83.85~ 82.84 | NIFTY ema-prev-5~21: 22937.81~ 22908.44 | ACTIVE ema-prev-5~21: 83.45~ 82.66 | INVERSE ema-prev-5~21: 100.92~ 132.40 | CE ema-prev-5~21: 83.45~ 82.66 | PE ema-prev-5~21: 100.92~ 132.40 | TRADE ema-prev-5~21: 83.45~ 82.66
APR-07 10:39 INFO     fund_manager.py:356   💚 HEARTBEAT [10:36:00 - 10:39:00] | active: NIFTY2640722900CE , inverse: NIFTY2640722900PE | State: NIFTY ema-5~21: 22927.10~ 22910.00 | ACTIVE ema-5~21: 104.18~ 107.40 | INVERSE ema-5~21: 76.83~ 99.98 | CE ema-5~21: 104.18~ 107.40 | PE ema-5~21: 76.83~ 99.98 | TRADE ema-5~21: 104.18~ 107.40 | NIFTY ema-prev-5~21: 22928.51~ 22908.57 | ACTIVE ema-prev-5~21: 110.16~ 108.92 | INVERSE ema-prev-5~21: 73.95~ 101.72 | CE ema-prev-5~21: 110.16~ 108.92 | PE ema-prev-5~21: 73.95~ 101.72 | TRADE ema-prev-5~21: 110.16~ 108.92
APR-07 10:42 INFO     fund_manager.py:356   💚 HEARTBEAT [10:39:00 - 10:42:00] | active: NIFTY2640722900CE , inverse: NIFTY2640722900PE | State: NIFTY ema-5~21: 22936.55~ 22914.13 | ACTIVE ema-5~21: 102.70~ 106.71 | INVERSE ema-5~21: 77.20~ 97.98 | CE ema-5~21: 102.70~ 106.71 | PE ema-5~21: 77.20~ 97.98 | TRADE ema-5~21: 102.70~ 106.71 | NIFTY ema-prev-5~21: 22927.10~ 22910.00 | ACTIVE ema-prev-5~21: 104.18~ 107.40 | INVERSE ema-prev-5~21: 76.83~ 99.98 | CE ema-prev-5~21: 104.18~ 107.40 | PE ema-prev-5~21: 76.83~ 99.98 | TRADE ema-prev-5~21: 104.18~ 107.40
APR-07 10:42 INFO     fund_manager.py:514   ⭕ Signal: LONG (PYTHON: Triple Lock CALL Entry) | Time: 07-Apr 10:42 | Timeframe: 180s | State: NIFTY ema-5~21: 22936.55~ 22914.13 | ACTIVE ema-5~21: 108.68~ 107.98 | INVERSE ema-5~21: 72.89~ 94.91 | CE ema-5~21: 108.68~ 107.98 | PE ema-5~21: 72.89~ 94.91 | TRADE ema-5~21: 108.68~ 107.98 | NIFTY ema-prev-5~21: 22927.10~ 22910.00 | ACTIVE ema-prev-5~21: 102.70~ 106.71 | INVERSE ema-prev-5~21: 77.20~ 97.98 | CE ema-prev-5~21: 102.70~ 106.71 | PE ema-prev-5~21: 77.20~ 97.98 | TRADE ema-prev-5~21: 102.70~ 106.71
APR-07 10:42 INFO     position_manager.py:655   🔵 [07-APR-26 10:42] Entry | NIFTY2640722950CE | Purchased 33 lots(2145) @ 92.25 | Total: 197,876
APR-07 10:42 INFO     trade_event.py :49    ⭕ Signal: LONG (PYTHON: Triple Lock CALL Entry) | Time: 10:42:00 | Timeframe: 180s | State: NIFTY ema-5~21: 22936.55~ 22914.13 | ACTIVE ema-5~21: 108.68~ 107.98 | INVERSE ema-5~21: 72.89~ 94.91 | CE ema-5~21: 108.68~ 107.98 | PE ema-5~21: 72.89~ 94.91 | TRADE ema-5~21: 108.68~ 107.98 | NIFTY ema-prev-5~21: 22927.10~ 22910.00 | ACTIVE ema-prev-5~21: 102.70~ 106.71 | INVERSE ema-prev-5~21: 77.20~ 97.98 | CE ema-prev-5~21: 102.70~ 106.71 | PE ema-prev-5~21: 77.20~ 97.98 | TRADE ema-prev-5~21: 102.70~ 106.71
APR-07 10:42 INFO     position_manager.py:457   🤟 [07-APR 10:42] Break-Even Triggered! SL moved to Entry (92.25)
APR-07 10:42 INFO     trade_persistence.py:223   ✅ Session Summary saved for apr07-0920-triple-l5t-python in livetrade (0 cycles)
APR-07 10:42 INFO     position_manager.py:716   🟠 [07-APR-26 10:42] TARGET_1 Hit | NIFTY2640722950CE | Sold 16 lots(1040) @ 95.55 | Total: 99,372 | Action PnL: +3,431
APR-07 10:42 INFO     position_manager.py:759   🟢 [07-APR-26 10:42] Exit TSL_ID: trade-ema-5: 108.68 | NIFTY2640722950CE | Sold 17 lots(1105) @ 95.55 | Total: 105,582 | Action PnL: +3,646 | Cycle PnL: +7,078 | Session PnL: +7,078
APR-07 10:42 INFO     trade_persistence.py:223   ✅ Session Summary saved for apr07-0920-triple-l5t-python in livetrade (1 cycles)
APR-07 10:45 INFO     fund_manager.py:356   💚 HEARTBEAT [10:42:00 - 10:45:00] | active: NIFTY2640722950CE , inverse: NIFTY2640722950PE | State: NIFTY ema-5~21: 22943.99~ 22918.20 | ACTIVE ema-5~21: 82.18~ 81.90 | INVERSE ema-5~21: 97.11~ 121.35 | CE ema-5~21: 82.18~ 81.90 | PE ema-5~21: 97.11~ 121.35 | TRADE ema-5~21: 82.18~ 81.90 | NIFTY ema-prev-5~21: 22936.55~ 22914.13 | ACTIVE ema-prev-5~21: 77.28~ 80.89 | INVERSE ema-prev-5~21: 102.33~ 124.82 | CE ema-prev-5~21: 77.28~ 80.89 | PE ema-prev-5~21: 102.33~ 124.82 | TRADE ema-prev-5~21: 77.28~ 80.89
APR-07 10:48 INFO     fund_manager.py:356   💚 HEARTBEAT [10:45:00 - 10:48:00] | active: NIFTY2640722950CE , inverse: NIFTY2640722950PE | State: NIFTY ema-5~21: 22944.94~ 22920.80 | ACTIVE ema-5~21: 85.17~ 82.74 | INVERSE ema-5~21: 91.47~ 117.61 | CE ema-5~21: 85.17~ 82.74 | PE ema-5~21: 91.47~ 117.61 | TRADE ema-5~21: 85.17~ 82.74 | NIFTY ema-prev-5~21: 22943.99~ 22918.20 | ACTIVE ema-prev-5~21: 82.18~ 81.90 | INVERSE ema-prev-5~21: 97.11~ 121.35 | CE ema-prev-5~21: 82.18~ 81.90 | PE ema-prev-5~21: 97.11~ 121.35 | TRADE ema-prev-5~21: 82.18~ 81.90
APR-07 10:51 INFO     fund_manager.py:356   💚 HEARTBEAT [10:48:00 - 10:51:00] | active: NIFTY2640722950CE , inverse: NIFTY2640722950PE | State: NIFTY ema-5~21: 22940.66~ 22921.83 | ACTIVE ema-5~21: 84.37~ 82.74 | INVERSE ema-5~21: 89.86~ 114.80 | CE ema-5~21: 84.37~ 82.74 | PE ema-5~21: 89.86~ 114.80 | TRADE ema-5~21: 84.37~ 82.74 | NIFTY ema-prev-5~21: 22944.94~ 22920.80 | ACTIVE ema-prev-5~21: 85.17~ 82.74 | INVERSE ema-prev-5~21: 91.47~ 117.61 | CE ema-prev-5~21: 85.17~ 82.74 | PE ema-prev-5~21: 91.47~ 117.61 | TRADE ema-prev-5~21: 85.17~ 82.74
APR-07 10:54 INFO     fund_manager.py:356   💚 HEARTBEAT [10:51:00 - 10:54:00] | active: NIFTY2640722950CE , inverse: NIFTY2640722950PE | State: NIFTY ema-5~21: 22919.44~ 22917.76 | ACTIVE ema-5~21: 81.58~ 82.13 | INVERSE ema-5~21: 92.18~ 113.16 | CE ema-5~21: 81.58~ 82.13 | PE ema-5~21: 92.18~ 113.16 | TRADE ema-5~21: 81.58~ 82.13 | NIFTY ema-prev-5~21: 22940.66~ 22921.83 | ACTIVE ema-prev-5~21: 84.37~ 82.74 | INVERSE ema-prev-5~21: 89.86~ 114.80 | CE ema-prev-5~21: 84.37~ 82.74 | PE ema-prev-5~21: 89.86~ 114.80 | TRADE ema-prev-5~21: 84.37~ 82.74
APR-07 10:57 INFO     fund_manager.py:356   💚 HEARTBEAT [10:54:00 - 10:57:00] | active: NIFTY2640722900CE , inverse: NIFTY2640722900PE | State: NIFTY ema-5~21: 22901.51~ 22913.02 | ACTIVE ema-5~21: 98.30~ 105.72 | INVERSE ema-5~21: 78.66~ 88.60 | CE ema-5~21: 98.30~ 105.72 | PE ema-5~21: 78.66~ 88.60 | TRADE ema-5~21: 98.30~ 105.72 | NIFTY ema-prev-5~21: 22919.44~ 22917.76 | ACTIVE ema-prev-5~21: 108.24~ 108.45 | INVERSE ema-prev-5~21: 68.49~ 87.56 | CE ema-prev-5~21: 108.24~ 108.45 | PE ema-prev-5~21: 68.49~ 87.56 | TRADE ema-prev-5~21: 108.24~ 108.45
APR-07 11:00 INFO     fund_manager.py:356   💚 HEARTBEAT [10:57:00 - 11:00:00] | active: NIFTY2640722850CE , inverse: NIFTY2640722850PE | State: NIFTY ema-5~21: 22882.32~ 22906.74 | ACTIVE ema-5~21: 114.84~ 128.94 | INVERSE ema-5~21: 66.68~ 68.96 | CE ema-5~21: 114.84~ 128.94 | PE ema-5~21: 66.68~ 68.96 | TRADE ema-5~21: 114.84~ 128.94 | NIFTY ema-prev-5~21: 22901.51~ 22913.02 | ACTIVE ema-prev-5~21: 126.84~ 132.75 | INVERSE ema-prev-5~21: 58.36~ 67.53 | CE ema-prev-5~21: 126.84~ 132.75 | PE ema-prev-5~21: 58.36~ 67.53 | TRADE ema-prev-5~21: 126.84~ 132.75
APR-07 11:00 INFO     fund_manager.py:514   ⭕ Signal: SHORT (PYTHON: Triple Lock PUT Entry) | Time: 07-Apr 11:00 | Timeframe: 180s | State: NIFTY ema-5~21: 22882.32~ 22906.74 | ACTIVE ema-5~21: 103.06~ 124.44 | INVERSE ema-5~21: 74.87~ 70.99 | CE ema-5~21: 103.06~ 124.44 | PE ema-5~21: 74.87~ 70.99 | TRADE ema-5~21: 103.06~ 124.44 | NIFTY ema-prev-5~21: 22901.51~ 22913.02 | ACTIVE ema-prev-5~21: 114.84~ 128.94 | INVERSE ema-prev-5~21: 66.68~ 68.96 | CE ema-prev-5~21: 114.84~ 128.94 | PE ema-prev-5~21: 66.68~ 68.96 | TRADE ema-prev-5~21: 114.84~ 128.94
APR-07 11:00 INFO     position_manager.py:655   🔵 [07-APR-26 11:00] Entry | NIFTY2640722850PE | Purchased 33 lots(2145) @ 91.25 | Total: 195,731
APR-07 11:00 INFO     trade_event.py :49    ⭕ Signal: SHORT (PYTHON: Triple Lock PUT Entry) | Time: 11:00:00 | Timeframe: 180s | State: NIFTY ema-5~21: 22882.32~ 22906.74 | ACTIVE ema-5~21: 103.06~ 124.44 | INVERSE ema-5~21: 74.87~ 70.99 | CE ema-5~21: 103.06~ 124.44 | PE ema-5~21: 74.87~ 70.99 | TRADE ema-5~21: 103.06~ 124.44 | NIFTY ema-prev-5~21: 22901.51~ 22913.02 | ACTIVE ema-prev-5~21: 114.84~ 128.94 | INVERSE ema-prev-5~21: 66.68~ 68.96 | CE ema-prev-5~21: 114.84~ 128.94 | PE ema-prev-5~21: 66.68~ 68.96 | TRADE ema-prev-5~21: 114.84~ 128.94
APR-07 11:00 INFO     position_manager.py:457   🤟 [07-APR 11:00] Break-Even Triggered! SL moved to Entry (91.25)
APR-07 11:00 INFO     trade_persistence.py:223   ✅ Session Summary saved for apr07-0920-triple-l5t-python in livetrade (1 cycles)
APR-07 11:00 INFO     position_manager.py:716   🟠 [07-APR-26 11:00] TARGET_1 Hit | NIFTY2640722850PE | Sold 16 lots(1040) @ 95.75 | Total: 99,580 | Action PnL: +4,680
APR-07 11:00 INFO     position_manager.py:759   🟢 [07-APR-26 11:00] Exit TSL_PCT: 95.20 | NIFTY2640722850PE | Sold 17 lots(1105) @ 95.20 | Total: 105,196 | Action PnL: +4,364 | Cycle PnL: +9,044 | Session PnL: +16,123
APR-07 11:00 INFO     trade_persistence.py:223   ✅ Session Summary saved for apr07-0920-triple-l5t-python in livetrade (2 cycles)
APR-07 11:03 INFO     fund_manager.py:356   💚 HEARTBEAT [11:00:00 - 11:03:00] | active: NIFTY2640722850CE , inverse: NIFTY2640722850PE | State: NIFTY ema-5~21: 22871.45~ 22901.55 | ACTIVE ema-5~21: 103.06~ 124.44 | INVERSE ema-5~21: 74.87~ 70.99 | CE ema-5~21: 103.06~ 124.44 | PE ema-5~21: 74.87~ 70.99 | TRADE ema-5~21: 103.06~ 124.44 | NIFTY ema-prev-5~21: 22882.32~ 22906.74 | ACTIVE ema-prev-5~21: 114.84~ 128.94 | INVERSE ema-prev-5~21: 66.68~ 68.96 | CE ema-prev-5~21: 114.84~ 128.94 | PE ema-prev-5~21: 66.68~ 68.96 | TRADE ema-prev-5~21: 114.84~ 128.94
APR-07 11:06 INFO     fund_manager.py:356   💚 HEARTBEAT [11:03:00 - 11:06:00] | active: NIFTY2640722850CE , inverse: NIFTY2640722850PE | State: NIFTY ema-5~21: 22869.15~ 22898.19 | ACTIVE ema-5~21: 95.14~ 120.34 | INVERSE ema-5~21: 79.44~ 72.59 | CE ema-5~21: 95.14~ 120.34 | PE ema-5~21: 79.44~ 72.59 | TRADE ema-5~21: 95.14~ 120.34 | NIFTY ema-prev-5~21: 22871.45~ 22901.55 | ACTIVE ema-prev-5~21: 103.06~ 124.44 | INVERSE ema-prev-5~21: 74.87~ 70.99 | CE ema-prev-5~21: 103.06~ 124.44 | PE ema-prev-5~21: 74.87~ 70.99 | TRADE ema-prev-5~21: 103.06~ 124.44
APR-07 11:09 INFO     fund_manager.py:356   💚 HEARTBEAT [11:06:00 - 11:09:00] | active: NIFTY2640722850CE , inverse: NIFTY2640722850PE | State: NIFTY ema-5~21: 22874.38~ 22896.98 | ACTIVE ema-5~21: 93.31~ 117.55 | INVERSE ema-5~21: 78.41~ 72.93 | CE ema-5~21: 93.31~ 117.55 | PE ema-5~21: 78.41~ 72.93 | TRADE ema-5~21: 93.31~ 117.55 | NIFTY ema-prev-5~21: 22869.15~ 22898.19 | ACTIVE ema-prev-5~21: 95.14~ 120.34 | INVERSE ema-prev-5~21: 79.44~ 72.59 | CE ema-prev-5~21: 95.14~ 120.34 | PE ema-prev-5~21: 79.44~ 72.59 | TRADE ema-prev-5~21: 95.14~ 120.34
APR-07 11:12 INFO     fund_manager.py:356   💚 HEARTBEAT [11:09:00 - 11:12:00] | active: NIFTY2640722900CE , inverse: NIFTY2640722900PE | State: NIFTY ema-5~21: 22870.26~ 22893.80 | ACTIVE ema-5~21: 71.00~ 90.33 | INVERSE ema-5~21: 101.99~ 96.27 | CE ema-5~21: 71.00~ 90.33 | PE ema-5~21: 101.99~ 96.27 | TRADE ema-5~21: 71.00~ 90.33 | NIFTY ema-prev-5~21: 22874.38~ 22896.98 | ACTIVE ema-prev-5~21: 69.75~ 92.01 | INVERSE ema-prev-5~21: 105.03~ 96.30 | CE ema-prev-5~21: 69.75~ 92.01 | PE ema-prev-5~21: 105.03~ 96.30 | TRADE ema-prev-5~21: 69.75~ 92.01
APR-07 11:15 INFO     fund_manager.py:356   💚 HEARTBEAT [11:12:00 - 11:15:00] | active: NIFTY2640722850CE , inverse: NIFTY2640722850PE | State: NIFTY ema-5~21: 22867.67~ 22890.95 | ACTIVE ema-5~21: 91.60~ 112.98 | INVERSE ema-5~21: 76.57~ 73.20 | CE ema-5~21: 91.60~ 112.98 | PE ema-5~21: 76.57~ 73.20 | TRADE ema-5~21: 91.60~ 112.98 | NIFTY ema-prev-5~21: 22870.26~ 22893.80 | ACTIVE ema-prev-5~21: 94.92~ 115.79 | INVERSE ema-prev-5~21: 75.68~ 72.68 | CE ema-prev-5~21: 94.92~ 115.79 | PE ema-prev-5~21: 75.68~ 72.68 | TRADE ema-prev-5~21: 94.92~ 115.79
APR-07 11:18 INFO     fund_manager.py:356   💚 HEARTBEAT [11:15:00 - 11:18:00] | active: NIFTY2640722850CE , inverse: NIFTY2640722850PE | State: NIFTY ema-5~21: 22874.45~ 22890.68 | ACTIVE ema-5~21: 89.17~ 110.38 | INVERSE ema-5~21: 76.79~ 73.57 | CE ema-5~21: 89.17~ 110.38 | PE ema-5~21: 76.79~ 73.57 | TRADE ema-5~21: 89.17~ 110.38 | NIFTY ema-prev-5~21: 22867.67~ 22890.95 | ACTIVE ema-prev-5~21: 91.60~ 112.98 | INVERSE ema-prev-5~21: 76.57~ 73.20 | CE ema-prev-5~21: 91.60~ 112.98 | PE ema-prev-5~21: 76.57~ 73.20 | TRADE ema-prev-5~21: 91.60~ 112.98
APR-07 11:21 INFO     fund_manager.py:356   💚 HEARTBEAT [11:18:00 - 11:21:00] | active: NIFTY2640722900CE , inverse: NIFTY2640722900PE | State: NIFTY ema-5~21: 22880.63~ 22890.89 | ACTIVE ema-5~21: 67.49~ 84.07 | INVERSE ema-5~21: 98.97~ 97.03 | CE ema-5~21: 67.49~ 84.07 | PE ema-5~21: 98.97~ 97.03 | TRADE ema-5~21: 67.49~ 84.07 | NIFTY ema-prev-5~21: 22874.45~ 22890.68 | ACTIVE ema-prev-5~21: 66.04~ 85.43 | INVERSE ema-prev-5~21: 103.51~ 97.74 | CE ema-prev-5~21: 66.04~ 85.43 | PE ema-prev-5~21: 103.51~ 97.74 | TRADE ema-prev-5~21: 66.04~ 85.43
APR-07 11:24 INFO     fund_manager.py:356   💚 HEARTBEAT [11:21:00 - 11:24:00] | active: NIFTY2640722900CE , inverse: NIFTY2640722900PE | State: NIFTY ema-5~21: 22892.04~ 22893.07 | ACTIVE ema-5~21: 69.94~ 83.23 | INVERSE ema-5~21: 93.30~ 95.66 | CE ema-5~21: 69.94~ 83.23 | PE ema-5~21: 93.30~ 95.66 | TRADE ema-5~21: 69.94~ 83.23 | NIFTY ema-prev-5~21: 22880.63~ 22890.89 | ACTIVE ema-prev-5~21: 67.49~ 84.07 | INVERSE ema-prev-5~21: 98.97~ 97.03 | CE ema-prev-5~21: 67.49~ 84.07 | PE ema-prev-5~21: 98.97~ 97.03 | TRADE ema-prev-5~21: 67.49~ 84.07
APR-07 11:27 INFO     fund_manager.py:356   💚 HEARTBEAT [11:24:00 - 11:27:00] | active: NIFTY2640722900CE , inverse: NIFTY2640722900PE | State: NIFTY ema-5~21: 22905.56~ 22896.67 | ACTIVE ema-5~21: 76.01~ 83.68 | INVERSE ema-5~21: 85.93~ 93.43 | CE ema-5~21: 76.01~ 83.68 | PE ema-5~21: 85.93~ 93.43 | TRADE ema-5~21: 76.01~ 83.68 | NIFTY ema-prev-5~21: 22892.04~ 22893.07 | ACTIVE ema-prev-5~21: 69.94~ 83.23 | INVERSE ema-prev-5~21: 93.30~ 95.66 | CE ema-prev-5~21: 69.94~ 83.23 | PE ema-prev-5~21: 93.30~ 95.66 | TRADE ema-prev-5~21: 69.94~ 83.23
APR-07 11:30 INFO     fund_manager.py:356   💚 HEARTBEAT [11:27:00 - 11:30:00] | active: NIFTY2640722950CE , inverse: NIFTY2640722950PE | State: NIFTY ema-5~21: 22918.24~ 22900.93 | ACTIVE ema-5~21: 59.75~ 62.30 | INVERSE ema-5~21: 106.10~ 119.14 | CE ema-5~21: 59.75~ 62.30 | PE ema-5~21: 106.10~ 119.14 | TRADE ema-5~21: 59.75~ 62.30 | NIFTY ema-prev-5~21: 22905.56~ 22896.67 | ACTIVE ema-prev-5~21: 54.75~ 61.56 | INVERSE ema-prev-5~21: 114.58~ 122.14 | CE ema-prev-5~21: 54.75~ 61.56 | PE ema-prev-5~21: 114.58~ 122.14 | TRADE ema-prev-5~21: 54.75~ 61.56
APR-07 11:30 INFO     fund_manager.py:514   ⭕ Signal: LONG (PYTHON: Triple Lock CALL Entry) | Time: 07-Apr 11:30 | Timeframe: 180s | State: NIFTY ema-5~21: 22918.24~ 22900.93 | ACTIVE ema-5~21: 64.08~ 63.25 | INVERSE ema-5~21: 98.07~ 115.76 | CE ema-5~21: 64.08~ 63.25 | PE ema-5~21: 98.07~ 115.76 | TRADE ema-5~21: 64.08~ 63.25 | NIFTY ema-prev-5~21: 22905.56~ 22896.67 | ACTIVE ema-prev-5~21: 59.75~ 62.30 | INVERSE ema-prev-5~21: 106.10~ 119.14 | CE ema-prev-5~21: 59.75~ 62.30 | PE ema-prev-5~21: 106.10~ 119.14 | TRADE ema-prev-5~21: 59.75~ 62.30
APR-07 11:30 INFO     position_manager.py:655   🔵 [07-APR-26 11:30] Entry | NIFTY2640722950CE | Purchased 42 lots(2730) @ 72.75 | Total: 198,607
APR-07 11:30 INFO     trade_event.py :49    ⭕ Signal: LONG (PYTHON: Triple Lock CALL Entry) | Time: 11:30:00 | Timeframe: 180s | State: NIFTY ema-5~21: 22918.24~ 22900.93 | ACTIVE ema-5~21: 64.08~ 63.25 | INVERSE ema-5~21: 98.07~ 115.76 | CE ema-5~21: 64.08~ 63.25 | PE ema-5~21: 98.07~ 115.76 | TRADE ema-5~21: 64.08~ 63.25 | NIFTY ema-prev-5~21: 22905.56~ 22896.67 | ACTIVE ema-prev-5~21: 59.75~ 62.30 | INVERSE ema-prev-5~21: 106.10~ 119.14 | CE ema-prev-5~21: 59.75~ 62.30 | PE ema-prev-5~21: 106.10~ 119.14 | TRADE ema-prev-5~21: 59.75~ 62.30
APR-07 11:30 INFO     position_manager.py:759   🔴 [07-APR-26 11:30] Exit STOP_LOSS: 69.15 | NIFTY2640722950CE | Sold 42 lots(2730) @ 69.15 | Total: 188,779 | Action PnL: -9,827 | Cycle PnL: -9,827 | Session PnL: +6,295
APR-07 11:30 INFO     trade_persistence.py:223   ✅ Session Summary saved for apr07-0920-triple-l5t-python in livetrade (2 cycles)
APR-07 11:33 INFO     fund_manager.py:356   💚 HEARTBEAT [11:30:00 - 11:33:00] | active: NIFTY2640722950CE , inverse: NIFTY2640722950PE | State: NIFTY ema-5~21: 22926.18~ 22904.67 | ACTIVE ema-5~21: 64.08~ 63.25 | INVERSE ema-5~21: 98.07~ 115.76 | CE ema-5~21: 64.08~ 63.25 | PE ema-5~21: 98.07~ 115.76 | TRADE ema-5~21: 64.08~ 63.25 | NIFTY ema-prev-5~21: 22918.24~ 22900.93 | ACTIVE ema-prev-5~21: 59.75~ 62.30 | INVERSE ema-prev-5~21: 106.10~ 119.14 | CE ema-prev-5~21: 59.75~ 62.30 | PE ema-prev-5~21: 106.10~ 119.14 | TRADE ema-prev-5~21: 59.75~ 62.30
APR-07 11:36 INFO     fund_manager.py:356   💚 HEARTBEAT [11:33:00 - 11:36:00] | active: NIFTY2640722950CE , inverse: NIFTY2640722950PE | State: NIFTY ema-5~21: 22930.95~ 22907.93 | ACTIVE ema-5~21: 67.46~ 64.25 | INVERSE ema-5~21: 91.88~ 112.47 | CE ema-5~21: 67.46~ 64.25 | PE ema-5~21: 91.88~ 112.47 | TRADE ema-5~21: 67.46~ 64.25 | NIFTY ema-prev-5~21: 22926.18~ 22904.67 | ACTIVE ema-prev-5~21: 64.08~ 63.25 | INVERSE ema-prev-5~21: 98.07~ 115.76 | CE ema-prev-5~21: 64.08~ 63.25 | PE ema-prev-5~21: 98.07~ 115.76 | TRADE ema-prev-5~21: 64.08~ 63.25
APR-07 11:39 INFO     fund_manager.py:356   💚 HEARTBEAT [11:36:00 - 11:39:00] | active: NIFTY2640722950CE , inverse: NIFTY2640722950PE | State: NIFTY ema-5~21: 22938.53~ 22912.09 | ACTIVE ema-5~21: 69.07~ 64.98 | INVERSE ema-5~21: 88.37~ 109.64 | CE ema-5~21: 69.07~ 64.98 | PE ema-5~21: 88.37~ 109.64 | TRADE ema-5~21: 69.07~ 64.98 | NIFTY ema-prev-5~21: 22930.95~ 22907.93 | ACTIVE ema-prev-5~21: 67.46~ 64.25 | INVERSE ema-prev-5~21: 91.88~ 112.47 | CE ema-prev-5~21: 67.46~ 64.25 | PE ema-prev-5~21: 91.88~ 112.47 | TRADE ema-prev-5~21: 67.46~ 64.25
APR-07 11:42 INFO     fund_manager.py:356   💚 HEARTBEAT [11:39:00 - 11:42:00] | active: NIFTY2640722950CE , inverse: NIFTY2640722950PE | State: NIFTY ema-5~21: 22934.54~ 22913.40 | ACTIVE ema-5~21: 72.80~ 66.37 | INVERSE ema-5~21: 82.98~ 106.23 | CE ema-5~21: 72.80~ 66.37 | PE ema-5~21: 82.98~ 106.23 | TRADE ema-5~21: 72.80~ 66.37 | NIFTY ema-prev-5~21: 22938.53~ 22912.09 | ACTIVE ema-prev-5~21: 69.07~ 64.98 | INVERSE ema-prev-5~21: 88.37~ 109.64 | CE ema-prev-5~21: 69.07~ 64.98 | PE ema-prev-5~21: 88.37~ 109.64 | TRADE ema-prev-5~21: 69.07~ 64.98
APR-07 11:45 INFO     fund_manager.py:356   💚 HEARTBEAT [11:42:00 - 11:45:00] | active: NIFTY2640722950CE , inverse: NIFTY2640722950PE | State: NIFTY ema-5~21: 22930.11~ 22914.12 | ACTIVE ema-5~21: 66.94~ 65.70 | INVERSE ema-5~21: 86.63~ 103.30 | CE ema-5~21: 66.94~ 65.70 | PE ema-5~21: 86.63~ 103.30 | TRADE ema-5~21: 66.94~ 65.70 | NIFTY ema-prev-5~21: 22934.54~ 22913.40 | ACTIVE ema-prev-5~21: 69.96~ 66.18 | INVERSE ema-prev-5~21: 84.52~ 104.54 | CE ema-prev-5~21: 69.96~ 66.18 | PE ema-prev-5~21: 84.52~ 104.54 | TRADE ema-prev-5~21: 69.96~ 66.18
APR-07 11:48 INFO     fund_manager.py:356   💚 HEARTBEAT [11:45:00 - 11:48:00] | active: NIFTY2640722900CE , inverse: NIFTY2640722900PE | State: NIFTY ema-5~21: 22922.82~ 22913.58 | ACTIVE ema-5~21: 92.49~ 89.82 | INVERSE ema-5~21: 62.41~ 77.10 | CE ema-5~21: 92.49~ 89.82 | PE ema-5~21: 62.41~ 77.10 | TRADE ema-5~21: 92.49~ 89.82 | NIFTY ema-prev-5~21: 22930.11~ 22914.12 | ACTIVE ema-prev-5~21: 96.36~ 90.33 | INVERSE ema-prev-5~21: 60.74~ 78.23 | CE ema-prev-5~21: 96.36~ 90.33 | PE ema-prev-5~21: 60.74~ 78.23 | TRADE ema-prev-5~21: 96.36~ 90.33
APR-07 11:51 INFO     fund_manager.py:356   💚 HEARTBEAT [11:48:00 - 11:51:00] | active: NIFTY2640722900CE , inverse: NIFTY2640722900PE | State: NIFTY ema-5~21: 22921.47~ 22914.05 | ACTIVE ema-5~21: 87.71~ 88.76 | INVERSE ema-5~21: 65.79~ 76.68 | CE ema-5~21: 87.71~ 88.76 | PE ema-5~21: 65.79~ 76.68 | TRADE ema-5~21: 87.71~ 88.76 | NIFTY ema-prev-5~21: 22922.82~ 22913.58 | ACTIVE ema-prev-5~21: 92.49~ 89.82 | INVERSE ema-prev-5~21: 62.41~ 77.10 | CE ema-prev-5~21: 92.49~ 89.82 | PE ema-prev-5~21: 62.41~ 77.10 | TRADE ema-prev-5~21: 92.49~ 89.82
APR-07 11:54 INFO     fund_manager.py:356   💚 HEARTBEAT [11:51:00 - 11:54:00] | active: NIFTY2640722900CE , inverse: NIFTY2640722900PE | State: NIFTY ema-5~21: 22924.61~ 22915.58 | ACTIVE ema-5~21: 85.14~ 87.97 | INVERSE ema-5~21: 66.44~ 75.87 | CE ema-5~21: 85.14~ 87.97 | PE ema-5~21: 66.44~ 75.87 | TRADE ema-5~21: 85.14~ 87.97 | NIFTY ema-prev-5~21: 22921.47~ 22914.05 | ACTIVE ema-prev-5~21: 87.71~ 88.76 | INVERSE ema-prev-5~21: 65.79~ 76.68 | CE ema-prev-5~21: 87.71~ 88.76 | PE ema-prev-5~21: 65.79~ 76.68 | TRADE ema-prev-5~21: 87.71~ 88.76
APR-07 11:57 INFO     fund_manager.py:356   💚 HEARTBEAT [11:54:00 - 11:57:00] | active: NIFTY2640722950CE , inverse: NIFTY2640722950PE | State: NIFTY ema-5~21: 22943.81~ 22921.64 | ACTIVE ema-5~21: 61.82~ 63.98 | INVERSE ema-5~21: 89.67~ 100.58 | CE ema-5~21: 61.82~ 63.98 | PE ema-5~21: 89.67~ 100.58 | TRADE ema-5~21: 61.82~ 63.98 | NIFTY ema-prev-5~21: 22924.61~ 22915.58 | ACTIVE ema-prev-5~21: 60.96~ 64.03 | INVERSE ema-prev-5~21: 91.85~ 102.11 | CE ema-prev-5~21: 60.96~ 64.03 | PE ema-prev-5~21: 91.85~ 102.11 | TRADE ema-prev-5~21: 60.96~ 64.03
APR-07 11:57 INFO     fund_manager.py:514   ⭕ Signal: LONG (PYTHON: Triple Lock CALL Entry) | Time: 07-Apr 11:57 | Timeframe: 180s | State: NIFTY ema-5~21: 22943.81~ 22921.64 | ACTIVE ema-5~21: 73.48~ 66.97 | INVERSE ema-5~21: 80.05~ 96.96 | CE ema-5~21: 73.48~ 66.97 | PE ema-5~21: 80.05~ 96.96 | TRADE ema-5~21: 73.48~ 66.97 | NIFTY ema-prev-5~21: 22924.61~ 22915.58 | ACTIVE ema-prev-5~21: 61.82~ 63.98 | INVERSE ema-prev-5~21: 89.67~ 100.58 | CE ema-prev-5~21: 61.82~ 63.98 | PE ema-prev-5~21: 89.67~ 100.58 | TRADE ema-prev-5~21: 61.82~ 63.98
APR-07 11:57 INFO     position_manager.py:655   🔵 [07-APR-26 11:57] Entry | NIFTY2640723000CE | Purchased 43 lots(2795) @ 71.20 | Total: 199,004
APR-07 11:57 INFO     trade_event.py :49    ⭕ Signal: LONG (PYTHON: Triple Lock CALL Entry) | Time: 11:57:00 | Timeframe: 180s | State: NIFTY ema-5~21: 22943.81~ 22921.64 | ACTIVE ema-5~21: 73.48~ 66.97 | INVERSE ema-5~21: 80.05~ 96.96 | CE ema-5~21: 73.48~ 66.97 | PE ema-5~21: 80.05~ 96.96 | TRADE ema-5~21: 73.48~ 66.97 | NIFTY ema-prev-5~21: 22924.61~ 22915.58 | ACTIVE ema-prev-5~21: 61.82~ 63.98 | INVERSE ema-prev-5~21: 89.67~ 100.58 | CE ema-prev-5~21: 61.82~ 63.98 | PE ema-prev-5~21: 89.67~ 100.58 | TRADE ema-prev-5~21: 61.82~ 63.98
APR-07 11:57 INFO     position_manager.py:457   🤟 [07-APR 11:57] Break-Even Triggered! SL moved to Entry (71.2)
APR-07 11:57 INFO     trade_persistence.py:223   ✅ Session Summary saved for apr07-0920-triple-l5t-python in livetrade (3 cycles)
APR-07 11:57 INFO     position_manager.py:716   🟠 [07-APR-26 11:57] TARGET_1 Hit | NIFTY2640723000CE | Sold 21 lots(1365) @ 73.50 | Total: 100,327 | Action PnL: +3,139
APR-07 11:57 INFO     position_manager.py:759   🟢 [07-APR-26 11:57] Exit TSL_PCT: 72.30 | NIFTY2640723000CE | Sold 22 lots(1430) @ 72.30 | Total: 103,389 | Action PnL: +1,572 | Cycle PnL: +4,712 | Session PnL: +11,007
APR-07 11:57 INFO     trade_persistence.py:223   ✅ Session Summary saved for apr07-0920-triple-l5t-python in livetrade (4 cycles)
APR-07 12:00 INFO     fund_manager.py:356   💚 HEARTBEAT [11:57:00 - 12:00:00] | active: NIFTY2640723000CE , inverse: NIFTY2640723000PE | State: NIFTY ema-5~21: 22957.44~ 22927.37 | ACTIVE ema-5~21: 52.55~ 48.01 | INVERSE ema-5~21: 109.73~ 128.20 | CE ema-5~21: 52.55~ 48.01 | PE ema-5~21: 109.73~ 128.20 | TRADE ema-5~21: 52.55~ 48.01 | NIFTY ema-prev-5~21: 22943.81~ 22921.64 | ACTIVE ema-prev-5~21: 43.22~ 45.69 | INVERSE ema-prev-5~21: 121.54~ 132.41 | CE ema-prev-5~21: 43.22~ 45.69 | PE ema-prev-5~21: 121.54~ 132.41 | TRADE ema-prev-5~21: 43.22~ 45.69
APR-07 12:03 INFO     fund_manager.py:356   💚 HEARTBEAT [12:00:00 - 12:03:00] | active: NIFTY2640723000CE , inverse: NIFTY2640723000PE | State: NIFTY ema-5~21: 22957.16~ 22930.03 | ACTIVE ema-5~21: 58.85~ 50.14 | INVERSE ema-5~21: 98.65~ 123.50 | CE ema-5~21: 58.85~ 50.14 | PE ema-5~21: 98.65~ 123.50 | TRADE ema-5~21: 58.85~ 50.14 | NIFTY ema-prev-5~21: 22957.44~ 22927.37 | ACTIVE ema-prev-5~21: 52.55~ 48.01 | INVERSE ema-prev-5~21: 109.73~ 128.20 | CE ema-prev-5~21: 52.55~ 48.01 | PE ema-prev-5~21: 109.73~ 128.20 | TRADE ema-prev-5~21: 52.55~ 48.01
APR-07 12:06 INFO     fund_manager.py:356   💚 HEARTBEAT [12:03:00 - 12:06:00] | active: NIFTY2640722950CE , inverse: NIFTY2640722950PE | State: NIFTY ema-5~21: 22949.89~ 22930.51 | ACTIVE ema-5~21: 80.89~ 70.66 | INVERSE ema-5~21: 68.66~ 90.32 | CE ema-5~21: 80.89~ 70.66 | PE ema-5~21: 68.66~ 90.32 | TRADE ema-5~21: 80.89~ 70.66 | NIFTY ema-prev-5~21: 22957.16~ 22930.03 | ACTIVE ema-prev-5~21: 81.70~ 69.80 | INVERSE ema-prev-5~21: 70.91~ 92.93 | CE ema-prev-5~21: 81.70~ 69.80 | PE ema-prev-5~21: 70.91~ 92.93 | TRADE ema-prev-5~21: 81.70~ 69.80
APR-07 12:09 INFO     fund_manager.py:356   💚 HEARTBEAT [12:06:00 - 12:09:00] | active: NIFTY2640722950CE , inverse: NIFTY2640722950PE | State: NIFTY ema-5~21: 22947.74~ 22931.69 | ACTIVE ema-5~21: 76.14~ 70.30 | INVERSE ema-5~21: 72.14~ 89.30 | CE ema-5~21: 76.14~ 70.30 | PE ema-5~21: 72.14~ 89.30 | TRADE ema-5~21: 76.14~ 70.30 | NIFTY ema-prev-5~21: 22949.89~ 22930.51 | ACTIVE ema-prev-5~21: 80.89~ 70.66 | INVERSE ema-prev-5~21: 68.66~ 90.32 | CE ema-prev-5~21: 80.89~ 70.66 | PE ema-prev-5~21: 68.66~ 90.32 | TRADE ema-prev-5~21: 80.89~ 70.66
APR-07 12:12 INFO     fund_manager.py:356   💚 HEARTBEAT [12:09:00 - 12:12:00] | active: NIFTY2640722950CE , inverse: NIFTY2640722950PE | State: NIFTY ema-5~21: 22938.73~ 22930.69 | ACTIVE ema-5~21: 73.56~ 70.12 | INVERSE ema-5~21: 73.58~ 88.13 | CE ema-5~21: 73.56~ 70.12 | PE ema-5~21: 73.58~ 88.13 | TRADE ema-5~21: 73.56~ 70.12 | NIFTY ema-prev-5~21: 22947.74~ 22931.69 | ACTIVE ema-prev-5~21: 76.14~ 70.30 | INVERSE ema-prev-5~21: 72.14~ 89.30 | CE ema-prev-5~21: 76.14~ 70.30 | PE ema-prev-5~21: 72.14~ 89.30 | TRADE ema-prev-5~21: 76.14~ 70.30
APR-07 12:15 INFO     fund_manager.py:356   💚 HEARTBEAT [12:12:00 - 12:15:00] | active: NIFTY2640722900CE , inverse: NIFTY2640722900PE | State: NIFTY ema-5~21: 22940.00~ 22931.77 | ACTIVE ema-5~21: 93.32~ 94.22 | INVERSE ema-5~21: 55.10~ 63.90 | CE ema-5~21: 93.32~ 94.22 | PE ema-5~21: 55.10~ 63.90 | TRADE ema-5~21: 93.32~ 94.22 | NIFTY ema-prev-5~21: 22938.73~ 22930.69 | ACTIVE ema-prev-5~21: 100.58~ 95.76 | INVERSE ema-prev-5~21: 51.28~ 64.02 | CE ema-prev-5~21: 100.58~ 95.76 | PE ema-prev-5~21: 51.28~ 64.02 | TRADE ema-prev-5~21: 100.58~ 95.76
APR-07 12:18 INFO     fund_manager.py:356   💚 HEARTBEAT [12:15:00 - 12:18:00] | active: NIFTY2640722950CE , inverse: NIFTY2640722950PE | State: NIFTY ema-5~21: 22939.40~ 22932.35 | ACTIVE ema-5~21: 66.95~ 68.53 | INVERSE ema-5~21: 78.14~ 87.19 | CE ema-5~21: 66.95~ 68.53 | PE ema-5~21: 78.14~ 87.19 | TRADE ema-5~21: 66.95~ 68.53 | NIFTY ema-prev-5~21: 22940.00~ 22931.77 | ACTIVE ema-prev-5~21: 67.61~ 68.81 | INVERSE ema-prev-5~21: 78.67~ 88.20 | CE ema-prev-5~21: 67.61~ 68.81 | PE ema-prev-5~21: 78.67~ 88.20 | TRADE ema-prev-5~21: 67.61~ 68.81
APR-07 12:21 INFO     fund_manager.py:356   💚 HEARTBEAT [12:18:00 - 12:21:00] | active: NIFTY2640722950CE , inverse: NIFTY2640722950PE | State: NIFTY ema-5~21: 22936.47~ 22932.19 | ACTIVE ema-5~21: 65.44~ 67.97 | INVERSE ema-5~21: 77.83~ 86.28 | CE ema-5~21: 65.44~ 67.97 | PE ema-5~21: 77.83~ 86.28 | TRADE ema-5~21: 65.44~ 67.97 | NIFTY ema-prev-5~21: 22939.40~ 22932.35 | ACTIVE ema-prev-5~21: 66.95~ 68.53 | INVERSE ema-prev-5~21: 78.14~ 87.19 | CE ema-prev-5~21: 66.95~ 68.53 | PE ema-prev-5~21: 78.14~ 87.19 | TRADE ema-prev-5~21: 66.95~ 68.53
APR-07 12:24 INFO     fund_manager.py:356   💚 HEARTBEAT [12:21:00 - 12:24:00] | active: NIFTY2640722950CE , inverse: NIFTY2640722950PE | State: NIFTY ema-5~21: 22926.75~ 22929.93 | ACTIVE ema-5~21: 62.91~ 67.05 | INVERSE ema-5~21: 78.90~ 85.80 | CE ema-5~21: 62.91~ 67.05 | PE ema-5~21: 78.90~ 85.80 | TRADE ema-5~21: 62.91~ 67.05 | NIFTY ema-prev-5~21: 22936.47~ 22932.19 | ACTIVE ema-prev-5~21: 65.44~ 67.97 | INVERSE ema-prev-5~21: 77.83~ 86.28 | CE ema-prev-5~21: 65.44~ 67.97 | PE ema-prev-5~21: 77.83~ 86.28 | TRADE ema-prev-5~21: 65.44~ 67.97
APR-07 12:27 INFO     fund_manager.py:356   💚 HEARTBEAT [12:24:00 - 12:27:00] | active: NIFTY2640722900CE , inverse: NIFTY2640722900PE | State: NIFTY ema-5~21: 22921.93~ 22928.33 | ACTIVE ema-5~21: 82.83~ 90.61 | INVERSE ema-5~21: 58.84~ 61.99 | CE ema-5~21: 82.83~ 90.61 | PE ema-5~21: 58.84~ 61.99 | TRADE ema-5~21: 82.83~ 90.61 | NIFTY ema-prev-5~21: 22926.75~ 22929.93 | ACTIVE ema-prev-5~21: 88.57~ 92.53 | INVERSE ema-prev-5~21: 54.61~ 61.46 | CE ema-prev-5~21: 88.57~ 92.53 | PE ema-prev-5~21: 54.61~ 61.46 | TRADE ema-prev-5~21: 88.57~ 92.53
APR-07 12:30 INFO     fund_manager.py:356   💚 HEARTBEAT [12:27:00 - 12:30:00] | active: NIFTY2640722900CE , inverse: NIFTY2640722900PE | State: NIFTY ema-5~21: 22922.87~ 22928.00 | ACTIVE ema-5~21: 80.14~ 89.16 | INVERSE ema-5~21: 60.59~ 62.19 | CE ema-5~21: 80.14~ 89.16 | PE ema-5~21: 60.59~ 62.19 | TRADE ema-5~21: 80.14~ 89.16 | NIFTY ema-prev-5~21: 22921.93~ 22928.33 | ACTIVE ema-prev-5~21: 82.83~ 90.61 | INVERSE ema-prev-5~21: 58.84~ 61.99 | CE ema-prev-5~21: 82.83~ 90.61 | PE ema-prev-5~21: 58.84~ 61.99 | TRADE ema-prev-5~21: 82.83~ 90.61
APR-07 12:33 INFO     fund_manager.py:356   💚 HEARTBEAT [12:30:00 - 12:33:00] | active: NIFTY2640722900CE , inverse: NIFTY2640722900PE | State: NIFTY ema-5~21: 22927.01~ 22928.67 | ACTIVE ema-5~21: 80.97~ 88.57 | INVERSE ema-5~21: 59.65~ 61.78 | CE ema-5~21: 80.97~ 88.57 | PE ema-5~21: 59.65~ 61.78 | TRADE ema-5~21: 80.97~ 88.57 | NIFTY ema-prev-5~21: 22922.87~ 22928.00 | ACTIVE ema-prev-5~21: 80.14~ 89.16 | INVERSE ema-prev-5~21: 60.59~ 62.19 | CE ema-prev-5~21: 80.14~ 89.16 | PE ema-prev-5~21: 60.59~ 62.19 | TRADE ema-prev-5~21: 80.14~ 89.16
APR-07 12:36 INFO     fund_manager.py:356   💚 HEARTBEAT [12:33:00 - 12:36:00] | active: NIFTY2640722950CE , inverse: NIFTY2640722950PE | State: NIFTY ema-5~21: 22930.43~ 22929.45 | ACTIVE ema-5~21: 58.16~ 63.36 | INVERSE ema-5~21: 82.00~ 85.63 | CE ema-5~21: 58.16~ 63.36 | PE ema-5~21: 82.00~ 85.63 | TRADE ema-5~21: 58.16~ 63.36 | NIFTY ema-prev-5~21: 22927.01~ 22928.67 | ACTIVE ema-prev-5~21: 56.71~ 63.59 | INVERSE ema-prev-5~21: 85.15~ 86.62 | CE ema-prev-5~21: 56.71~ 63.59 | PE ema-prev-5~21: 85.15~ 86.62 | TRADE ema-prev-5~21: 56.71~ 63.59
APR-07 12:39 INFO     fund_manager.py:356   💚 HEARTBEAT [12:36:00 - 12:39:00] | active: NIFTY2640722950CE , inverse: NIFTY2640722950PE | State: NIFTY ema-5~21: 22932.22~ 22930.02 | ACTIVE ema-5~21: 59.46~ 63.24 | INVERSE ema-5~21: 79.15~ 84.52 | CE ema-5~21: 59.46~ 63.24 | PE ema-5~21: 79.15~ 84.52 | TRADE ema-5~21: 59.46~ 63.24 | NIFTY ema-prev-5~21: 22930.43~ 22929.45 | ACTIVE ema-prev-5~21: 58.16~ 63.36 | INVERSE ema-prev-5~21: 82.00~ 85.63 | CE ema-prev-5~21: 58.16~ 63.36 | PE ema-prev-5~21: 82.00~ 85.63 | TRADE ema-prev-5~21: 58.16~ 63.36
APR-07 12:42 INFO     fund_manager.py:356   💚 HEARTBEAT [12:39:00 - 12:42:00] | active: NIFTY2640722950CE , inverse: NIFTY2640722950PE | State: NIFTY ema-5~21: 22936.61~ 22931.42 | ACTIVE ema-5~21: 60.72~ 62.99 | INVERSE ema-5~21: 74.41~ 82.14 | CE ema-5~21: 60.72~ 62.99 | PE ema-5~21: 74.41~ 82.14 | TRADE ema-5~21: 60.72~ 62.99 | NIFTY ema-prev-5~21: 22932.22~ 22930.02 | ACTIVE ema-prev-5~21: 60.29~ 63.12 | INVERSE ema-prev-5~21: 76.82~ 83.40 | CE ema-prev-5~21: 60.29~ 63.12 | PE ema-prev-5~21: 76.82~ 83.40 | TRADE ema-prev-5~21: 60.29~ 63.12
APR-07 12:45 INFO     fund_manager.py:356   💚 HEARTBEAT [12:42:00 - 12:45:00] | active: NIFTY2640722950CE , inverse: NIFTY2640722950PE | State: NIFTY ema-5~21: 22939.76~ 22932.75 | ACTIVE ema-5~21: 60.72~ 62.99 | INVERSE ema-5~21: 74.41~ 82.14 | CE ema-5~21: 60.72~ 62.99 | PE ema-5~21: 74.41~ 82.14 | TRADE ema-5~21: 60.72~ 62.99 | NIFTY ema-prev-5~21: 22936.61~ 22931.42 | ACTIVE ema-prev-5~21: 60.29~ 63.12 | INVERSE ema-prev-5~21: 76.82~ 83.40 | CE ema-prev-5~21: 60.29~ 63.12 | PE ema-prev-5~21: 76.82~ 83.40 | TRADE ema-prev-5~21: 60.29~ 63.12
APR-07 12:48 INFO     fund_manager.py:356   💚 HEARTBEAT [12:45:00 - 12:48:00] | active: NIFTY2640722950CE , inverse: NIFTY2640722950PE | State: NIFTY ema-5~21: 22939.51~ 22933.32 | ACTIVE ema-5~21: 61.97~ 63.12 | INVERSE ema-5~21: 70.52~ 80.38 | CE ema-5~21: 61.97~ 63.12 | PE ema-5~21: 70.52~ 80.38 | TRADE ema-5~21: 61.97~ 63.12 | NIFTY ema-prev-5~21: 22939.76~ 22932.75 | ACTIVE ema-prev-5~21: 60.72~ 62.99 | INVERSE ema-prev-5~21: 74.41~ 82.14 | CE ema-prev-5~21: 60.72~ 62.99 | PE ema-prev-5~21: 74.41~ 82.14 | TRADE ema-prev-5~21: 60.72~ 62.99
APR-07 12:51 INFO     fund_manager.py:356   💚 HEARTBEAT [12:48:00 - 12:51:00] | active: NIFTY2640722950CE , inverse: NIFTY2640722950PE | State: NIFTY ema-5~21: 22942.65~ 22934.74 | ACTIVE ema-5~21: 61.79~ 62.97 | INVERSE ema-5~21: 69.62~ 79.24 | CE ema-5~21: 61.79~ 62.97 | PE ema-5~21: 69.62~ 79.24 | TRADE ema-5~21: 61.79~ 62.97 | NIFTY ema-prev-5~21: 22939.51~ 22933.32 | ACTIVE ema-prev-5~21: 61.97~ 63.12 | INVERSE ema-prev-5~21: 70.52~ 80.38 | CE ema-prev-5~21: 61.97~ 63.12 | PE ema-prev-5~21: 70.52~ 80.38 | TRADE ema-prev-5~21: 61.97~ 63.12
APR-07 12:54 INFO     fund_manager.py:356   💚 HEARTBEAT [12:51:00 - 12:54:00] | active: NIFTY2640722950CE , inverse: NIFTY2640722950PE | State: NIFTY ema-5~21: 22941.42~ 22935.12 | ACTIVE ema-5~21: 61.95~ 62.90 | INVERSE ema-5~21: 69.41~ 78.31 | CE ema-5~21: 61.95~ 62.90 | PE ema-5~21: 69.41~ 78.31 | TRADE ema-5~21: 61.95~ 62.90 | NIFTY ema-prev-5~21: 22942.65~ 22934.74 | ACTIVE ema-prev-5~21: 61.79~ 62.97 | INVERSE ema-prev-5~21: 69.62~ 79.24 | CE ema-prev-5~21: 61.79~ 62.97 | PE ema-prev-5~21: 69.62~ 79.24 | TRADE ema-prev-5~21: 61.79~ 62.97
APR-07 12:57 INFO     fund_manager.py:356   💚 HEARTBEAT [12:54:00 - 12:57:00] | active: NIFTY2640722950CE , inverse: NIFTY2640722950PE | State: NIFTY ema-5~21: 22937.83~ 22934.72 | ACTIVE ema-5~21: 60.16~ 62.33 | INVERSE ema-5~21: 69.54~ 77.53 | CE ema-5~21: 60.16~ 62.33 | PE ema-5~21: 69.54~ 77.53 | TRADE ema-5~21: 60.16~ 62.33 | NIFTY ema-prev-5~21: 22941.42~ 22935.12 | ACTIVE ema-prev-5~21: 61.95~ 62.90 | INVERSE ema-prev-5~21: 69.41~ 78.31 | CE ema-prev-5~21: 61.95~ 62.90 | PE ema-prev-5~21: 69.41~ 78.31 | TRADE ema-prev-5~21: 61.95~ 62.90
APR-07 13:00 INFO     fund_manager.py:356   💚 HEARTBEAT [12:57:00 - 13:00:00] | active: NIFTY2640722950CE , inverse: NIFTY2640722950PE | State: NIFTY ema-5~21: 22930.52~ 22933.01 | ACTIVE ema-5~21: 57.16~ 61.31 | INVERSE ema-5~21: 70.33~ 77.02 | CE ema-5~21: 57.16~ 61.31 | PE ema-5~21: 70.33~ 77.02 | TRADE ema-5~21: 57.16~ 61.31 | NIFTY ema-prev-5~21: 22937.83~ 22934.72 | ACTIVE ema-prev-5~21: 60.16~ 62.33 | INVERSE ema-prev-5~21: 69.54~ 77.53 | CE ema-prev-5~21: 60.16~ 62.33 | PE ema-prev-5~21: 69.54~ 77.53 | TRADE ema-prev-5~21: 60.16~ 62.33
APR-07 13:03 INFO     fund_manager.py:356   💚 HEARTBEAT [13:00:00 - 13:03:00] | active: NIFTY2640722900CE , inverse: NIFTY2640722900PE | State: NIFTY ema-5~21: 22930.51~ 22932.78 | ACTIVE ema-5~21: 77.67~ 85.21 | INVERSE ema-5~21: 49.71~ 53.43 | CE ema-5~21: 77.67~ 85.21 | PE ema-5~21: 49.71~ 53.43 | TRADE ema-5~21: 77.67~ 85.21 | NIFTY ema-prev-5~21: 22930.52~ 22933.01 | ACTIVE ema-prev-5~21: 83.30~ 87.10 | INVERSE ema-prev-5~21: 47.23~ 53.30 | CE ema-prev-5~21: 83.30~ 87.10 | PE ema-prev-5~21: 47.23~ 53.30 | TRADE ema-prev-5~21: 83.30~ 87.10
APR-07 13:06 INFO     fund_manager.py:356   💚 HEARTBEAT [13:03:00 - 13:06:00] | active: NIFTY2640722950CE , inverse: NIFTY2640722950PE | State: NIFTY ema-5~21: 22929.18~ 22932.21 | ACTIVE ema-5~21: 51.61~ 58.77 | INVERSE ema-5~21: 73.11~ 76.87 | CE ema-5~21: 51.61~ 58.77 | PE ema-5~21: 73.11~ 76.87 | TRADE ema-5~21: 51.61~ 58.77 | NIFTY ema-prev-5~21: 22930.51~ 22932.78 | ACTIVE ema-prev-5~21: 52.44~ 59.65 | INVERSE ema-prev-5~21: 74.12~ 77.45 | CE ema-prev-5~21: 52.44~ 59.65 | PE ema-prev-5~21: 74.12~ 77.45 | TRADE ema-prev-5~21: 52.44~ 59.65
APR-07 13:09 INFO     fund_manager.py:356   💚 HEARTBEAT [13:06:00 - 13:09:00] | active: NIFTY2640722950CE , inverse: NIFTY2640722950PE | State: NIFTY ema-5~21: 22925.80~ 22931.01 | ACTIVE ema-5~21: 49.84~ 57.63 | INVERSE ema-5~21: 72.09~ 76.25 | CE ema-5~21: 49.84~ 57.63 | PE ema-5~21: 72.09~ 76.25 | TRADE ema-5~21: 49.84~ 57.63 | NIFTY ema-prev-5~21: 22929.18~ 22932.21 | ACTIVE ema-prev-5~21: 51.61~ 58.77 | INVERSE ema-prev-5~21: 73.11~ 76.87 | CE ema-prev-5~21: 51.61~ 58.77 | PE ema-prev-5~21: 73.11~ 76.87 | TRADE ema-prev-5~21: 51.61~ 58.77
APR-07 13:12 INFO     fund_manager.py:356   💚 HEARTBEAT [13:09:00 - 13:12:00] | active: NIFTY2640722900CE , inverse: NIFTY2640722900PE | State: NIFTY ema-5~21: 22926.38~ 22930.70 | ACTIVE ema-5~21: 72.40~ 81.68 | INVERSE ema-5~21: 48.81~ 52.07 | CE ema-5~21: 72.40~ 81.68 | PE ema-5~21: 48.81~ 52.07 | TRADE ema-5~21: 72.40~ 81.68 | NIFTY ema-prev-5~21: 22925.80~ 22931.01 | ACTIVE ema-prev-5~21: 75.15~ 83.16 | INVERSE ema-prev-5~21: 47.66~ 52.16 | CE ema-prev-5~21: 75.15~ 83.16 | PE ema-prev-5~21: 47.66~ 52.16 | TRADE ema-prev-5~21: 75.15~ 83.16
APR-07 13:15 INFO     fund_manager.py:356   💚 HEARTBEAT [13:12:00 - 13:15:00] | active: NIFTY2640722950CE , inverse: NIFTY2640722950PE | State: NIFTY ema-5~21: 22930.54~ 22931.44 | ACTIVE ema-5~21: 46.50~ 55.23 | INVERSE ema-5~21: 73.61~ 76.05 | CE ema-5~21: 46.50~ 55.23 | PE ema-5~21: 73.61~ 76.05 | TRADE ema-5~21: 46.50~ 55.23 | NIFTY ema-prev-5~21: 22926.38~ 22930.70 | ACTIVE ema-prev-5~21: 47.68~ 56.33 | INVERSE ema-prev-5~21: 73.74~ 76.32 | CE ema-prev-5~21: 47.68~ 56.33 | PE ema-prev-5~21: 73.74~ 76.32 | TRADE ema-prev-5~21: 47.68~ 56.33
APR-07 13:18 INFO     fund_manager.py:356   💚 HEARTBEAT [13:15:00 - 13:18:00] | active: NIFTY2640722950CE , inverse: NIFTY2640722950PE | State: NIFTY ema-5~21: 22939.51~ 22933.80 | ACTIVE ema-5~21: 48.13~ 54.88 | INVERSE ema-5~21: 69.76~ 74.78 | CE ema-5~21: 48.13~ 54.88 | PE ema-5~21: 69.76~ 74.78 | TRADE ema-5~21: 48.13~ 54.88 | NIFTY ema-prev-5~21: 22930.54~ 22931.44 | ACTIVE ema-prev-5~21: 46.50~ 55.23 | INVERSE ema-prev-5~21: 73.61~ 76.05 | CE ema-prev-5~21: 46.50~ 55.23 | PE ema-prev-5~21: 73.61~ 76.05 | TRADE ema-prev-5~21: 46.50~ 55.23
APR-07 13:21 INFO     fund_manager.py:356   💚 HEARTBEAT [13:18:00 - 13:21:00] | active: NIFTY2640722950CE , inverse: NIFTY2640722950PE | State: NIFTY ema-5~21: 22944.96~ 22935.81 | ACTIVE ema-5~21: 52.74~ 55.52 | INVERSE ema-5~21: 63.89~ 72.72 | CE ema-5~21: 52.74~ 55.52 | PE ema-5~21: 63.89~ 72.72 | TRADE ema-5~21: 52.74~ 55.52 | NIFTY ema-prev-5~21: 22939.51~ 22933.80 | ACTIVE ema-prev-5~21: 48.13~ 54.88 | INVERSE ema-prev-5~21: 69.76~ 74.78 | CE ema-prev-5~21: 48.13~ 54.88 | PE ema-prev-5~21: 69.76~ 74.78 | TRADE ema-prev-5~21: 48.13~ 54.88
APR-07 13:24 INFO     fund_manager.py:356   💚 HEARTBEAT [13:21:00 - 13:24:00] | active: NIFTY2640722950CE , inverse: NIFTY2640722950PE | State: NIFTY ema-5~21: 22947.90~ 22937.44 | ACTIVE ema-5~21: 55.51~ 56.02 | INVERSE ema-5~21: 59.34~ 70.68 | CE ema-5~21: 55.51~ 56.02 | PE ema-5~21: 59.34~ 70.68 | TRADE ema-5~21: 55.51~ 56.02 | NIFTY ema-prev-5~21: 22944.96~ 22935.81 | ACTIVE ema-prev-5~21: 52.74~ 55.52 | INVERSE ema-prev-5~21: 63.89~ 72.72 | CE ema-prev-5~21: 52.74~ 55.52 | PE ema-prev-5~21: 63.89~ 72.72 | TRADE ema-prev-5~21: 52.74~ 55.52
APR-07 13:27 INFO     fund_manager.py:356   💚 HEARTBEAT [13:24:00 - 13:27:00] | active: NIFTY2640722950CE , inverse: NIFTY2640722950PE | State: NIFTY ema-5~21: 22945.49~ 22937.73 | ACTIVE ema-5~21: 55.79~ 56.05 | INVERSE ema-5~21: 57.41~ 69.12 | CE ema-5~21: 55.79~ 56.05 | PE ema-5~21: 57.41~ 69.12 | TRADE ema-5~21: 55.79~ 56.05 | NIFTY ema-prev-5~21: 22947.90~ 22937.44 | ACTIVE ema-prev-5~21: 55.51~ 56.02 | INVERSE ema-prev-5~21: 59.34~ 70.68 | CE ema-prev-5~21: 55.51~ 56.02 | PE ema-prev-5~21: 59.34~ 70.68 | TRADE ema-prev-5~21: 55.51~ 56.02
APR-07 13:30 INFO     fund_manager.py:356   💚 HEARTBEAT [13:27:00 - 13:30:00] | active: NIFTY2640722950CE , inverse: NIFTY2640722950PE | State: NIFTY ema-5~21: 22950.31~ 22939.75 | ACTIVE ema-5~21: 53.64~ 55.44 | INVERSE ema-5~21: 57.96~ 68.21 | CE ema-5~21: 53.64~ 55.44 | PE ema-5~21: 57.96~ 68.21 | TRADE ema-5~21: 53.64~ 55.44 | NIFTY ema-prev-5~21: 22945.49~ 22937.73 | ACTIVE ema-prev-5~21: 55.79~ 56.05 | INVERSE ema-prev-5~21: 57.41~ 69.12 | CE ema-prev-5~21: 55.79~ 56.05 | PE ema-prev-5~21: 57.41~ 69.12 | TRADE ema-prev-5~21: 55.79~ 56.05
APR-07 13:30 INFO     fund_manager.py:514   ⭕ Signal: LONG (PYTHON: Triple Lock CALL Entry) | Time: 07-Apr 13:30 | Timeframe: 180s | State: NIFTY ema-5~21: 22950.31~ 22939.75 | ACTIVE ema-5~21: 56.95~ 56.18 | INVERSE ema-5~21: 54.52~ 66.34 | CE ema-5~21: 56.95~ 56.18 | PE ema-5~21: 54.52~ 66.34 | TRADE ema-5~21: 56.95~ 56.18 | NIFTY ema-prev-5~21: 22945.49~ 22937.73 | ACTIVE ema-prev-5~21: 53.64~ 55.44 | INVERSE ema-prev-5~21: 57.96~ 68.21 | CE ema-prev-5~21: 53.64~ 55.44 | PE ema-prev-5~21: 57.96~ 68.21 | TRADE ema-prev-5~21: 53.64~ 55.44
APR-07 13:30 INFO     position_manager.py:655   🔵 [07-APR-26 13:30] Entry | NIFTY2640722950CE | Purchased 48 lots(3120) @ 63.55 | Total: 198,276
APR-07 13:30 INFO     trade_event.py :49    ⭕ Signal: LONG (PYTHON: Triple Lock CALL Entry) | Time: 13:30:00 | Timeframe: 180s | State: NIFTY ema-5~21: 22950.31~ 22939.75 | ACTIVE ema-5~21: 56.95~ 56.18 | INVERSE ema-5~21: 54.52~ 66.34 | CE ema-5~21: 56.95~ 56.18 | PE ema-5~21: 54.52~ 66.34 | TRADE ema-5~21: 56.95~ 56.18 | NIFTY ema-prev-5~21: 22945.49~ 22937.73 | ACTIVE ema-prev-5~21: 53.64~ 55.44 | INVERSE ema-prev-5~21: 57.96~ 68.21 | CE ema-prev-5~21: 53.64~ 55.44 | PE ema-prev-5~21: 57.96~ 68.21 | TRADE ema-prev-5~21: 53.64~ 55.44
APR-07 13:30 INFO     position_manager.py:457   🤟 [07-APR 13:30] Break-Even Triggered! SL moved to Entry (63.55)
APR-07 13:30 INFO     trade_persistence.py:223   ✅ Session Summary saved for apr07-0920-triple-l5t-python in livetrade (4 cycles)
APR-07 13:30 INFO     position_manager.py:716   🟠 [07-APR-26 13:30] TARGET_1 Hit | NIFTY2640722950CE | Sold 24 lots(1560) @ 65.50 | Total: 102,180 | Action PnL: +3,042
APR-07 13:30 INFO     position_manager.py:759   🟢 [07-APR-26 13:30] Exit TSL_PCT: 65.10 | NIFTY2640722950CE | Sold 24 lots(1560) @ 65.10 | Total: 101,555 | Action PnL: +2,417 | Cycle PnL: +5,460 | Session PnL: +16,467
APR-07 13:30 INFO     trade_persistence.py:223   ✅ Session Summary saved for apr07-0920-triple-l5t-python in livetrade (5 cycles)
APR-07 13:33 INFO     fund_manager.py:356   💚 HEARTBEAT [13:30:00 - 13:33:00] | active: NIFTY2640722950CE , inverse: NIFTY2640722950PE | State: NIFTY ema-5~21: 22973.85~ 22947.14 | ACTIVE ema-5~21: 56.95~ 56.18 | INVERSE ema-5~21: 54.52~ 66.34 | CE ema-5~21: 56.95~ 56.18 | PE ema-5~21: 54.52~ 66.34 | TRADE ema-5~21: 56.95~ 56.18 | NIFTY ema-prev-5~21: 22950.31~ 22939.75 | ACTIVE ema-prev-5~21: 53.64~ 55.44 | INVERSE ema-prev-5~21: 57.96~ 68.21 | CE ema-prev-5~21: 53.64~ 55.44 | PE ema-prev-5~21: 57.96~ 68.21 | TRADE ema-prev-5~21: 53.64~ 55.44
APR-07 13:36 INFO     fund_manager.py:356   💚 HEARTBEAT [13:33:00 - 13:36:00] | active: NIFTY2640723000CE , inverse: NIFTY2640723000PE | State: NIFTY ema-5~21: 22987.65~ 22953.33 | ACTIVE ema-5~21: 49.42~ 40.49 | INVERSE ema-5~21: 70.52~ 92.49 | CE ema-5~21: 49.42~ 40.49 | PE ema-5~21: 70.52~ 92.49 | TRADE ema-5~21: 49.42~ 40.49 | NIFTY ema-prev-5~21: 22973.85~ 22947.14 | ACTIVE ema-prev-5~21: 36.71~ 37.05 | INVERSE ema-prev-5~21: 84.98~ 97.58 | CE ema-prev-5~21: 36.71~ 37.05 | PE ema-prev-5~21: 84.98~ 97.58 | TRADE ema-prev-5~21: 36.71~ 37.05
APR-07 13:39 INFO     fund_manager.py:356   💚 HEARTBEAT [13:36:00 - 13:39:00] | active: NIFTY2640723000CE , inverse: NIFTY2640723000PE | State: NIFTY ema-5~21: 22999.49~ 22959.68 | ACTIVE ema-5~21: 56.43~ 43.21 | INVERSE ema-5~21: 61.46~ 88.02 | CE ema-5~21: 56.43~ 43.21 | PE ema-5~21: 61.46~ 88.02 | TRADE ema-5~21: 56.43~ 43.21 | NIFTY ema-prev-5~21: 22987.65~ 22953.33 | ACTIVE ema-prev-5~21: 49.42~ 40.49 | INVERSE ema-prev-5~21: 70.52~ 92.49 | CE ema-prev-5~21: 49.42~ 40.49 | PE ema-prev-5~21: 70.52~ 92.49 | TRADE ema-prev-5~21: 49.42~ 40.49
APR-07 13:42 INFO     fund_manager.py:356   💚 HEARTBEAT [13:39:00 - 13:42:00] | active: NIFTY2640723000CE , inverse: NIFTY2640723000PE | State: NIFTY ema-5~21: 23009.69~ 22966.08 | ACTIVE ema-5~21: 66.27~ 48.54 | INVERSE ema-5~21: 48.28~ 79.36 | CE ema-5~21: 66.27~ 48.54 | PE ema-5~21: 48.28~ 79.36 | TRADE ema-5~21: 66.27~ 48.54 | NIFTY ema-prev-5~21: 22999.49~ 22959.68 | ACTIVE ema-prev-5~21: 61.76~ 45.87 | INVERSE ema-prev-5~21: 54.64~ 83.75 | CE ema-prev-5~21: 61.76~ 45.87 | PE ema-prev-5~21: 54.64~ 83.75 | TRADE ema-prev-5~21: 61.76~ 45.87
APR-07 13:45 INFO     fund_manager.py:356   💚 HEARTBEAT [13:42:00 - 13:45:00] | active: NIFTY2640723050CE , inverse: NIFTY2640723050PE | State: NIFTY ema-5~21: 23025.14~ 22974.26 | ACTIVE ema-5~21: 43.74~ 31.40 | INVERSE ema-5~21: 75.73~ 112.39 | CE ema-5~21: 43.74~ 31.40 | PE ema-5~21: 75.73~ 112.39 | TRADE ema-5~21: 43.74~ 31.40 | NIFTY ema-prev-5~21: 23009.69~ 22966.08 | ACTIVE ema-prev-5~21: 40.69~ 29.55 | INVERSE ema-prev-5~21: 83.45~ 117.60 | CE ema-prev-5~21: 40.69~ 29.55 | PE ema-prev-5~21: 83.45~ 117.60 | TRADE ema-prev-5~21: 40.69~ 29.55
APR-07 13:48 INFO     fund_manager.py:356   💚 HEARTBEAT [13:45:00 - 13:48:00] | active: NIFTY2640723050CE , inverse: NIFTY2640723050PE | State: NIFTY ema-5~21: 23028.85~ 22979.89 | ACTIVE ema-5~21: 50.46~ 34.35 | INVERSE ema-5~21: 65.39~ 106.24 | CE ema-5~21: 50.46~ 34.35 | PE ema-5~21: 65.39~ 106.24 | TRADE ema-5~21: 50.46~ 34.35 | NIFTY ema-prev-5~21: 23025.14~ 22974.26 | ACTIVE ema-prev-5~21: 43.74~ 31.40 | INVERSE ema-prev-5~21: 75.73~ 112.39 | CE ema-prev-5~21: 43.74~ 31.40 | PE ema-prev-5~21: 75.73~ 112.39 | TRADE ema-prev-5~21: 43.74~ 31.40
APR-07 13:51 INFO     fund_manager.py:356   💚 HEARTBEAT [13:48:00 - 13:51:00] | active: NIFTY2640723050CE , inverse: NIFTY2640723050PE | State: NIFTY ema-5~21: 23018.98~ 22981.65 | ACTIVE ema-5~21: 51.51~ 36.10 | INVERSE ema-5~21: 60.99~ 101.32 | CE ema-5~21: 51.51~ 36.10 | PE ema-5~21: 60.99~ 101.32 | TRADE ema-5~21: 51.51~ 36.10 | NIFTY ema-prev-5~21: 23028.85~ 22979.89 | ACTIVE ema-prev-5~21: 50.46~ 34.35 | INVERSE ema-prev-5~21: 65.39~ 106.24 | CE ema-prev-5~21: 50.46~ 34.35 | PE ema-prev-5~21: 65.39~ 106.24 | TRADE ema-prev-5~21: 50.46~ 34.35
APR-07 13:54 INFO     fund_manager.py:356   💚 HEARTBEAT [13:51:00 - 13:54:00] | active: NIFTY2640723000CE , inverse: NIFTY2640723000PE | State: NIFTY ema-5~21: 23023.45~ 22986.27 | ACTIVE ema-5~21: 70.22~ 55.33 | INVERSE ema-5~21: 40.32~ 68.26 | CE ema-5~21: 70.22~ 55.33 | PE ema-5~21: 40.32~ 68.26 | TRADE ema-5~21: 70.22~ 55.33 | NIFTY ema-prev-5~21: 23018.98~ 22981.65 | ACTIVE ema-prev-5~21: 77.50~ 55.30 | INVERSE ema-prev-5~21: 37.02~ 70.39 | CE ema-prev-5~21: 77.50~ 55.30 | PE ema-prev-5~21: 37.02~ 70.39 | TRADE ema-prev-5~21: 77.50~ 55.30
APR-07 13:57 INFO     fund_manager.py:356   💚 HEARTBEAT [13:54:00 - 13:57:00] | active: NIFTY2640723050CE , inverse: NIFTY2640723050PE | State: NIFTY ema-5~21: 23018.80~ 22988.38 | ACTIVE ema-5~21: 46.78~ 37.11 | INVERSE ema-5~21: 62.93~ 95.18 | CE ema-5~21: 46.78~ 37.11 | PE ema-5~21: 62.93~ 95.18 | TRADE ema-5~21: 46.78~ 37.11 | NIFTY ema-prev-5~21: 23023.45~ 22986.27 | ACTIVE ema-prev-5~21: 45.79~ 35.94 | INVERSE ema-prev-5~21: 65.95~ 99.01 | CE ema-prev-5~21: 45.79~ 35.94 | PE ema-prev-5~21: 65.95~ 99.01 | TRADE ema-prev-5~21: 45.79~ 35.94
APR-07 14:00 INFO     fund_manager.py:356   💚 HEARTBEAT [13:57:00 - 14:00:00] | active: NIFTY2640723000CE , inverse: NIFTY2640723000PE | State: NIFTY ema-5~21: 23005.10~ 22987.41 | ACTIVE ema-5~21: 68.07~ 57.43 | INVERSE ema-5~21: 39.73~ 63.08 | CE ema-5~21: 68.07~ 57.43 | PE ema-5~21: 39.73~ 63.08 | TRADE ema-5~21: 68.07~ 57.43 | NIFTY ema-prev-5~21: 23018.80~ 22988.38 | ACTIVE ema-prev-5~21: 71.81~ 57.12 | INVERSE ema-prev-5~21: 37.79~ 65.03 | CE ema-prev-5~21: 71.81~ 57.12 | PE ema-prev-5~21: 37.79~ 65.03 | TRADE ema-prev-5~21: 71.81~ 57.12
APR-07 14:03 INFO     fund_manager.py:356   💚 HEARTBEAT [14:00:00 - 14:03:00] | active: NIFTY2640723000CE , inverse: NIFTY2640723000PE | State: NIFTY ema-5~21: 23008.27~ 22989.88 | ACTIVE ema-5~21: 60.20~ 56.25 | INVERSE ema-5~21: 47.24~ 63.00 | CE ema-5~21: 60.20~ 56.25 | PE ema-5~21: 47.24~ 63.00 | TRADE ema-5~21: 60.20~ 56.25 | NIFTY ema-prev-5~21: 23005.10~ 22987.41 | ACTIVE ema-prev-5~21: 68.07~ 57.43 | INVERSE ema-prev-5~21: 39.73~ 63.08 | CE ema-prev-5~21: 68.07~ 57.43 | PE ema-prev-5~21: 39.73~ 63.08 | TRADE ema-prev-5~21: 68.07~ 57.43
APR-07 14:06 INFO     fund_manager.py:356   💚 HEARTBEAT [14:03:00 - 14:06:00] | active: NIFTY2640723000CE , inverse: NIFTY2640723000PE | State: NIFTY ema-5~21: 23010.90~ 22992.27 | ACTIVE ema-5~21: 59.55~ 56.44 | INVERSE ema-5~21: 44.46~ 60.81 | CE ema-5~21: 59.55~ 56.44 | PE ema-5~21: 44.46~ 60.81 | TRADE ema-5~21: 59.55~ 56.44 | NIFTY ema-prev-5~21: 23008.27~ 22989.88 | ACTIVE ema-prev-5~21: 60.20~ 56.25 | INVERSE ema-prev-5~21: 47.24~ 63.00 | CE ema-prev-5~21: 60.20~ 56.25 | PE ema-prev-5~21: 47.24~ 63.00 | TRADE ema-prev-5~21: 60.20~ 56.25
APR-07 14:09 INFO     fund_manager.py:356   💚 HEARTBEAT [14:06:00 - 14:09:00] | active: NIFTY2640723000CE , inverse: NIFTY2640723000PE | State: NIFTY ema-5~21: 23011.98~ 22994.26 | ACTIVE ema-5~21: 58.97~ 56.56 | INVERSE ema-5~21: 42.24~ 58.72 | CE ema-5~21: 58.97~ 56.56 | PE ema-5~21: 42.24~ 58.72 | TRADE ema-5~21: 58.97~ 56.56 | NIFTY ema-prev-5~21: 23010.90~ 22992.27 | ACTIVE ema-prev-5~21: 59.55~ 56.44 | INVERSE ema-prev-5~21: 44.46~ 60.81 | CE ema-prev-5~21: 59.55~ 56.44 | PE ema-prev-5~21: 44.46~ 60.81 | TRADE ema-prev-5~21: 59.55~ 56.44
APR-07 14:12 INFO     fund_manager.py:356   💚 HEARTBEAT [14:09:00 - 14:12:00] | active: NIFTY2640723000CE , inverse: NIFTY2640723000PE | State: NIFTY ema-5~21: 23012.10~ 22995.90 | ACTIVE ema-5~21: 56.68~ 56.15 | INVERSE ema-5~21: 40.73~ 56.81 | CE ema-5~21: 56.68~ 56.15 | PE ema-5~21: 40.73~ 56.81 | TRADE ema-5~21: 56.68~ 56.15 | NIFTY ema-prev-5~21: 23011.98~ 22994.26 | ACTIVE ema-prev-5~21: 58.97~ 56.56 | INVERSE ema-prev-5~21: 42.24~ 58.72 | CE ema-prev-5~21: 58.97~ 56.56 | PE ema-prev-5~21: 42.24~ 58.72 | TRADE ema-prev-5~21: 58.97~ 56.56
APR-07 14:15 INFO     fund_manager.py:356   💚 HEARTBEAT [14:12:00 - 14:15:00] | active: NIFTY2640723000CE , inverse: NIFTY2640723000PE | State: NIFTY ema-5~21: 23012.05~ 22997.36 | ACTIVE ema-5~21: 54.98~ 55.74 | INVERSE ema-5~21: 39.95~ 55.14 | CE ema-5~21: 54.98~ 55.74 | PE ema-5~21: 39.95~ 55.14 | TRADE ema-5~21: 54.98~ 55.74 | NIFTY ema-prev-5~21: 23012.10~ 22995.90 | ACTIVE ema-prev-5~21: 56.68~ 56.15 | INVERSE ema-prev-5~21: 40.73~ 56.81 | CE ema-prev-5~21: 56.68~ 56.15 | PE ema-prev-5~21: 40.73~ 56.81 | TRADE ema-prev-5~21: 56.68~ 56.15
APR-07 14:18 INFO     fund_manager.py:356   💚 HEARTBEAT [14:15:00 - 14:18:00] | active: NIFTY2640723000CE , inverse: NIFTY2640723000PE | State: NIFTY ema-5~21: 23011.12~ 22998.44 | ACTIVE ema-5~21: 54.04~ 55.41 | INVERSE ema-5~21: 38.20~ 53.28 | CE ema-5~21: 54.04~ 55.41 | PE ema-5~21: 38.20~ 53.28 | TRADE ema-5~21: 54.04~ 55.41 | NIFTY ema-prev-5~21: 23012.05~ 22997.36 | ACTIVE ema-prev-5~21: 54.98~ 55.74 | INVERSE ema-prev-5~21: 39.95~ 55.14 | CE ema-prev-5~21: 54.98~ 55.74 | PE ema-prev-5~21: 39.95~ 55.14 | TRADE ema-prev-5~21: 54.98~ 55.74
APR-07 14:21 INFO     fund_manager.py:356   💚 HEARTBEAT [14:18:00 - 14:21:00] | active: NIFTY2640723000CE , inverse: NIFTY2640723000PE | State: NIFTY ema-5~21: 23005.26~ 22998.00 | ACTIVE ema-5~21: 52.03~ 54.74 | INVERSE ema-5~21: 37.40~ 51.69 | CE ema-5~21: 52.03~ 54.74 | PE ema-5~21: 37.40~ 51.69 | TRADE ema-5~21: 52.03~ 54.74 | NIFTY ema-prev-5~21: 23011.12~ 22998.44 | ACTIVE ema-prev-5~21: 54.04~ 55.41 | INVERSE ema-prev-5~21: 38.20~ 53.28 | CE ema-prev-5~21: 54.04~ 55.41 | PE ema-prev-5~21: 38.20~ 53.28 | TRADE ema-prev-5~21: 54.04~ 55.41
APR-07 14:24 INFO     fund_manager.py:356   💚 HEARTBEAT [14:21:00 - 14:24:00] | active: NIFTY2640723000CE , inverse: NIFTY2640723000PE | State: NIFTY ema-5~21: 22998.91~ 22996.92 | ACTIVE ema-5~21: 46.90~ 53.10 | INVERSE ema-5~21: 39.08~ 50.85 | CE ema-5~21: 46.90~ 53.10 | PE ema-5~21: 39.08~ 50.85 | TRADE ema-5~21: 46.90~ 53.10 | NIFTY ema-prev-5~21: 23005.26~ 22998.00 | ACTIVE ema-prev-5~21: 52.03~ 54.74 | INVERSE ema-prev-5~21: 37.40~ 51.69 | CE ema-prev-5~21: 52.03~ 54.74 | PE ema-prev-5~21: 37.40~ 51.69 | TRADE ema-prev-5~21: 52.03~ 54.74
APR-07 14:27 INFO     fund_manager.py:356   💚 HEARTBEAT [14:24:00 - 14:27:00] | active: NIFTY2640723000CE , inverse: NIFTY2640723000PE | State: NIFTY ema-5~21: 23002.76~ 22998.15 | ACTIVE ema-5~21: 41.35~ 51.02 | INVERSE ema-5~21: 40.87~ 50.27 | CE ema-5~21: 41.35~ 51.02 | PE ema-5~21: 40.87~ 50.27 | TRADE ema-5~21: 41.35~ 51.02 | NIFTY ema-prev-5~21: 22998.91~ 22996.92 | ACTIVE ema-prev-5~21: 46.90~ 53.10 | INVERSE ema-prev-5~21: 39.08~ 50.85 | CE ema-prev-5~21: 46.90~ 53.10 | PE ema-prev-5~21: 39.08~ 50.85 | TRADE ema-prev-5~21: 46.90~ 53.10
APR-07 14:30 INFO     fund_manager.py:356   💚 HEARTBEAT [14:27:00 - 14:30:00] | active: NIFTY2640723000CE , inverse: NIFTY2640723000PE | State: NIFTY ema-5~21: 23006.54~ 22999.60 | ACTIVE ema-5~21: 42.73~ 50.52 | INVERSE ema-5~21: 37.88~ 48.60 | CE ema-5~21: 42.73~ 50.52 | PE ema-5~21: 37.88~ 48.60 | TRADE ema-5~21: 42.73~ 50.52 | NIFTY ema-prev-5~21: 23002.76~ 22998.15 | ACTIVE ema-prev-5~21: 41.35~ 51.02 | INVERSE ema-prev-5~21: 40.87~ 50.27 | CE ema-prev-5~21: 41.35~ 51.02 | PE ema-prev-5~21: 40.87~ 50.27 | TRADE ema-prev-5~21: 41.35~ 51.02
APR-07 14:33 INFO     fund_manager.py:356   💚 HEARTBEAT [14:30:00 - 14:33:00] | active: NIFTY2640723000CE , inverse: NIFTY2640723000PE | State: NIFTY ema-5~21: 23018.17~ 23003.41 | ACTIVE ema-5~21: 44.82~ 50.38 | INVERSE ema-5~21: 34.15~ 46.61 | CE ema-5~21: 44.82~ 50.38 | PE ema-5~21: 34.15~ 46.61 | TRADE ema-5~21: 44.82~ 50.38 | NIFTY ema-prev-5~21: 23006.54~ 22999.60 | ACTIVE ema-prev-5~21: 42.73~ 50.52 | INVERSE ema-prev-5~21: 37.88~ 48.60 | CE ema-prev-5~21: 42.73~ 50.52 | PE ema-prev-5~21: 37.88~ 48.60 | TRADE ema-prev-5~21: 42.73~ 50.52
APR-07 14:33 INFO     fund_manager.py:514   ⭕ Signal: LONG (PYTHON: Triple Lock CALL Entry) | Time: 07-Apr 14:33 | Timeframe: 180s | State: NIFTY ema-5~21: 23018.17~ 23003.41 | ACTIVE ema-5~21: 52.88~ 52.07 | INVERSE ema-5~21: 27.84~ 43.75 | CE ema-5~21: 52.88~ 52.07 | PE ema-5~21: 27.84~ 43.75 | TRADE ema-5~21: 52.88~ 52.07 | NIFTY ema-prev-5~21: 23006.54~ 22999.60 | ACTIVE ema-prev-5~21: 44.82~ 50.38 | INVERSE ema-prev-5~21: 34.15~ 46.61 | CE ema-prev-5~21: 44.82~ 50.38 | PE ema-prev-5~21: 34.15~ 46.61 | TRADE ema-prev-5~21: 44.82~ 50.38
APR-07 14:33 INFO     position_manager.py:655   🔵 [07-APR-26 14:33] Entry | NIFTY2640723050CE | Purchased 82 lots(5330) @ 37.40 | Total: 199,342
APR-07 14:33 INFO     trade_event.py :49    ⭕ Signal: LONG (PYTHON: Triple Lock CALL Entry) | Time: 14:33:00 | Timeframe: 180s | State: NIFTY ema-5~21: 23018.17~ 23003.41 | ACTIVE ema-5~21: 52.88~ 52.07 | INVERSE ema-5~21: 27.84~ 43.75 | CE ema-5~21: 52.88~ 52.07 | PE ema-5~21: 27.84~ 43.75 | TRADE ema-5~21: 52.88~ 52.07 | NIFTY ema-prev-5~21: 23006.54~ 22999.60 | ACTIVE ema-prev-5~21: 44.82~ 50.38 | INVERSE ema-prev-5~21: 34.15~ 46.61 | CE ema-prev-5~21: 44.82~ 50.38 | PE ema-prev-5~21: 34.15~ 46.61 | TRADE ema-prev-5~21: 44.82~ 50.38
APR-07 14:33 INFO     position_manager.py:457   🤟 [07-APR 14:32] Break-Even Triggered! SL moved to Entry (37.4)
APR-07 14:33 INFO     trade_persistence.py:223   ✅ Session Summary saved for apr07-0920-triple-l5t-python in livetrade (5 cycles)
APR-07 14:33 INFO     position_manager.py:716   🟠 [07-APR-26 14:32] TARGET_1 Hit | NIFTY2640723050CE | Sold 41 lots(2665) @ 38.55 | Total: 102,735 | Action PnL: +3,064
APR-07 14:33 INFO     position_manager.py:759   🟢 [07-APR-26 14:32] Exit TSL_ID: trade-ema-5: 52.88 | NIFTY2640723050CE | Sold 41 lots(2665) @ 38.55 | Total: 102,735 | Action PnL: +3,064 | Cycle PnL: +6,129 | Session PnL: +22,597
APR-07 14:33 INFO     trade_persistence.py:223   ✅ Session Summary saved for apr07-0920-triple-l5t-python in livetrade (6 cycles)
APR-07 14:36 INFO     fund_manager.py:356   💚 HEARTBEAT [14:33:00 - 14:36:00] | active: NIFTY2640723050CE , inverse: NIFTY2640723050PE | State: NIFTY ema-5~21: 23017.65~ 23004.61 | ACTIVE ema-5~21: 27.93~ 30.23 | INVERSE ema-5~21: 53.14~ 72.17 | CE ema-5~21: 27.93~ 30.23 | PE ema-5~21: 53.14~ 72.17 | TRADE ema-5~21: 27.93~ 30.23 | NIFTY ema-prev-5~21: 23018.17~ 23003.41 | ACTIVE ema-prev-5~21: 23.20~ 29.51 | INVERSE ema-prev-5~21: 62.94~ 76.03 | CE ema-prev-5~21: 23.20~ 29.51 | PE ema-prev-5~21: 62.94~ 76.03 | TRADE ema-prev-5~21: 23.20~ 29.51
APR-07 14:39 INFO     fund_manager.py:356   💚 HEARTBEAT [14:36:00 - 14:39:00] | active: NIFTY2641323000CE , inverse: NIFTY2641323000PE | State: NIFTY ema-5~21: 23015.00~ 23005.07 | NIFTY ema-prev-5~21: 23017.65~ 23004.61
APR-07 14:42 INFO     fund_manager.py:356   💚 HEARTBEAT [14:39:00 - 14:42:00] | active: NIFTY2641323000CE , inverse: NIFTY2641323000PE | State: NIFTY ema-5~21: 23013.90~ 23005.67 | NIFTY ema-prev-5~21: 23015.00~ 23005.07
APR-07 14:45 INFO     fund_manager.py:356   💚 HEARTBEAT [14:42:00 - 14:45:00] | active: NIFTY2641323000CE , inverse: NIFTY2641323000PE | State: NIFTY ema-5~21: 23018.80~ 23007.76 | NIFTY ema-prev-5~21: 23013.90~ 23005.67
APR-07 14:48 INFO     fund_manager.py:356   💚 HEARTBEAT [14:45:00 - 14:48:00] | active: NIFTY2641323050CE , inverse: NIFTY2641323050PE | State: NIFTY ema-5~21: 23026.15~ 23010.77 | NIFTY ema-prev-5~21: 23018.80~ 23007.76
APR-07 14:51 INFO     fund_manager.py:356   💚 HEARTBEAT [14:48:00 - 14:51:00] | active: NIFTY2641323050CE , inverse: NIFTY2641323050PE | State: NIFTY ema-5~21: 23036.37~ 23014.95 | NIFTY ema-prev-5~21: 23026.15~ 23010.77
APR-07 14:54 INFO     fund_manager.py:356   💚 HEARTBEAT [14:51:00 - 14:54:00] | active: NIFTY2641323050CE , inverse: NIFTY2641323050PE | State: NIFTY ema-5~21: 23043.29~ 23018.79 | NIFTY ema-prev-5~21: 23036.37~ 23014.95
APR-07 14:57 INFO     fund_manager.py:356   💚 HEARTBEAT [14:54:00 - 14:57:00] | active: NIFTY2641323050CE , inverse: NIFTY2641323050PE | State: NIFTY ema-5~21: 23060.08~ 23025.59 | NIFTY ema-prev-5~21: 23043.29~ 23018.79
APR-07 15:00 INFO     fund_manager.py:356   💚 HEARTBEAT [14:57:00 - 15:00:00] | active: NIFTY2641323100CE , inverse: NIFTY2641323100PE | State: NIFTY ema-5~21: 23072.29~ 23032.06 | NIFTY ema-prev-5~21: 23060.08~ 23025.59
APR-07 15:03 INFO     fund_manager.py:356   💚 HEARTBEAT [15:00:00 - 15:03:00] | active: NIFTY2641323100CE , inverse: NIFTY2641323100PE | State: NIFTY ema-5~21: 23088.94~ 23040.26 | NIFTY ema-prev-5~21: 23072.29~ 23032.06
APR-07 15:06 INFO     fund_manager.py:356   💚 HEARTBEAT [15:03:00 - 15:06:00] | active: NIFTY2641323100CE , inverse: NIFTY2641323100PE | State: NIFTY ema-5~21: 23096.98~ 23046.87 | NIFTY ema-prev-5~21: 23088.94~ 23040.26
APR-07 15:09 INFO     fund_manager.py:356   💚 HEARTBEAT [15:06:00 - 15:09:00] | active: NIFTY2641323100CE , inverse: NIFTY2641323100PE | State: NIFTY ema-5~21: 23104.85~ 23053.58 | NIFTY ema-prev-5~21: 23096.98~ 23046.87
APR-07 15:12 INFO     fund_manager.py:356   💚 HEARTBEAT [15:09:00 - 15:12:00] | active: NIFTY2641323100CE , inverse: NIFTY2641323100PE | State: NIFTY ema-5~21: 23109.07~ 23059.39 | NIFTY ema-prev-5~21: 23104.85~ 23053.58
APR-07 15:15 INFO     fund_manager.py:356   💚 HEARTBEAT [15:12:00 - 15:15:00] | active: NIFTY2641323100CE , inverse: NIFTY2641323100PE | State: NIFTY ema-5~21: 23109.13~ 23063.92 | NIFTY ema-prev-5~21: 23109.07~ 23059.39
APR-07 15:18 INFO     fund_manager.py:356   💚 HEARTBEAT [15:15:00 - 15:18:00] | active: NIFTY2641323100CE , inverse: NIFTY2641323100PE | State: NIFTY ema-5~21: 23114.25~ 23069.43 | NIFTY ema-prev-5~21: 23109.13~ 23063.92
APR-07 15:21 INFO     fund_manager.py:356   💚 HEARTBEAT [15:18:00 - 15:21:00] | active: NIFTY2641323100CE , inverse: NIFTY2641323100PE | State: NIFTY ema-5~21: 23121.62~ 23075.51 | NIFTY ema-prev-5~21: 23114.25~ 23069.43
APR-07 15:24 INFO     fund_manager.py:356   💚 HEARTBEAT [15:21:00 - 15:24:00] | active: NIFTY2641323150CE , inverse: NIFTY2641323150PE | State: NIFTY ema-5~21: 23123.50~ 23080.22 | NIFTY ema-prev-5~21: 23121.62~ 23075.51
APR-07 15:27 INFO     fund_manager.py:356   💚 HEARTBEAT [15:24:00 - 15:27:00] | active: NIFTY2641323150CE , inverse: NIFTY2641323150PE | State: NIFTY ema-5~21: 23130.53~ 23086.07 | NIFTY ema-prev-5~21: 23123.50~ 23080.22
APR-07 15:30 INFO     fund_manager.py:356   💚 HEARTBEAT [15:27:00 - 15:30:00] | active: NIFTY2641323150CE , inverse: NIFTY2641323150PE | State: NIFTY ema-5~21: 23130.34~ 23090.06 | NIFTY ema-prev-5~21: 23130.53~ 23086.07
APR-07 15:31 INFO     live_market.py :83    🏁 Live Market Service Stopped.
APR-07 15:31 INFO     trade_persistence.py:223   ✅ Session Summary saved for apr07-0920-triple-l5t-python in livetrade (6 cycles)
APR-07 15:31 INFO     live_trader.py :118   🏁 Live Trade Engine Stopped.
