APR-06 09:27 INFO     mongo.py       :20    Connecting to MongoDB: mongodb://localhost:27017/tradebot (tradebot)
APR-06 09:27 INFO     mongo.py       :26    MongoDB Connection Established and Pinged.
APR-06 09:27 INFO     contract_discovery.py:49    📁 Loaded 2526 NIFTY contracts into memory cache.
APR-06 09:27 WARNING  xts_session_manager.py:72    Failed to load market session from file: name 'DateUtils' is not defined
APR-06 09:27 INFO     xts_session_manager.py:111   Initializing New Market Data API Session...
APR-06 09:27 INFO     xts_session_manager.py:114   Market Data Login Successful. User: WD9952
APR-06 09:27 INFO     xts_session_manager.py:130   Initializing Market Data Socket...
APR-06 09:27 INFO     fund_manager.py:66    🐍 Strategy: packages/tradeflow/python_strategies.py:TripleLockStrategy
APR-06 09:27 INFO     fund_manager.py:111   💰 Budget Mode: 200000.0 INR (fixed)
APR-06 09:27 INFO     live_trader.py :78    🚀 Starting Live Trade Engine | Session: apr06-0927-triple-cq7-python
⭕ Strategy: Triple Confirmation Momentum Strategy (triple-confirmation)
APR-06 09:27 INFO     live_trader.py :202   📡 Deriving Static Option Grid for the day...
APR-06 09:27 INFO     contract_discovery.py:263   Deriving contracts for 1 expiries: ['2026-04-07T14:30:00+05:30']
APR-06 09:27 INFO     live_trader.py :209   ✅ Found 82 options for static grid tracking.
APR-06 09:27 INFO     live_market.py :95    + Subscribed to 83 instruments.
APR-06 09:27 INFO     live_market.py :63    🔌 Connecting to Market Data Socket...
APR-06 09:27 INFO     MarketDataSocketClient.py:171   Market Data Socket connected successfully!
APR-06 09:27 INFO     live_market.py :179   ✅ XTS Socket Connected!
APR-06 09:27 INFO     live_market.py :181   🔄 Re-subscribing to 83 instruments...
APR-06 09:27 INFO     live_trader.py :150   🔥 Commencing Bulk Warmup for Static Grid...
APR-06 09:27 INFO     market_history.py:151   ✅ Warmup complete for SPOT (26000): 1500 candles processed.
APR-06 09:27 INFO     market_history.py:63    🌐 DB insufficient (1136/1500). Fetching API History for 40704: 2026-03-27 09:27:47+05:30 -> 2026-04-06 09:27:47+05:30
APR-06 09:27 INFO     market_history.py:151   ✅ Warmup complete for PE (40704): 1133 candles processed.
APR-06 09:27 INFO     market_history.py:63    🌐 DB insufficient (927/1500). Fetching API History for 40705: 2026-03-27 09:27:47+05:30 -> 2026-04-06 09:27:47+05:30
APR-06 09:27 INFO     market_history.py:151   ✅ Warmup complete for CE (40705): 925 candles processed.
APR-06 09:27 INFO     market_history.py:151   ✅ Warmup complete for PE (40706): 1500 candles processed.
APR-06 09:27 INFO     market_history.py:63    🌐 DB insufficient (766/1500). Fetching API History for 40707: 2026-03-27 09:27:47+05:30 -> 2026-04-06 09:27:47+05:30
APR-06 09:27 INFO     market_history.py:151   ✅ Warmup complete for CE (40707): 764 candles processed.
APR-06 09:27 INFO     market_history.py:63    🌐 DB insufficient (1450/1500). Fetching API History for 40708: 2026-03-27 09:27:47+05:30 -> 2026-04-06 09:27:47+05:30
APR-06 09:27 INFO     market_history.py:151   ✅ Warmup complete for PE (40708): 1447 candles processed.
APR-06 09:27 INFO     market_history.py:63    🌐 DB insufficient (1252/1500). Fetching API History for 40714: 2026-03-27 09:27:47+05:30 -> 2026-04-06 09:27:47+05:30
APR-06 09:27 INFO     market_history.py:151   ✅ Warmup complete for CE (40714): 1249 candles processed.
APR-06 09:27 INFO     market_history.py:151   ✅ Warmup complete for PE (40717): 1500 candles processed.
APR-06 09:27 INFO     market_history.py:63    🌐 DB insufficient (862/1500). Fetching API History for 40718: 2026-03-27 09:27:47+05:30 -> 2026-04-06 09:27:47+05:30
APR-06 09:27 INFO     market_history.py:151   ✅ Warmup complete for CE (40718): 860 candles processed.
APR-06 09:27 INFO     market_history.py:63    🌐 DB insufficient (1459/1500). Fetching API History for 40723: 2026-03-27 09:27:47+05:30 -> 2026-04-06 09:27:47+05:30
APR-06 09:27 INFO     market_history.py:151   ✅ Warmup complete for PE (40723): 1455 candles processed.
APR-06 09:27 INFO     market_history.py:63    🌐 DB insufficient (1210/1500). Fetching API History for 40724: 2026-03-27 09:27:47+05:30 -> 2026-04-06 09:27:47+05:30
APR-06 09:27 INFO     market_history.py:151   ✅ Warmup complete for CE (40724): 1207 candles processed.
APR-06 09:27 INFO     market_history.py:151   ✅ Warmup complete for PE (40725): 1500 candles processed.
APR-06 09:27 INFO     market_history.py:63    🌐 DB insufficient (1103/1500). Fetching API History for 40726: 2026-03-27 09:27:47+05:30 -> 2026-04-06 09:27:47+05:30
APR-06 09:27 INFO     market_history.py:151   ✅ Warmup complete for CE (40726): 1100 candles processed.
APR-06 09:27 INFO     market_history.py:63    🌐 DB insufficient (1142/1500). Fetching API History for 40727: 2026-03-27 09:27:47+05:30 -> 2026-04-06 09:27:47+05:30
APR-06 09:27 INFO     market_history.py:151   ✅ Warmup complete for PE (40727): 1139 candles processed.
APR-06 09:27 INFO     market_history.py:63    🌐 DB insufficient (1248/1500). Fetching API History for 40728: 2026-03-27 09:27:47+05:30 -> 2026-04-06 09:27:47+05:30
APR-06 09:27 INFO     market_history.py:151   ✅ Warmup complete for CE (40728): 1245 candles processed.
APR-06 09:27 INFO     market_history.py:151   ✅ Warmup complete for PE (40729): 1500 candles processed.
APR-06 09:27 INFO     market_history.py:63    🌐 DB insufficient (1177/1500). Fetching API History for 40730: 2026-03-27 09:27:47+05:30 -> 2026-04-06 09:27:47+05:30
APR-06 09:27 INFO     market_history.py:151   ✅ Warmup complete for CE (40730): 1174 candles processed.
APR-06 09:27 INFO     market_history.py:63    🌐 DB insufficient (1127/1500). Fetching API History for 40731: 2026-03-27 09:27:47+05:30 -> 2026-04-06 09:27:47+05:30
APR-06 09:27 INFO     market_history.py:151   ✅ Warmup complete for PE (40731): 1125 candles processed.
APR-06 09:27 INFO     market_history.py:63    🌐 DB insufficient (1494/1500). Fetching API History for 40732: 2026-03-27 09:27:47+05:30 -> 2026-04-06 09:27:47+05:30
APR-06 09:27 INFO     market_history.py:151   ✅ Warmup complete for CE (40732): 1491 candles processed.
APR-06 09:27 INFO     market_history.py:151   ✅ Warmup complete for PE (40735): 1500 candles processed.
APR-06 09:27 INFO     market_history.py:63    🌐 DB insufficient (1216/1500). Fetching API History for 40736: 2026-03-27 09:27:47+05:30 -> 2026-04-06 09:27:47+05:30
APR-06 09:27 INFO     market_history.py:151   ✅ Warmup complete for CE (40736): 1213 candles processed.
APR-06 09:27 INFO     market_history.py:63    🌐 DB insufficient (1469/1500). Fetching API History for 40737: 2026-03-27 09:27:47+05:30 -> 2026-04-06 09:27:47+05:30
APR-06 09:27 INFO     market_history.py:151   ✅ Warmup complete for PE (40737): 1466 candles processed.
APR-06 09:27 INFO     market_history.py:63    🌐 DB insufficient (1351/1500). Fetching API History for 40738: 2026-03-27 09:27:47+05:30 -> 2026-04-06 09:27:47+05:30
APR-06 09:27 INFO     market_history.py:151   ✅ Warmup complete for CE (40738): 1348 candles processed.
APR-06 09:27 INFO     market_history.py:151   ✅ Warmup complete for PE (40739): 1500 candles processed.
APR-06 09:27 INFO     market_history.py:63    🌐 DB insufficient (1252/1500). Fetching API History for 40740: 2026-03-27 09:27:47+05:30 -> 2026-04-06 09:27:47+05:30
APR-06 09:27 INFO     market_history.py:151   ✅ Warmup complete for CE (40740): 1248 candles processed.
APR-06 09:28 INFO     market_history.py:63    🌐 DB insufficient (1457/1500). Fetching API History for 40741: 2026-03-27 09:27:47+05:30 -> 2026-04-06 09:27:47+05:30
APR-06 09:28 INFO     market_history.py:151   ✅ Warmup complete for PE (40741): 1452 candles processed.
APR-06 09:28 INFO     market_history.py:63    🌐 DB insufficient (1451/1500). Fetching API History for 40742: 2026-03-27 09:27:47+05:30 -> 2026-04-06 09:27:47+05:30
APR-06 09:28 INFO     market_history.py:151   ✅ Warmup complete for CE (40742): 1446 candles processed.
APR-06 09:28 INFO     market_history.py:151   ✅ Warmup complete for PE (40745): 1500 candles processed.
APR-06 09:28 INFO     market_history.py:63    🌐 DB insufficient (1350/1500). Fetching API History for 40747: 2026-03-27 09:27:47+05:30 -> 2026-04-06 09:27:47+05:30
APR-06 09:28 INFO     market_history.py:151   ✅ Warmup complete for CE (40747): 1345 candles processed.
APR-06 09:28 INFO     market_history.py:63    🌐 DB insufficient (1482/1500). Fetching API History for 40751: 2026-03-27 09:27:47+05:30 -> 2026-04-06 09:27:47+05:30
APR-06 09:28 INFO     market_history.py:151   ✅ Warmup complete for PE (40751): 1477 candles processed.
APR-06 09:28 INFO     market_history.py:63    🌐 DB insufficient (1498/1500). Fetching API History for 40752: 2026-03-27 09:27:47+05:30 -> 2026-04-06 09:27:47+05:30
APR-06 09:28 INFO     market_history.py:151   ✅ Warmup complete for CE (40752): 1493 candles processed.
APR-06 09:28 INFO     market_history.py:151   ✅ Warmup complete for PE (40753): 1500 candles processed.
APR-06 09:28 INFO     market_history.py:63    🌐 DB insufficient (1433/1500). Fetching API History for 40754: 2026-03-27 09:27:47+05:30 -> 2026-04-06 09:27:47+05:30
APR-06 09:28 INFO     market_history.py:151   ✅ Warmup complete for CE (40754): 1428 candles processed.
APR-06 09:28 INFO     market_history.py:63    🌐 DB insufficient (1465/1500). Fetching API History for 40760: 2026-03-27 09:27:47+05:30 -> 2026-04-06 09:27:47+05:30
APR-06 09:28 INFO     market_history.py:151   ✅ Warmup complete for PE (40760): 1460 candles processed.
APR-06 09:28 INFO     market_history.py:151   ✅ Warmup complete for CE (40761): 1500 candles processed.
APR-06 09:28 INFO     market_history.py:151   ✅ Warmup complete for PE (40769): 1500 candles processed.
APR-06 09:28 INFO     market_history.py:151   ✅ Warmup complete for CE (40770): 1500 candles processed.
APR-06 09:28 INFO     market_history.py:63    🌐 DB insufficient (1385/1500). Fetching API History for 40771: 2026-03-27 09:27:47+05:30 -> 2026-04-06 09:27:47+05:30
APR-06 09:28 INFO     market_history.py:151   ✅ Warmup complete for PE (40771): 1380 candles processed.
APR-06 09:28 INFO     market_history.py:151   ✅ Warmup complete for CE (40772): 1500 candles processed.
APR-06 09:28 INFO     market_history.py:151   ✅ Warmup complete for PE (40773): 1500 candles processed.
APR-06 09:28 INFO     market_history.py:151   ✅ Warmup complete for CE (40774): 1500 candles processed.
APR-06 09:28 INFO     market_history.py:63    🌐 DB insufficient (1261/1500). Fetching API History for 40775: 2026-03-27 09:27:47+05:30 -> 2026-04-06 09:27:47+05:30
APR-06 09:28 INFO     market_history.py:151   ✅ Warmup complete for PE (40775): 1258 candles processed.
APR-06 09:28 INFO     market_history.py:151   ✅ Warmup complete for CE (40776): 1500 candles processed.
APR-06 09:28 INFO     market_history.py:63    🌐 DB insufficient (1436/1500). Fetching API History for 40777: 2026-03-27 09:27:47+05:30 -> 2026-04-06 09:27:47+05:30
APR-06 09:28 INFO     market_history.py:151   ✅ Warmup complete for PE (40777): 1432 candles processed.
APR-06 09:28 INFO     market_history.py:63    🌐 DB insufficient (1486/1500). Fetching API History for 40778: 2026-03-27 09:27:47+05:30 -> 2026-04-06 09:27:47+05:30
APR-06 09:28 INFO     market_history.py:151   ✅ Warmup complete for CE (40778): 1482 candles processed.
APR-06 09:28 INFO     market_history.py:63    🌐 DB insufficient (1051/1500). Fetching API History for 40779: 2026-03-27 09:27:47+05:30 -> 2026-04-06 09:27:47+05:30
APR-06 09:28 INFO     market_history.py:151   ✅ Warmup complete for PE (40779): 1047 candles processed.
APR-06 09:28 INFO     market_history.py:151   ✅ Warmup complete for CE (40781): 1500 candles processed.
APR-06 09:28 INFO     market_history.py:63    🌐 DB insufficient (1437/1500). Fetching API History for 40782: 2026-03-27 09:27:47+05:30 -> 2026-04-06 09:27:47+05:30
APR-06 09:28 INFO     market_history.py:151   ✅ Warmup complete for PE (40782): 1433 candles processed.
APR-06 09:28 INFO     market_history.py:63    🌐 DB insufficient (1461/1500). Fetching API History for 40783: 2026-03-27 09:27:47+05:30 -> 2026-04-06 09:27:47+05:30
APR-06 09:28 INFO     market_history.py:151   ✅ Warmup complete for CE (40783): 1458 candles processed.
APR-06 09:28 INFO     market_history.py:63    🌐 DB insufficient (796/1500). Fetching API History for 40784: 2026-03-27 09:27:47+05:30 -> 2026-04-06 09:27:47+05:30
APR-06 09:28 INFO     market_history.py:151   ✅ Warmup complete for PE (40784): 792 candles processed.
APR-06 09:28 INFO     market_history.py:151   ✅ Warmup complete for CE (40785): 1500 candles processed.
APR-06 09:28 INFO     market_history.py:63    🌐 DB insufficient (1373/1500). Fetching API History for 40787: 2026-03-27 09:27:47+05:30 -> 2026-04-06 09:27:47+05:30
APR-06 09:28 INFO     market_history.py:151   ✅ Warmup complete for PE (40787): 1370 candles processed.
APR-06 09:28 INFO     market_history.py:63    🌐 DB insufficient (1471/1500). Fetching API History for 40788: 2026-03-27 09:27:47+05:30 -> 2026-04-06 09:27:47+05:30
APR-06 09:28 INFO     market_history.py:151   ✅ Warmup complete for CE (40788): 1467 candles processed.
APR-06 09:28 INFO     market_history.py:63    🌐 DB insufficient (653/1500). Fetching API History for 40789: 2026-03-27 09:27:47+05:30 -> 2026-04-06 09:27:47+05:30
APR-06 09:28 INFO     market_history.py:151   ✅ Warmup complete for PE (40789): 653 candles processed.
APR-06 09:28 INFO     market_history.py:151   ✅ Warmup complete for CE (40790): 1500 candles processed.
APR-06 09:28 INFO     market_history.py:63    🌐 DB insufficient (1226/1500). Fetching API History for 40791: 2026-03-27 09:27:47+05:30 -> 2026-04-06 09:27:47+05:30
APR-06 09:28 INFO     market_history.py:151   ✅ Warmup complete for PE (40791): 1223 candles processed.
APR-06 09:28 INFO     market_history.py:63    🌐 DB insufficient (1105/1500). Fetching API History for 40792: 2026-03-27 09:27:47+05:30 -> 2026-04-06 09:27:47+05:30
APR-06 09:28 INFO     market_history.py:151   ✅ Warmup complete for CE (40792): 1471 candles processed.
APR-06 09:28 INFO     market_history.py:63    🌐 DB insufficient (396/1500). Fetching API History for 40795: 2026-03-27 09:27:47+05:30 -> 2026-04-06 09:27:47+05:30
APR-06 09:28 INFO     market_history.py:151   ✅ Warmup complete for PE (40795): 454 candles processed.
APR-06 09:28 INFO     market_history.py:63    🌐 DB insufficient (1133/1500). Fetching API History for 40796: 2026-03-27 09:27:47+05:30 -> 2026-04-06 09:27:47+05:30
APR-06 09:28 INFO     market_history.py:151   ✅ Warmup complete for CE (40796): 1499 candles processed.
APR-06 09:28 INFO     market_history.py:63    🌐 DB insufficient (1085/1500). Fetching API History for 40797: 2026-03-27 09:27:47+05:30 -> 2026-04-06 09:27:47+05:30
APR-06 09:28 INFO     market_history.py:151   ✅ Warmup complete for PE (40797): 1436 candles processed.
APR-06 09:28 INFO     market_history.py:63    🌐 DB insufficient (1094/1500). Fetching API History for 40798: 2026-03-27 09:27:47+05:30 -> 2026-04-06 09:27:47+05:30
APR-06 09:28 INFO     market_history.py:151   ✅ Warmup complete for CE (40798): 1466 candles processed.
APR-06 09:28 INFO     market_history.py:63    🌐 DB insufficient (291/1500). Fetching API History for 40799: 2026-03-27 09:27:47+05:30 -> 2026-04-06 09:27:47+05:30
APR-06 09:28 INFO     market_history.py:151   ✅ Warmup complete for PE (40799): 337 candles processed.
APR-06 09:28 INFO     market_history.py:63    🌐 DB insufficient (1126/1500). Fetching API History for 40800: 2026-03-27 09:27:47+05:30 -> 2026-04-06 09:27:47+05:30
APR-06 09:28 INFO     market_history.py:151   ✅ Warmup complete for CE (40800): 1499 candles processed.
APR-06 09:28 INFO     market_history.py:63    🌐 DB insufficient (693/1500). Fetching API History for 40801: 2026-03-27 09:27:47+05:30 -> 2026-04-06 09:27:47+05:30
APR-06 09:28 INFO     market_history.py:151   ✅ Warmup complete for PE (40801): 843 candles processed.
APR-06 09:28 INFO     market_history.py:63    🌐 DB insufficient (1090/1500). Fetching API History for 40802: 2026-03-27 09:27:47+05:30 -> 2026-04-06 09:27:47+05:30
APR-06 09:28 INFO     market_history.py:151   ✅ Warmup complete for CE (40802): 1461 candles processed.
APR-06 09:28 INFO     market_history.py:63    🌐 DB insufficient (138/1500). Fetching API History for 40803: 2026-03-27 09:27:47+05:30 -> 2026-04-06 09:27:47+05:30
APR-06 09:28 INFO     market_history.py:151   ✅ Warmup complete for PE (40803): 157 candles processed.
APR-06 09:28 INFO     market_history.py:63    🌐 DB insufficient (18/1500). Fetching API History for 40684: 2026-03-27 09:27:47+05:30 -> 2026-04-06 09:27:47+05:30
APR-06 09:28 INFO     market_history.py:151   ✅ Warmup complete for CE (40684): 108 candles processed.
APR-06 09:28 INFO     market_history.py:63    🌐 DB insufficient (395/1500). Fetching API History for 40687: 2026-03-27 09:27:47+05:30 -> 2026-04-06 09:27:47+05:30
APR-06 09:28 INFO     market_history.py:151   ✅ Warmup complete for PE (40687): 1147 candles processed.
APR-06 09:28 INFO     market_history.py:63    🌐 DB insufficient (493/1500). Fetching API History for 40688: 2026-03-27 09:27:47+05:30 -> 2026-04-06 09:27:47+05:30
APR-06 09:28 INFO     market_history.py:151   ✅ Warmup complete for CE (40688): 504 candles processed.
APR-06 09:28 INFO     market_history.py:63    🌐 DB insufficient (1140/1500). Fetching API History for 40689: 2026-03-27 09:27:47+05:30 -> 2026-04-06 09:27:47+05:30
APR-06 09:28 INFO     market_history.py:151   ✅ Warmup complete for PE (40689): 1497 candles processed.
APR-06 09:28 INFO     market_history.py:63    🌐 DB insufficient (252/1500). Fetching API History for 40690: 2026-03-27 09:27:47+05:30 -> 2026-04-06 09:27:47+05:30
APR-06 09:28 INFO     market_history.py:151   ✅ Warmup complete for CE (40690): 250 candles processed.
APR-06 09:28 INFO     market_history.py:63    🌐 DB insufficient (1137/1500). Fetching API History for 40691: 2026-03-27 09:27:47+05:30 -> 2026-04-06 09:27:47+05:30
APR-06 09:28 INFO     market_history.py:151   ✅ Warmup complete for PE (40691): 1425 candles processed.
APR-06 09:28 INFO     market_history.py:63    🌐 DB insufficient (634/1500). Fetching API History for 40692: 2026-03-27 09:27:47+05:30 -> 2026-04-06 09:27:47+05:30
APR-06 09:28 INFO     market_history.py:151   ✅ Warmup complete for CE (40692): 644 candles processed.
APR-06 09:28 INFO     market_history.py:63    🌐 DB insufficient (1140/1500). Fetching API History for 40693: 2026-03-27 09:27:47+05:30 -> 2026-04-06 09:27:47+05:30
APR-06 09:28 INFO     market_history.py:151   ✅ Warmup complete for PE (40693): 1499 candles processed.
APR-06 09:28 INFO     market_history.py:63    🌐 DB insufficient (377/1500). Fetching API History for 40694: 2026-03-27 09:27:47+05:30 -> 2026-04-06 09:27:47+05:30
APR-06 09:28 INFO     market_history.py:151   ✅ Warmup complete for CE (40694): 375 candles processed.
APR-06 09:28 INFO     market_history.py:63    🌐 DB insufficient (1424/1500). Fetching API History for 40695: 2026-03-27 09:27:47+05:30 -> 2026-04-06 09:27:47+05:30
APR-06 09:28 INFO     market_history.py:151   ✅ Warmup complete for PE (40695): 1421 candles processed.
APR-06 09:28 INFO     market_history.py:63    🌐 DB insufficient (678/1500). Fetching API History for 40696: 2026-03-27 09:27:47+05:30 -> 2026-04-06 09:27:47+05:30
APR-06 09:28 INFO     market_history.py:151   ✅ Warmup complete for CE (40696): 675 candles processed.
APR-06 09:28 INFO     market_history.py:63    🌐 DB insufficient (1498/1500). Fetching API History for 40697: 2026-03-27 09:27:47+05:30 -> 2026-04-06 09:27:47+05:30
APR-06 09:28 INFO     market_history.py:151   ✅ Warmup complete for PE (40697): 1493 candles processed.
APR-06 09:28 INFO     market_history.py:63    🌐 DB insufficient (511/1500). Fetching API History for 40698: 2026-03-27 09:27:47+05:30 -> 2026-04-06 09:27:47+05:30
APR-06 09:28 INFO     market_history.py:151   ✅ Warmup complete for CE (40698): 508 candles processed.
APR-06 09:28 INFO     market_history.py:63    🌐 DB insufficient (801/1500). Fetching API History for 40699: 2026-03-27 09:27:47+05:30 -> 2026-04-06 09:27:47+05:30
APR-06 09:28 INFO     market_history.py:151   ✅ Warmup complete for PE (40699): 798 candles processed.
APR-06 09:28 INFO     market_history.py:63    🌐 DB insufficient (1407/1500). Fetching API History for 40700: 2026-03-27 09:27:47+05:30 -> 2026-04-06 09:27:47+05:30
APR-06 09:28 INFO     market_history.py:151   ✅ Warmup complete for CE (40700): 1403 candles processed.
APR-06 09:28 INFO     market_history.py:151   ✅ Warmup complete for PE (40701): 1500 candles processed.
APR-06 09:28 INFO     market_history.py:63    🌐 DB insufficient (582/1500). Fetching API History for 40703: 2026-03-27 09:27:47+05:30 -> 2026-04-06 09:27:47+05:30
APR-06 09:28 INFO     market_history.py:151   ✅ Warmup complete for CE (40703): 580 candles processed.
APR-06 09:28 INFO     live_trader.py :185   🔄 Replaying 10894 buffered ticks from warmup period...
APR-06 09:28 INFO     live_trader.py :191   ✅ Bulk Warmup Complete. Ready for Live Ticks.
APR-06 09:30 INFO     fund_manager.py:356   💚 HEARTBEAT [09:27:00 - 09:30:00] | active: NIFTY2640722650CE , inverse: NIFTY2640722650PE | State: NIFTY ema-5~21: 22647.65~ 22663.81 | ACTIVE ema-5~21: 230.69~ 263.61 | INVERSE ema-5~21: 227.27~ 258.67 | CE ema-5~21: 230.69~ 263.61 | PE ema-5~21: 227.27~ 258.67 | TRADE ema-5~21: 230.69~ 263.61 | NIFTY ema-prev-5~21: 22666.95~ 22669.29 | ACTIVE ema-prev-5~21: 241.40~ 269.04 | INVERSE ema-prev-5~21: 227.90~ 261.93 | CE ema-prev-5~21: 241.40~ 269.04 | PE ema-prev-5~21: 227.90~ 261.93 | TRADE ema-prev-5~21: 241.40~ 269.04
APR-06 09:33 INFO     fund_manager.py:356   💚 HEARTBEAT [09:30:00 - 09:33:00] | active: NIFTY2640722600CE , inverse: NIFTY2640722600PE | State: NIFTY ema-5~21: 22646.28~ 22661.97 | ACTIVE ema-5~21: 244.88~ 285.13 | INVERSE ema-5~21: 208.84~ 234.09 | CE ema-5~21: 244.88~ 285.13 | PE ema-5~21: 208.84~ 234.09 | TRADE ema-5~21: 244.88~ 285.13 | NIFTY ema-prev-5~21: 22647.65~ 22663.81 | ACTIVE ema-prev-5~21: 258.79~ 291.93 | INVERSE ema-prev-5~21: 203.78~ 235.60 | CE ema-prev-5~21: 258.79~ 291.93 | PE ema-prev-5~21: 203.78~ 235.60 | TRADE ema-prev-5~21: 258.79~ 291.93
APR-06 09:36 INFO     fund_manager.py:356   💚 HEARTBEAT [09:33:00 - 09:36:00] | active: NIFTY2640722650CE , inverse: NIFTY2640722650PE | State: NIFTY ema-5~21: 22666.09~ 22665.95 | ACTIVE ema-5~21: 214.14~ 252.53 | INVERSE ema-5~21: 230.75~ 254.52 | CE ema-5~21: 214.14~ 252.53 | PE ema-5~21: 230.75~ 254.52 | TRADE ema-5~21: 214.14~ 252.53 | NIFTY ema-prev-5~21: 22646.28~ 22661.97 | ACTIVE ema-prev-5~21: 217.79~ 257.10 | INVERSE ema-prev-5~21: 232.69~ 257.29 | CE ema-prev-5~21: 217.79~ 257.10 | PE ema-prev-5~21: 232.69~ 257.29 | TRADE ema-prev-5~21: 217.79~ 257.10
APR-06 09:39 INFO     fund_manager.py:356   💚 HEARTBEAT [09:36:00 - 09:39:00] | active: NIFTY2640722700CE , inverse: NIFTY2640722700PE | State: NIFTY ema-5~21: 22684.99~ 22671.11 | ACTIVE ema-5~21: 206.71~ 225.42 | INVERSE ema-5~21: 228.86~ 265.59 | CE ema-5~21: 206.71~ 225.42 | PE ema-5~21: 228.86~ 265.59 | TRADE ema-5~21: 206.71~ 225.42 | NIFTY ema-prev-5~21: 22666.09~ 22665.95 | ACTIVE ema-prev-5~21: 197.72~ 225.49 | INVERSE ema-prev-5~21: 241.42~ 271.77 | CE ema-prev-5~21: 197.72~ 225.49 | PE ema-prev-5~21: 241.42~ 271.77 | TRADE ema-prev-5~21: 197.72~ 225.49
APR-06 09:42 INFO     fund_manager.py:356   💚 HEARTBEAT [09:39:00 - 09:42:00] | active: NIFTY2640722700CE , inverse: NIFTY2640722700PE | State: NIFTY ema-5~21: 22667.01~ 22667.47 | ACTIVE ema-5~21: 206.71~ 225.42 | INVERSE ema-5~21: 228.86~ 265.59 | CE ema-5~21: 206.71~ 225.42 | PE ema-5~21: 228.86~ 265.59 | TRADE ema-5~21: 206.71~ 225.42 | NIFTY ema-prev-5~21: 22684.99~ 22671.11 | ACTIVE ema-prev-5~21: 197.72~ 225.49 | INVERSE ema-prev-5~21: 241.42~ 271.77 | CE ema-prev-5~21: 197.72~ 225.49 | PE ema-prev-5~21: 241.42~ 271.77 | TRADE ema-prev-5~21: 197.72~ 225.49
APR-06 09:45 INFO     fund_manager.py:356   💚 HEARTBEAT [09:42:00 - 09:45:00] | active: NIFTY2640722650CE , inverse: NIFTY2640722650PE | State: NIFTY ema-5~21: 22651.41~ 22663.18 | ACTIVE ema-5~21: 223.15~ 247.25 | INVERSE ema-5~21: 211.33~ 240.87 | CE ema-5~21: 223.15~ 247.25 | PE ema-5~21: 211.33~ 240.87 | TRADE ema-5~21: 223.15~ 247.25 | NIFTY ema-prev-5~21: 22667.01~ 22667.47 | ACTIVE ema-prev-5~21: 233.07~ 251.64 | INVERSE ema-prev-5~21: 205.60~ 242.68 | CE ema-prev-5~21: 233.07~ 251.64 | PE ema-prev-5~21: 205.60~ 242.68 | TRADE ema-prev-5~21: 233.07~ 251.64
APR-06 09:48 INFO     fund_manager.py:356   💚 HEARTBEAT [09:45:00 - 09:48:00] | active: NIFTY2640722600CE , inverse: NIFTY2640722600PE | State: NIFTY ema-5~21: 22636.51~ 22658.04 | ACTIVE ema-5~21: 241.41~ 270.48 | INVERSE ema-5~21: 193.95~ 216.77 | CE ema-5~21: 241.41~ 270.48 | PE ema-5~21: 193.95~ 216.77 | TRADE ema-5~21: 241.41~ 270.48 | NIFTY ema-prev-5~21: 22651.41~ 22663.18 | ACTIVE ema-prev-5~21: 251.11~ 275.33 | INVERSE ema-prev-5~21: 188.93~ 218.05 | CE ema-prev-5~21: 251.11~ 275.33 | PE ema-prev-5~21: 188.93~ 218.05 | TRADE ema-prev-5~21: 251.11~ 275.33
APR-06 09:51 INFO     fund_manager.py:356   💚 HEARTBEAT [09:48:00 - 09:51:00] | active: NIFTY2640722600CE , inverse: NIFTY2640722600PE | State: NIFTY ema-5~21: 22616.09~ 22650.51 | ACTIVE ema-5~21: 233.92~ 265.80 | INVERSE ema-5~21: 198.87~ 216.04 | CE ema-5~21: 233.92~ 265.80 | PE ema-5~21: 198.87~ 216.04 | TRADE ema-5~21: 233.92~ 265.80 | NIFTY ema-prev-5~21: 22636.51~ 22658.04 | ACTIVE ema-prev-5~21: 241.41~ 270.48 | INVERSE ema-prev-5~21: 193.95~ 216.77 | CE ema-prev-5~21: 241.41~ 270.48 | PE ema-prev-5~21: 193.95~ 216.77 | TRADE ema-prev-5~21: 241.41~ 270.48
APR-06 09:54 INFO     fund_manager.py:356   💚 HEARTBEAT [09:51:00 - 09:54:00] | active: NIFTY2640722600CE , inverse: NIFTY2640722600PE | State: NIFTY ema-5~21: 22605.16~ 22644.40 | ACTIVE ema-5~21: 222.68~ 259.84 | INVERSE ema-5~21: 207.60~ 216.86 | CE ema-5~21: 222.68~ 259.84 | PE ema-5~21: 207.60~ 216.86 | TRADE ema-5~21: 222.68~ 259.84 | NIFTY ema-prev-5~21: 22616.09~ 22650.51 | ACTIVE ema-prev-5~21: 233.92~ 265.80 | INVERSE ema-prev-5~21: 198.87~ 216.04 | CE ema-prev-5~21: 233.92~ 265.80 | PE ema-prev-5~21: 198.87~ 216.04 | TRADE ema-prev-5~21: 233.92~ 265.80
APR-06 09:57 INFO     fund_manager.py:356   💚 HEARTBEAT [09:54:00 - 09:57:00] | active: NIFTY2640722600CE , inverse: NIFTY2640722600PE | State: NIFTY ema-5~21: 22597.97~ 22638.88 | ACTIVE ema-5~21: 216.65~ 254.81 | INVERSE ema-5~21: 211.41~ 217.06 | CE ema-5~21: 216.65~ 254.81 | PE ema-5~21: 211.41~ 217.06 | TRADE ema-5~21: 216.65~ 254.81 | NIFTY ema-prev-5~21: 22605.16~ 22644.40 | ACTIVE ema-prev-5~21: 222.68~ 259.84 | INVERSE ema-prev-5~21: 207.60~ 216.86 | CE ema-prev-5~21: 222.68~ 259.84 | PE ema-prev-5~21: 207.60~ 216.86 | TRADE ema-prev-5~21: 222.68~ 259.84
APR-06 10:00 INFO     fund_manager.py:356   💚 HEARTBEAT [09:57:00 - 10:00:00] | active: NIFTY2640722600CE , inverse: NIFTY2640722600PE | State: NIFTY ema-5~21: 22588.41~ 22632.55 | ACTIVE ema-5~21: 212.04~ 250.09 | INVERSE ema-5~21: 214.03~ 217.26 | CE ema-5~21: 212.04~ 250.09 | PE ema-5~21: 214.03~ 217.26 | TRADE ema-5~21: 212.04~ 250.09 | NIFTY ema-prev-5~21: 22597.97~ 22638.88 | ACTIVE ema-prev-5~21: 216.65~ 254.81 | INVERSE ema-prev-5~21: 211.41~ 217.06 | CE ema-prev-5~21: 216.65~ 254.81 | PE ema-prev-5~21: 211.41~ 217.06 | TRADE ema-prev-5~21: 216.65~ 254.81
APR-06 10:03 INFO     fund_manager.py:356   💚 HEARTBEAT [10:00:00 - 10:03:00] | active: NIFTY2640722550CE , inverse: NIFTY2640722550PE | State: NIFTY ema-5~21: 22585.66~ 22627.79 | ACTIVE ema-5~21: 232.02~ 272.85 | INVERSE ema-5~21: 194.92~ 196.82 | CE ema-5~21: 232.02~ 272.85 | PE ema-5~21: 194.92~ 196.82 | TRADE ema-5~21: 232.02~ 272.85 | NIFTY ema-prev-5~21: 22588.41~ 22632.55 | ACTIVE ema-prev-5~21: 237.03~ 277.93 | INVERSE ema-prev-5~21: 192.46~ 196.52 | CE ema-prev-5~21: 237.03~ 277.93 | PE ema-prev-5~21: 192.46~ 196.52 | TRADE ema-prev-5~21: 237.03~ 277.93
APR-06 10:06 INFO     fund_manager.py:356   💚 HEARTBEAT [10:03:00 - 10:06:00] | active: NIFTY2640722600CE , inverse: NIFTY2640722600PE | State: NIFTY ema-5~21: 22587.41~ 22624.43 | ACTIVE ema-5~21: 205.18~ 241.26 | INVERSE ema-5~21: 217.46~ 217.87 | CE ema-5~21: 205.18~ 241.26 | PE ema-5~21: 217.46~ 217.87 | TRADE ema-5~21: 205.18~ 241.26 | NIFTY ema-prev-5~21: 22585.66~ 22627.79 | ACTIVE ema-prev-5~21: 206.77~ 245.19 | INVERSE ema-prev-5~21: 217.68~ 217.96 | CE ema-prev-5~21: 206.77~ 245.19 | PE ema-prev-5~21: 217.68~ 217.96 | TRADE ema-prev-5~21: 206.77~ 245.19
APR-06 10:09 INFO     fund_manager.py:356   💚 HEARTBEAT [10:06:00 - 10:09:00] | active: NIFTY2640722600CE , inverse: NIFTY2640722600PE | State: NIFTY ema-5~21: 22598.52~ 22624.10 | ACTIVE ema-5~21: 205.52~ 238.08 | INVERSE ema-5~21: 215.89~ 217.41 | CE ema-5~21: 205.52~ 238.08 | PE ema-5~21: 215.89~ 217.41 | TRADE ema-5~21: 205.52~ 238.08 | NIFTY ema-prev-5~21: 22587.41~ 22624.43 | ACTIVE ema-prev-5~21: 205.18~ 241.26 | INVERSE ema-prev-5~21: 217.46~ 217.87 | CE ema-prev-5~21: 205.18~ 241.26 | PE ema-prev-5~21: 217.46~ 217.87 | TRADE ema-prev-5~21: 205.18~ 241.26
APR-06 10:12 INFO     fund_manager.py:356   💚 HEARTBEAT [10:09:00 - 10:12:00] | active: NIFTY2640722600CE , inverse: NIFTY2640722600PE | State: NIFTY ema-5~21: 22607.66~ 22624.27 | ACTIVE ema-5~21: 210.83~ 236.57 | INVERSE ema-5~21: 208.54~ 215.27 | CE ema-5~21: 210.83~ 236.57 | PE ema-5~21: 208.54~ 215.27 | TRADE ema-5~21: 210.83~ 236.57 | NIFTY ema-prev-5~21: 22598.52~ 22624.10 | ACTIVE ema-prev-5~21: 205.52~ 238.08 | INVERSE ema-prev-5~21: 215.89~ 217.41 | CE ema-prev-5~21: 205.52~ 238.08 | PE ema-prev-5~21: 215.89~ 217.41 | TRADE ema-prev-5~21: 205.52~ 238.08
APR-06 10:15 INFO     fund_manager.py:356   💚 HEARTBEAT [10:12:00 - 10:15:00] | active: NIFTY2640722650CE , inverse: NIFTY2640722650PE | State: NIFTY ema-5~21: 22623.39~ 22627.05 | ACTIVE ema-5~21: 189.53~ 209.11 | INVERSE ema-5~21: 227.99~ 237.55 | CE ema-5~21: 189.53~ 209.11 | PE ema-5~21: 227.99~ 237.55 | TRADE ema-5~21: 189.53~ 209.11 | NIFTY ema-prev-5~21: 22607.66~ 22624.27 | ACTIVE ema-prev-5~21: 185.57~ 210.27 | INVERSE ema-prev-5~21: 233.54~ 239.61 | CE ema-prev-5~21: 185.57~ 210.27 | PE ema-prev-5~21: 233.54~ 239.61 | TRADE ema-prev-5~21: 185.57~ 210.27
APR-06 10:18 INFO     fund_manager.py:356   💚 HEARTBEAT [10:15:00 - 10:18:00] | active: NIFTY2640722650CE , inverse: NIFTY2640722650PE | State: NIFTY ema-5~21: 22633.41~ 22629.45 | ACTIVE ema-5~21: 197.74~ 209.57 | INVERSE ema-5~21: 218.61~ 234.12 | CE ema-5~21: 197.74~ 209.57 | PE ema-5~21: 218.61~ 234.12 | TRADE ema-5~21: 197.74~ 209.57 | NIFTY ema-prev-5~21: 22623.39~ 22627.05 | ACTIVE ema-prev-5~21: 189.53~ 209.11 | INVERSE ema-prev-5~21: 227.99~ 237.55 | CE ema-prev-5~21: 189.53~ 209.11 | PE ema-prev-5~21: 227.99~ 237.55 | TRADE ema-prev-5~21: 189.53~ 209.11
APR-06 10:21 INFO     fund_manager.py:356   💚 HEARTBEAT [10:18:00 - 10:21:00] | active: NIFTY2640722650CE , inverse: NIFTY2640722650PE | State: NIFTY ema-5~21: 22637.77~ 22631.00 | ACTIVE ema-5~21: 202.17~ 209.70 | INVERSE ema-5~21: 212.76~ 231.11 | CE ema-5~21: 202.17~ 209.70 | PE ema-5~21: 212.76~ 231.11 | TRADE ema-5~21: 202.17~ 209.70 | NIFTY ema-prev-5~21: 22633.41~ 22629.45 | ACTIVE ema-prev-5~21: 197.74~ 209.57 | INVERSE ema-prev-5~21: 218.61~ 234.12 | CE ema-prev-5~21: 197.74~ 209.57 | PE ema-prev-5~21: 218.61~ 234.12 | TRADE ema-prev-5~21: 197.74~ 209.57
APR-06 10:24 INFO     fund_manager.py:356   💚 HEARTBEAT [10:21:00 - 10:24:00] | active: NIFTY2640722650CE , inverse: NIFTY2640722650PE | State: NIFTY ema-5~21: 22641.17~ 22632.54 | ACTIVE ema-5~21: 204.35~ 209.61 | INVERSE ema-5~21: 210.27~ 228.77 | CE ema-5~21: 204.35~ 209.61 | PE ema-5~21: 210.27~ 228.77 | TRADE ema-5~21: 204.35~ 209.61 | NIFTY ema-prev-5~21: 22637.77~ 22631.00 | ACTIVE ema-prev-5~21: 202.17~ 209.70 | INVERSE ema-prev-5~21: 212.76~ 231.11 | CE ema-prev-5~21: 202.17~ 209.70 | PE ema-prev-5~21: 212.76~ 231.11 | TRADE ema-prev-5~21: 202.17~ 209.70
APR-06 10:27 INFO     fund_manager.py:356   💚 HEARTBEAT [10:24:00 - 10:27:00] | active: NIFTY2640722650CE , inverse: NIFTY2640722650PE | State: NIFTY ema-5~21: 22628.59~ 22629.89 | ACTIVE ema-5~21: 206.37~ 209.68 | INVERSE ema-5~21: 208.11~ 226.50 | CE ema-5~21: 206.37~ 209.68 | PE ema-5~21: 208.11~ 226.50 | TRADE ema-5~21: 206.37~ 209.68 | NIFTY ema-prev-5~21: 22641.17~ 22632.54 | ACTIVE ema-prev-5~21: 204.35~ 209.61 | INVERSE ema-prev-5~21: 210.27~ 228.77 | CE ema-prev-5~21: 204.35~ 209.61 | PE ema-prev-5~21: 210.27~ 228.77 | TRADE ema-prev-5~21: 204.35~ 209.61
APR-06 10:30 INFO     fund_manager.py:356   💚 HEARTBEAT [10:27:00 - 10:30:00] | active: NIFTY2640722600CE , inverse: NIFTY2640722600PE | State: NIFTY ema-5~21: 22630.55~ 22630.31 | ACTIVE ema-5~21: 225.57~ 233.86 | INVERSE ema-5~21: 189.32~ 202.21 | CE ema-5~21: 225.57~ 233.86 | PE ema-5~21: 189.32~ 202.21 | TRADE ema-5~21: 225.57~ 233.86 | NIFTY ema-prev-5~21: 22628.59~ 22629.89 | ACTIVE ema-prev-5~21: 232.90~ 236.15 | INVERSE ema-prev-5~21: 184.80~ 202.60 | CE ema-prev-5~21: 232.90~ 236.15 | PE ema-prev-5~21: 184.80~ 202.60 | TRADE ema-prev-5~21: 232.90~ 236.15
APR-06 10:33 INFO     fund_manager.py:356   💚 HEARTBEAT [10:30:00 - 10:33:00] | active: NIFTY2640722650CE , inverse: NIFTY2640722650PE | State: NIFTY ema-5~21: 22625.73~ 22629.02 | ACTIVE ema-5~21: 199.85~ 206.87 | INVERSE ema-5~21: 209.84~ 224.10 | CE ema-5~21: 199.85~ 206.87 | PE ema-5~21: 209.84~ 224.10 | TRADE ema-5~21: 199.85~ 206.87 | NIFTY ema-prev-5~21: 22630.55~ 22630.31 | ACTIVE ema-prev-5~21: 199.38~ 207.47 | INVERSE ema-prev-5~21: 213.01~ 226.16 | CE ema-prev-5~21: 199.38~ 207.47 | PE ema-prev-5~21: 213.01~ 226.16 | TRADE ema-prev-5~21: 199.38~ 207.47
APR-06 10:36 INFO     fund_manager.py:356   💚 HEARTBEAT [10:33:00 - 10:36:00] | active: NIFTY2640722600CE , inverse: NIFTY2640722600PE | State: NIFTY ema-5~21: 22631.87~ 22630.39 | ACTIVE ema-5~21: 225.09~ 231.43 | INVERSE ema-5~21: 184.60~ 197.43 | CE ema-5~21: 225.09~ 231.43 | PE ema-5~21: 184.60~ 197.43 | TRADE ema-5~21: 225.09~ 231.43 | NIFTY ema-prev-5~21: 22625.73~ 22629.02 | ACTIVE ema-prev-5~21: 221.66~ 231.38 | INVERSE ema-prev-5~21: 187.55~ 199.31 | CE ema-prev-5~21: 221.66~ 231.38 | PE ema-prev-5~21: 187.55~ 199.31 | TRADE ema-prev-5~21: 221.66~ 231.38
APR-06 10:39 INFO     fund_manager.py:356   💚 HEARTBEAT [10:36:00 - 10:39:00] | active: NIFTY2640722650CE , inverse: NIFTY2640722650PE | State: NIFTY ema-5~21: 22634.50~ 22631.24 | ACTIVE ema-5~21: 198.65~ 205.05 | INVERSE ema-5~21: 208.37~ 221.32 | CE ema-5~21: 198.65~ 205.05 | PE ema-5~21: 208.37~ 221.32 | TRADE ema-5~21: 198.65~ 205.05 | NIFTY ema-prev-5~21: 22631.87~ 22630.39 | ACTIVE ema-prev-5~21: 195.77~ 205.12 | INVERSE ema-prev-5~21: 211.23~ 223.18 | CE ema-prev-5~21: 195.77~ 205.12 | PE ema-prev-5~21: 211.23~ 223.18 | TRADE ema-prev-5~21: 195.77~ 205.12
APR-06 10:42 INFO     fund_manager.py:356   💚 HEARTBEAT [10:39:00 - 10:42:00] | active: NIFTY2640722650CE , inverse: NIFTY2640722650PE | State: NIFTY ema-5~21: 22634.93~ 22631.66 | ACTIVE ema-5~21: 199.10~ 204.59 | INVERSE ema-5~21: 206.40~ 219.60 | CE ema-5~21: 199.10~ 204.59 | PE ema-5~21: 206.40~ 219.60 | TRADE ema-5~21: 199.10~ 204.59 | NIFTY ema-prev-5~21: 22634.50~ 22631.24 | ACTIVE ema-prev-5~21: 198.65~ 205.05 | INVERSE ema-prev-5~21: 208.37~ 221.32 | CE ema-prev-5~21: 198.65~ 205.05 | PE ema-prev-5~21: 208.37~ 221.32 | TRADE ema-prev-5~21: 198.65~ 205.05
APR-06 10:45 INFO     fund_manager.py:356   💚 HEARTBEAT [10:42:00 - 10:45:00] | active: NIFTY2640722650CE , inverse: NIFTY2640722650PE | State: NIFTY ema-5~21: 22641.12~ 22633.64 | ACTIVE ema-5~21: 198.98~ 204.06 | INVERSE ema-5~21: 205.93~ 218.27 | CE ema-5~21: 198.98~ 204.06 | PE ema-5~21: 205.93~ 218.27 | TRADE ema-5~21: 198.98~ 204.06 | NIFTY ema-prev-5~21: 22634.93~ 22631.66 | ACTIVE ema-prev-5~21: 199.10~ 204.59 | INVERSE ema-prev-5~21: 206.40~ 219.60 | CE ema-prev-5~21: 199.10~ 204.59 | PE ema-prev-5~21: 206.40~ 219.60 | TRADE ema-prev-5~21: 199.10~ 204.59
APR-06 10:48 INFO     fund_manager.py:356   💚 HEARTBEAT [10:45:00 - 10:48:00] | active: NIFTY2640722650CE , inverse: NIFTY2640722650PE | State: NIFTY ema-5~21: 22647.51~ 22636.07 | ACTIVE ema-5~21: 202.37~ 204.52 | INVERSE ema-5~21: 203.80~ 216.57 | CE ema-5~21: 202.37~ 204.52 | PE ema-5~21: 203.80~ 216.57 | TRADE ema-5~21: 202.37~ 204.52 | NIFTY ema-prev-5~21: 22641.12~ 22633.64 | ACTIVE ema-prev-5~21: 198.98~ 204.06 | INVERSE ema-prev-5~21: 205.93~ 218.27 | CE ema-prev-5~21: 198.98~ 204.06 | PE ema-prev-5~21: 205.93~ 218.27 | TRADE ema-prev-5~21: 198.98~ 204.06
APR-06 10:48 INFO     fund_manager.py:514   ⭕ Signal: LONG (PYTHON: Triple Lock CALL Entry) | Time: 06-Apr 10:48 | Timeframe: 180s | State: NIFTY ema-5~21: 22647.51~ 22636.07 | ACTIVE ema-5~21: 206.60~ 205.48 | INVERSE ema-5~21: 200.44~ 214.49 | CE ema-5~21: 206.60~ 205.48 | PE ema-5~21: 200.44~ 214.49 | TRADE ema-5~21: 206.60~ 205.48 | NIFTY ema-prev-5~21: 22641.12~ 22633.64 | ACTIVE ema-prev-5~21: 202.37~ 204.52 | INVERSE ema-prev-5~21: 203.80~ 216.57 | CE ema-prev-5~21: 202.37~ 204.52 | PE ema-prev-5~21: 203.80~ 216.57 | TRADE ema-prev-5~21: 202.37~ 204.52
APR-06 10:48 INFO     position_manager.py:655   🔵 [06-APR-26 10:48] Entry | NIFTY2640722650CE | Purchased 14 lots(910) @ 215.05 | Total: 195,695
APR-06 10:48 INFO     trade_event.py :49    ⭕ Signal: LONG (PYTHON: Triple Lock CALL Entry) | Time: 10:48:00 | Timeframe: 180s | State: NIFTY ema-5~21: 22647.51~ 22636.07 | ACTIVE ema-5~21: 206.60~ 205.48 | INVERSE ema-5~21: 200.44~ 214.49 | CE ema-5~21: 206.60~ 205.48 | PE ema-5~21: 200.44~ 214.49 | TRADE ema-5~21: 206.60~ 205.48 | NIFTY ema-prev-5~21: 22641.12~ 22633.64 | ACTIVE ema-prev-5~21: 202.37~ 204.52 | INVERSE ema-prev-5~21: 203.80~ 216.57 | CE ema-prev-5~21: 202.37~ 204.52 | PE ema-prev-5~21: 203.80~ 216.57 | TRADE ema-prev-5~21: 202.37~ 204.52
APR-06 10:48 INFO     position_manager.py:759   🔴 [06-APR-26 10:48] Exit STOP_LOSS: 205.80 | NIFTY2640722650CE | Sold 14 lots(910) @ 205.80 | Total: 187,278 | Action PnL: -8,417 | Cycle PnL: -8,417 | Session PnL: -8,417
APR-06 10:48 INFO     trade_persistence.py:223   ✅ Session Summary saved for apr06-0927-triple-cq7-python in livetrade (0 cycles)
APR-06 10:51 INFO     fund_manager.py:356   💚 HEARTBEAT [10:48:00 - 10:51:00] | active: NIFTY2640722650CE , inverse: NIFTY2640722650PE | State: NIFTY ema-5~21: 22654.01~ 22638.88 | ACTIVE ema-5~21: 206.60~ 205.48 | INVERSE ema-5~21: 200.44~ 214.49 | CE ema-5~21: 206.60~ 205.48 | PE ema-5~21: 200.44~ 214.49 | TRADE ema-5~21: 206.60~ 205.48 | NIFTY ema-prev-5~21: 22647.51~ 22636.07 | ACTIVE ema-prev-5~21: 202.37~ 204.52 | INVERSE ema-prev-5~21: 203.80~ 216.57 | CE ema-prev-5~21: 202.37~ 204.52 | PE ema-prev-5~21: 203.80~ 216.57 | TRADE ema-prev-5~21: 202.37~ 204.52
APR-06 10:54 INFO     fund_manager.py:356   💚 HEARTBEAT [10:51:00 - 10:54:00] | active: NIFTY2640722650CE , inverse: NIFTY2640722650PE | State: NIFTY ema-5~21: 22643.92~ 22637.50 | ACTIVE ema-5~21: 209.90~ 206.48 | INVERSE ema-5~21: 197.17~ 212.32 | CE ema-5~21: 209.90~ 206.48 | PE ema-5~21: 197.17~ 212.32 | TRADE ema-5~21: 209.90~ 206.48 | NIFTY ema-prev-5~21: 22654.01~ 22638.88 | ACTIVE ema-prev-5~21: 206.60~ 205.48 | INVERSE ema-prev-5~21: 200.44~ 214.49 | CE ema-prev-5~21: 206.60~ 205.48 | PE ema-prev-5~21: 200.44~ 214.49 | TRADE ema-prev-5~21: 206.60~ 205.48
APR-06 10:57 INFO     fund_manager.py:356   💚 HEARTBEAT [10:54:00 - 10:57:00] | active: NIFTY2640722600CE , inverse: NIFTY2640722600PE | State: NIFTY ema-5~21: 22642.43~ 22637.68 | ACTIVE ema-5~21: 231.20~ 231.89 | INVERSE ema-5~21: 178.23~ 187.68 | CE ema-5~21: 231.20~ 231.89 | PE ema-5~21: 178.23~ 187.68 | TRADE ema-5~21: 231.20~ 231.89 | NIFTY ema-prev-5~21: 22643.92~ 22637.50 | ACTIVE ema-prev-5~21: 231.72~ 232.06 | INVERSE ema-prev-5~21: 178.59~ 188.69 | CE ema-prev-5~21: 231.72~ 232.06 | PE ema-prev-5~21: 178.59~ 188.69 | TRADE ema-prev-5~21: 231.72~ 232.06
APR-06 11:00 INFO     fund_manager.py:356   💚 HEARTBEAT [10:57:00 - 11:00:00] | active: NIFTY2640722650CE , inverse: NIFTY2640722650PE | State: NIFTY ema-5~21: 22640.24~ 22637.51 | ACTIVE ema-5~21: 204.10~ 205.15 | INVERSE ema-5~21: 201.09~ 211.05 | CE ema-5~21: 204.10~ 205.15 | PE ema-5~21: 201.09~ 211.05 | TRADE ema-5~21: 204.10~ 205.15 | NIFTY ema-prev-5~21: 22642.43~ 22637.68 | ACTIVE ema-prev-5~21: 204.70~ 205.37 | INVERSE ema-prev-5~21: 201.57~ 212.14 | CE ema-prev-5~21: 204.70~ 205.37 | PE ema-prev-5~21: 201.57~ 212.14 | TRADE ema-prev-5~21: 204.70~ 205.37
APR-06 11:03 INFO     fund_manager.py:356   💚 HEARTBEAT [11:00:00 - 11:03:00] | active: NIFTY2640722650CE , inverse: NIFTY2640722650PE | State: NIFTY ema-5~21: 22629.24~ 22634.76 | ACTIVE ema-5~21: 200.98~ 204.20 | INVERSE ema-5~21: 201.80~ 210.34 | CE ema-5~21: 200.98~ 204.20 | PE ema-5~21: 201.80~ 210.34 | TRADE ema-5~21: 200.98~ 204.20 | NIFTY ema-prev-5~21: 22640.24~ 22637.51 | ACTIVE ema-prev-5~21: 204.10~ 205.15 | INVERSE ema-prev-5~21: 201.09~ 211.05 | CE ema-prev-5~21: 204.10~ 205.15 | PE ema-prev-5~21: 201.09~ 211.05 | TRADE ema-prev-5~21: 204.10~ 205.15
APR-06 11:06 INFO     fund_manager.py:356   💚 HEARTBEAT [11:03:00 - 11:06:00] | active: NIFTY2640722600CE , inverse: NIFTY2640722600PE | State: NIFTY ema-5~21: 22617.33~ 22631.01 | ACTIVE ema-5~21: 220.72~ 228.70 | INVERSE ema-5~21: 184.30~ 187.73 | CE ema-5~21: 220.72~ 228.70 | PE ema-5~21: 184.30~ 187.73 | TRADE ema-5~21: 220.72~ 228.70 | NIFTY ema-prev-5~21: 22629.24~ 22634.76 | ACTIVE ema-prev-5~21: 228.03~ 230.96 | INVERSE ema-prev-5~21: 178.80~ 186.97 | CE ema-prev-5~21: 228.03~ 230.96 | PE ema-prev-5~21: 178.80~ 186.97 | TRADE ema-prev-5~21: 228.03~ 230.96
APR-06 11:06 INFO     fund_manager.py:514   ⭕ Signal: SHORT (PYTHON: Triple Lock PUT Entry) | Time: 06-Apr 11:06 | Timeframe: 180s | State: NIFTY ema-5~21: 22617.33~ 22631.01 | ACTIVE ema-5~21: 214.11~ 226.17 | INVERSE ema-5~21: 189.82~ 188.92 | CE ema-5~21: 214.11~ 226.17 | PE ema-5~21: 189.82~ 188.92 | TRADE ema-5~21: 214.11~ 226.17 | NIFTY ema-prev-5~21: 22629.24~ 22634.76 | ACTIVE ema-prev-5~21: 220.72~ 228.70 | INVERSE ema-prev-5~21: 184.30~ 187.73 | CE ema-prev-5~21: 220.72~ 228.70 | PE ema-prev-5~21: 184.30~ 187.73 | TRADE ema-prev-5~21: 220.72~ 228.70
APR-06 11:06 INFO     position_manager.py:655   🔵 [06-APR-26 11:06] Entry | NIFTY2640722600PE | Purchased 15 lots(975) @ 200.85 | Total: 195,828
APR-06 11:06 INFO     trade_event.py :49    ⭕ Signal: SHORT (PYTHON: Triple Lock PUT Entry) | Time: 11:06:00 | Timeframe: 180s | State: NIFTY ema-5~21: 22617.33~ 22631.01 | ACTIVE ema-5~21: 214.11~ 226.17 | INVERSE ema-5~21: 189.82~ 188.92 | CE ema-5~21: 214.11~ 226.17 | PE ema-5~21: 189.82~ 188.92 | TRADE ema-5~21: 214.11~ 226.17 | NIFTY ema-prev-5~21: 22629.24~ 22634.76 | ACTIVE ema-prev-5~21: 220.72~ 228.70 | INVERSE ema-prev-5~21: 184.30~ 187.73 | CE ema-prev-5~21: 220.72~ 228.70 | PE ema-prev-5~21: 184.30~ 187.73 | TRADE ema-prev-5~21: 220.72~ 228.70
APR-06 11:08 INFO     position_manager.py:457   🤟 [06-APR 11:08] Break-Even Triggered! SL moved to Entry (200.85)
APR-06 11:08 INFO     trade_persistence.py:223   ✅ Session Summary saved for apr06-0927-triple-cq7-python in livetrade (1 cycles)
APR-06 11:08 INFO     position_manager.py:716   🟠 [06-APR-26 11:08] TARGET_1 Hit | NIFTY2640722600PE | Sold 7 lots(455) @ 207.85 | Total: 94,571 | Action PnL: +3,185
APR-06 11:08 INFO     position_manager.py:759   🟢 [06-APR-26 11:08] Exit TSL_ID: trade-ema-5: 214.11 | NIFTY2640722600PE | Sold 8 lots(520) @ 207.85 | Total: 108,082 | Action PnL: +3,640 | Cycle PnL: +6,825 | Session PnL: -1,592
APR-06 11:08 INFO     trade_persistence.py:223   ✅ Session Summary saved for apr06-0927-triple-cq7-python in livetrade (2 cycles)
APR-06 11:09 INFO     fund_manager.py:356   💚 HEARTBEAT [11:06:00 - 11:09:00] | active: NIFTY2640722600CE , inverse: NIFTY2640722600PE | State: NIFTY ema-5~21: 22610.25~ 22627.84 | ACTIVE ema-5~21: 214.11~ 226.17 | INVERSE ema-5~21: 193.99~ 190.14 | CE ema-5~21: 214.11~ 226.17 | PE ema-5~21: 193.99~ 190.14 | TRADE ema-5~21: 214.11~ 226.17 | NIFTY ema-prev-5~21: 22617.33~ 22631.01 | ACTIVE ema-prev-5~21: 220.72~ 228.70 | INVERSE ema-prev-5~21: 189.82~ 188.92 | CE ema-prev-5~21: 220.72~ 228.70 | PE ema-prev-5~21: 189.82~ 188.92 | TRADE ema-prev-5~21: 220.72~ 228.70
APR-06 11:12 INFO     fund_manager.py:356   💚 HEARTBEAT [11:09:00 - 11:12:00] | active: NIFTY2640722600CE , inverse: NIFTY2640722600PE | State: NIFTY ema-5~21: 22590.72~ 22620.91 | ACTIVE ema-5~21: 210.39~ 224.06 | INVERSE ema-5~21: 193.99~ 190.14 | CE ema-5~21: 210.39~ 224.06 | PE ema-5~21: 193.99~ 190.14 | TRADE ema-5~21: 210.39~ 224.06 | NIFTY ema-prev-5~21: 22610.25~ 22627.84 | ACTIVE ema-prev-5~21: 214.11~ 226.17 | INVERSE ema-prev-5~21: 189.82~ 188.92 | CE ema-prev-5~21: 214.11~ 226.17 | PE ema-prev-5~21: 189.82~ 188.92 | TRADE ema-prev-5~21: 214.11~ 226.17
APR-06 11:15 INFO     fund_manager.py:356   💚 HEARTBEAT [11:12:00 - 11:15:00] | active: NIFTY2640722550CE , inverse: NIFTY2640722550PE | State: NIFTY ema-5~21: 22583.08~ 22616.08 | ACTIVE ema-5~21: 227.81~ 248.16 | INVERSE ema-5~21: 181.63~ 171.52 | CE ema-5~21: 227.81~ 248.16 | PE ema-5~21: 181.63~ 171.52 | TRADE ema-5~21: 227.81~ 248.16 | NIFTY ema-prev-5~21: 22590.72~ 22620.91 | ACTIVE ema-prev-5~21: 238.01~ 252.24 | INVERSE ema-prev-5~21: 171.72~ 168.53 | CE ema-prev-5~21: 238.01~ 252.24 | PE ema-prev-5~21: 171.72~ 168.53 | TRADE ema-prev-5~21: 238.01~ 252.24
APR-06 11:18 INFO     fund_manager.py:356   💚 HEARTBEAT [11:15:00 - 11:18:00] | active: NIFTY2640722550CE , inverse: NIFTY2640722550PE | State: NIFTY ema-5~21: 22585.49~ 22613.74 | ACTIVE ema-5~21: 222.09~ 244.75 | INVERSE ema-5~21: 185.09~ 173.38 | CE ema-5~21: 222.09~ 244.75 | PE ema-5~21: 185.09~ 173.38 | TRADE ema-5~21: 222.09~ 244.75 | NIFTY ema-prev-5~21: 22583.08~ 22616.08 | ACTIVE ema-prev-5~21: 227.81~ 248.16 | INVERSE ema-prev-5~21: 181.63~ 171.52 | CE ema-prev-5~21: 227.81~ 248.16 | PE ema-prev-5~21: 181.63~ 171.52 | TRADE ema-prev-5~21: 227.81~ 248.16
APR-06 11:21 INFO     fund_manager.py:356   💚 HEARTBEAT [11:18:00 - 11:21:00] | active: NIFTY2640722600CE , inverse: NIFTY2640722600PE | State: NIFTY ema-5~21: 22594.31~ 22613.58 | ACTIVE ema-5~21: 194.90~ 214.88 | INVERSE ema-5~21: 208.33~ 196.62 | CE ema-5~21: 194.90~ 214.88 | PE ema-5~21: 208.33~ 196.62 | TRADE ema-5~21: 194.90~ 214.88 | NIFTY ema-prev-5~21: 22585.49~ 22613.74 | ACTIVE ema-prev-5~21: 195.52~ 217.00 | INVERSE ema-prev-5~21: 208.72~ 195.53 | CE ema-prev-5~21: 195.52~ 217.00 | PE ema-prev-5~21: 208.72~ 195.53 | TRADE ema-prev-5~21: 195.52~ 217.00
APR-06 11:24 INFO     fund_manager.py:356   💚 HEARTBEAT [11:21:00 - 11:24:00] | active: NIFTY2640722600CE , inverse: NIFTY2640722600PE | State: NIFTY ema-5~21: 22601.99~ 22613.92 | ACTIVE ema-5~21: 201.14~ 213.34 | INVERSE ema-5~21: 199.67~ 195.99 | CE ema-5~21: 201.14~ 213.34 | PE ema-5~21: 199.67~ 195.99 | TRADE ema-5~21: 201.14~ 213.34 | NIFTY ema-prev-5~21: 22594.31~ 22613.58 | ACTIVE ema-prev-5~21: 198.33~ 214.00 | INVERSE ema-prev-5~21: 203.69~ 196.42 | CE ema-prev-5~21: 198.33~ 214.00 | PE ema-prev-5~21: 203.69~ 196.42 | TRADE ema-prev-5~21: 198.33~ 214.00
APR-06 11:27 INFO     fund_manager.py:356   💚 HEARTBEAT [11:24:00 - 11:27:00] | active: NIFTY2640722600CE , inverse: NIFTY2640722600PE | State: NIFTY ema-5~21: 22604.06~ 22613.40 | ACTIVE ema-5~21: 201.14~ 213.34 | INVERSE ema-5~21: 199.67~ 195.99 | CE ema-5~21: 201.14~ 213.34 | PE ema-5~21: 199.67~ 195.99 | TRADE ema-5~21: 201.14~ 213.34 | NIFTY ema-prev-5~21: 22601.99~ 22613.92 | ACTIVE ema-prev-5~21: 198.33~ 214.00 | INVERSE ema-prev-5~21: 203.69~ 196.42 | CE ema-prev-5~21: 198.33~ 214.00 | PE ema-prev-5~21: 203.69~ 196.42 | TRADE ema-prev-5~21: 198.33~ 214.00
APR-06 11:30 INFO     fund_manager.py:356   💚 HEARTBEAT [11:27:00 - 11:30:00] | active: NIFTY2640722600CE , inverse: NIFTY2640722600PE | State: NIFTY ema-5~21: 22612.47~ 22614.85 | ACTIVE ema-5~21: 202.79~ 212.68 | INVERSE ema-5~21: 197.45~ 195.71 | CE ema-5~21: 202.79~ 212.68 | PE ema-5~21: 197.45~ 195.71 | TRADE ema-5~21: 202.79~ 212.68 | NIFTY ema-prev-5~21: 22604.06~ 22613.40 | ACTIVE ema-prev-5~21: 201.14~ 213.34 | INVERSE ema-prev-5~21: 199.67~ 195.99 | CE ema-prev-5~21: 201.14~ 213.34 | PE ema-prev-5~21: 199.67~ 195.99 | TRADE ema-prev-5~21: 201.14~ 213.34
APR-06 11:33 INFO     fund_manager.py:356   💚 HEARTBEAT [11:30:00 - 11:33:00] | active: NIFTY2640722650CE , inverse: NIFTY2640722650PE | State: NIFTY ema-5~21: 22609.78~ 22613.90 | ACTIVE ema-5~21: 181.46~ 187.29 | INVERSE ema-5~21: 217.09~ 218.87 | CE ema-5~21: 181.46~ 187.29 | PE ema-5~21: 217.09~ 218.87 | TRADE ema-5~21: 181.46~ 187.29 | NIFTY ema-prev-5~21: 22612.47~ 22614.85 | ACTIVE ema-prev-5~21: 177.96~ 187.17 | INVERSE ema-prev-5~21: 222.11~ 220.05 | CE ema-prev-5~21: 177.96~ 187.17 | PE ema-prev-5~21: 222.11~ 220.05 | TRADE ema-prev-5~21: 177.96~ 187.17
APR-06 11:36 INFO     fund_manager.py:356   💚 HEARTBEAT [11:33:00 - 11:36:00] | active: NIFTY2640722600CE , inverse: NIFTY2640722600PE | State: NIFTY ema-5~21: 22610.97~ 22613.85 | ACTIVE ema-5~21: 204.99~ 211.82 | INVERSE ema-5~21: 193.70~ 194.67 | CE ema-5~21: 204.99~ 211.82 | PE ema-5~21: 193.70~ 194.67 | TRADE ema-5~21: 204.99~ 211.82 | NIFTY ema-prev-5~21: 22609.78~ 22613.90 | ACTIVE ema-prev-5~21: 206.71~ 212.85 | INVERSE ema-prev-5~21: 192.55~ 194.54 | CE ema-prev-5~21: 206.71~ 212.85 | PE ema-prev-5~21: 192.55~ 194.54 | TRADE ema-prev-5~21: 206.71~ 212.85
APR-06 11:39 INFO     fund_manager.py:356   💚 HEARTBEAT [11:36:00 - 11:39:00] | active: NIFTY2640722600CE , inverse: NIFTY2640722600PE | State: NIFTY ema-5~21: 22620.91~ 22616.30 | ACTIVE ema-5~21: 204.94~ 211.19 | INVERSE ema-5~21: 192.78~ 194.33 | CE ema-5~21: 204.94~ 211.19 | PE ema-5~21: 192.78~ 194.33 | TRADE ema-5~21: 204.94~ 211.19 | NIFTY ema-prev-5~21: 22610.97~ 22613.85 | ACTIVE ema-prev-5~21: 204.99~ 211.82 | INVERSE ema-prev-5~21: 193.70~ 194.67 | CE ema-prev-5~21: 204.99~ 211.82 | PE ema-prev-5~21: 193.70~ 194.67 | TRADE ema-prev-5~21: 204.99~ 211.82
APR-06 11:42 INFO     fund_manager.py:356   💚 HEARTBEAT [11:39:00 - 11:42:00] | active: NIFTY2640722650CE , inverse: NIFTY2640722650PE | State: NIFTY ema-5~21: 22624.08~ 22617.58 | ACTIVE ema-5~21: 184.96~ 186.56 | INVERSE ema-5~21: 212.01~ 217.16 | CE ema-5~21: 184.96~ 186.56 | PE ema-5~21: 212.01~ 217.16 | TRADE ema-5~21: 184.96~ 186.56 | NIFTY ema-prev-5~21: 22620.91~ 22616.30 | ACTIVE ema-prev-5~21: 179.56~ 185.64 | INVERSE ema-prev-5~21: 217.64~ 218.80 | CE ema-prev-5~21: 179.56~ 185.64 | PE ema-prev-5~21: 217.64~ 218.80 | TRADE ema-prev-5~21: 179.56~ 185.64
APR-06 11:45 INFO     fund_manager.py:356   💚 HEARTBEAT [11:42:00 - 11:45:00] | active: NIFTY2640722650CE , inverse: NIFTY2640722650PE | State: NIFTY ema-5~21: 22630.85~ 22620.02 | ACTIVE ema-5~21: 185.77~ 186.63 | INVERSE ema-5~21: 210.04~ 216.15 | CE ema-5~21: 185.77~ 186.63 | PE ema-5~21: 210.04~ 216.15 | TRADE ema-5~21: 185.77~ 186.63 | NIFTY ema-prev-5~21: 22624.08~ 22617.58 | ACTIVE ema-prev-5~21: 184.96~ 186.56 | INVERSE ema-prev-5~21: 212.01~ 217.16 | CE ema-prev-5~21: 184.96~ 186.56 | PE ema-prev-5~21: 212.01~ 217.16 | TRADE ema-prev-5~21: 184.96~ 186.56
APR-06 11:45 INFO     fund_manager.py:514   ⭕ Signal: LONG (PYTHON: Triple Lock CALL Entry) | Time: 06-Apr 11:45 | Timeframe: 180s | State: NIFTY ema-5~21: 22630.85~ 22620.02 | ACTIVE ema-5~21: 189.00~ 187.44 | INVERSE ema-5~21: 206.08~ 214.52 | CE ema-5~21: 189.00~ 187.44 | PE ema-5~21: 206.08~ 214.52 | TRADE ema-5~21: 189.00~ 187.44 | NIFTY ema-prev-5~21: 22624.08~ 22617.58 | ACTIVE ema-prev-5~21: 185.77~ 186.63 | INVERSE ema-prev-5~21: 210.04~ 216.15 | CE ema-prev-5~21: 185.77~ 186.63 | PE ema-prev-5~21: 210.04~ 216.15 | TRADE ema-prev-5~21: 185.77~ 186.63
APR-06 11:45 INFO     position_manager.py:655   🔵 [06-APR-26 11:45] Entry | NIFTY2640722650CE | Purchased 15 lots(975) @ 195.45 | Total: 190,563
APR-06 11:45 INFO     trade_event.py :49    ⭕ Signal: LONG (PYTHON: Triple Lock CALL Entry) | Time: 11:45:00 | Timeframe: 180s | State: NIFTY ema-5~21: 22630.85~ 22620.02 | ACTIVE ema-5~21: 189.00~ 187.44 | INVERSE ema-5~21: 206.08~ 214.52 | CE ema-5~21: 189.00~ 187.44 | PE ema-5~21: 206.08~ 214.52 | TRADE ema-5~21: 189.00~ 187.44 | NIFTY ema-prev-5~21: 22624.08~ 22617.58 | ACTIVE ema-prev-5~21: 185.77~ 186.63 | INVERSE ema-prev-5~21: 210.04~ 216.15 | CE ema-prev-5~21: 185.77~ 186.63 | PE ema-prev-5~21: 210.04~ 216.15 | TRADE ema-prev-5~21: 185.77~ 186.63
APR-06 11:46 INFO     position_manager.py:759   🔴 [06-APR-26 11:46] Exit STOP_LOSS: 187.30 | NIFTY2640722650CE | Sold 15 lots(975) @ 187.30 | Total: 182,617 | Action PnL: -7,946 | Cycle PnL: -7,946 | Session PnL: -9,538
APR-06 11:46 INFO     trade_persistence.py:223   ✅ Session Summary saved for apr06-0927-triple-cq7-python in livetrade (2 cycles)
APR-06 11:48 INFO     fund_manager.py:356   💚 HEARTBEAT [11:45:00 - 11:48:00] | active: NIFTY2640722650CE , inverse: NIFTY2640722650PE | State: NIFTY ema-5~21: 22641.45~ 22623.89 | ACTIVE ema-5~21: 189.00~ 187.44 | INVERSE ema-5~21: 206.08~ 214.52 | CE ema-5~21: 189.00~ 187.44 | PE ema-5~21: 206.08~ 214.52 | TRADE ema-5~21: 189.00~ 187.44 | NIFTY ema-prev-5~21: 22630.85~ 22620.02 | ACTIVE ema-prev-5~21: 185.77~ 186.63 | INVERSE ema-prev-5~21: 210.04~ 216.15 | CE ema-prev-5~21: 185.77~ 186.63 | PE ema-prev-5~21: 210.04~ 216.15 | TRADE ema-prev-5~21: 185.77~ 186.63
APR-06 11:51 INFO     fund_manager.py:356   💚 HEARTBEAT [11:48:00 - 11:51:00] | active: NIFTY2640722650CE , inverse: NIFTY2640722650PE | State: NIFTY ema-5~21: 22649.28~ 22627.63 | ACTIVE ema-5~21: 193.83~ 188.90 | INVERSE ema-5~21: 202.22~ 212.70 | CE ema-5~21: 193.83~ 188.90 | PE ema-5~21: 202.22~ 212.70 | TRADE ema-5~21: 193.83~ 188.90 | NIFTY ema-prev-5~21: 22641.45~ 22623.89 | ACTIVE ema-prev-5~21: 189.00~ 187.44 | INVERSE ema-prev-5~21: 206.08~ 214.52 | CE ema-prev-5~21: 189.00~ 187.44 | PE ema-prev-5~21: 206.08~ 214.52 | TRADE ema-prev-5~21: 189.00~ 187.44
APR-06 11:54 INFO     fund_manager.py:356   💚 HEARTBEAT [11:51:00 - 11:54:00] | active: NIFTY2640722650CE , inverse: NIFTY2640722650PE | State: NIFTY ema-5~21: 22652.87~ 22630.57 | ACTIVE ema-5~21: 197.04~ 190.22 | INVERSE ema-5~21: 199.16~ 210.91 | CE ema-5~21: 197.04~ 190.22 | PE ema-5~21: 199.16~ 210.91 | TRADE ema-5~21: 197.04~ 190.22 | NIFTY ema-prev-5~21: 22649.28~ 22627.63 | ACTIVE ema-prev-5~21: 193.83~ 188.90 | INVERSE ema-prev-5~21: 202.22~ 212.70 | CE ema-prev-5~21: 193.83~ 188.90 | PE ema-prev-5~21: 202.22~ 212.70 | TRADE ema-prev-5~21: 193.83~ 188.90
APR-06 11:57 INFO     fund_manager.py:356   💚 HEARTBEAT [11:54:00 - 11:57:00] | active: NIFTY2640722650CE , inverse: NIFTY2640722650PE | State: NIFTY ema-5~21: 22670.81~ 22637.49 | ACTIVE ema-5~21: 199.36~ 191.47 | INVERSE ema-5~21: 197.51~ 209.39 | CE ema-5~21: 199.36~ 191.47 | PE ema-5~21: 197.51~ 209.39 | TRADE ema-5~21: 199.36~ 191.47 | NIFTY ema-prev-5~21: 22652.87~ 22630.57 | ACTIVE ema-prev-5~21: 197.04~ 190.22 | INVERSE ema-prev-5~21: 199.16~ 210.91 | CE ema-prev-5~21: 197.04~ 190.22 | PE ema-prev-5~21: 199.16~ 210.91 | TRADE ema-prev-5~21: 197.04~ 190.22
APR-06 12:00 INFO     fund_manager.py:356   💚 HEARTBEAT [11:57:00 - 12:00:00] | active: NIFTY2640722700CE , inverse: NIFTY2640722700PE | State: NIFTY ema-5~21: 22672.68~ 22641.03 | ACTIVE ema-5~21: 185.90~ 171.43 | INVERSE ema-5~21: 214.22~ 232.12 | CE ema-5~21: 185.90~ 171.43 | PE ema-5~21: 214.22~ 232.12 | TRADE ema-5~21: 185.90~ 171.43 | NIFTY ema-prev-5~21: 22670.81~ 22637.49 | ACTIVE ema-prev-5~21: 174.52~ 167.71 | INVERSE ema-prev-5~21: 222.97~ 235.66 | CE ema-prev-5~21: 174.52~ 167.71 | PE ema-prev-5~21: 222.97~ 235.66 | TRADE ema-prev-5~21: 174.52~ 167.71
APR-06 12:03 INFO     fund_manager.py:356   💚 HEARTBEAT [12:00:00 - 12:03:00] | active: NIFTY2640722700CE , inverse: NIFTY2640722700PE | State: NIFTY ema-5~21: 22671.92~ 22643.70 | ACTIVE ema-5~21: 187.45~ 173.17 | INVERSE ema-5~21: 212.26~ 229.96 | CE ema-5~21: 187.45~ 173.17 | PE ema-5~21: 212.26~ 229.96 | TRADE ema-5~21: 187.45~ 173.17 | NIFTY ema-prev-5~21: 22672.68~ 22641.03 | ACTIVE ema-prev-5~21: 185.90~ 171.43 | INVERSE ema-prev-5~21: 214.22~ 232.12 | CE ema-prev-5~21: 185.90~ 171.43 | PE ema-prev-5~21: 214.22~ 232.12 | TRADE ema-prev-5~21: 185.90~ 171.43
APR-06 12:06 INFO     fund_manager.py:356   💚 HEARTBEAT [12:03:00 - 12:06:00] | active: NIFTY2640722650CE , inverse: NIFTY2640722650PE | State: NIFTY ema-5~21: 22672.33~ 22646.38 | ACTIVE ema-5~21: 212.35~ 198.64 | INVERSE ema-5~21: 188.68~ 202.92 | CE ema-5~21: 212.35~ 198.64 | PE ema-5~21: 188.68~ 202.92 | TRADE ema-5~21: 212.35~ 198.64 | NIFTY ema-prev-5~21: 22671.92~ 22643.70 | ACTIVE ema-prev-5~21: 213.25~ 197.45 | INVERSE ema-prev-5~21: 188.04~ 204.21 | CE ema-prev-5~21: 213.25~ 197.45 | PE ema-prev-5~21: 188.04~ 204.21 | TRADE ema-prev-5~21: 213.25~ 197.45
APR-06 12:09 INFO     fund_manager.py:356   💚 HEARTBEAT [12:06:00 - 12:09:00] | active: NIFTY2640722650CE , inverse: NIFTY2640722650PE | State: NIFTY ema-5~21: 22676.74~ 22649.94 | ACTIVE ema-5~21: 212.32~ 199.88 | INVERSE ema-5~21: 188.95~ 201.70 | CE ema-5~21: 212.32~ 199.88 | PE ema-5~21: 188.95~ 201.70 | TRADE ema-5~21: 212.32~ 199.88 | NIFTY ema-prev-5~21: 22672.33~ 22646.38 | ACTIVE ema-prev-5~21: 212.35~ 198.64 | INVERSE ema-prev-5~21: 188.68~ 202.92 | CE ema-prev-5~21: 212.35~ 198.64 | PE ema-prev-5~21: 188.68~ 202.92 | TRADE ema-prev-5~21: 212.35~ 198.64
APR-06 12:12 INFO     fund_manager.py:356   💚 HEARTBEAT [12:09:00 - 12:12:00] | active: NIFTY2640722700CE , inverse: NIFTY2640722700PE | State: NIFTY ema-5~21: 22675.59~ 22652.06 | ACTIVE ema-5~21: 189.52~ 177.18 | INVERSE ema-5~21: 211.46~ 225.45 | CE ema-5~21: 189.52~ 177.18 | PE ema-5~21: 211.46~ 225.45 | TRADE ema-5~21: 189.52~ 177.18 | NIFTY ema-prev-5~21: 22676.74~ 22649.94 | ACTIVE ema-prev-5~21: 186.66~ 175.38 | INVERSE ema-prev-5~21: 213.19~ 227.20 | CE ema-prev-5~21: 186.66~ 175.38 | PE ema-prev-5~21: 213.19~ 227.20 | TRADE ema-prev-5~21: 186.66~ 175.38
APR-06 12:15 INFO     fund_manager.py:356   💚 HEARTBEAT [12:12:00 - 12:15:00] | active: NIFTY2640722650CE , inverse: NIFTY2640722650PE | State: NIFTY ema-5~21: 22670.26~ 22652.75 | ACTIVE ema-5~21: 209.78~ 202.60 | INVERSE ema-5~21: 189.36~ 198.45 | CE ema-5~21: 209.78~ 202.60 | PE ema-5~21: 189.36~ 198.45 | TRADE ema-5~21: 209.78~ 202.60 | NIFTY ema-prev-5~21: 22675.59~ 22652.06 | ACTIVE ema-prev-5~21: 214.50~ 202.83 | INVERSE ema-prev-5~21: 187.57~ 199.00 | CE ema-prev-5~21: 214.50~ 202.83 | PE ema-prev-5~21: 187.57~ 199.00 | TRADE ema-prev-5~21: 214.50~ 202.83
APR-06 12:18 INFO     fund_manager.py:356   💚 HEARTBEAT [12:15:00 - 12:18:00] | active: NIFTY2640722650CE , inverse: NIFTY2640722650PE | State: NIFTY ema-5~21: 22669.66~ 22654.18 | ACTIVE ema-5~21: 209.79~ 203.26 | INVERSE ema-5~21: 189.14~ 197.56 | CE ema-5~21: 209.79~ 203.26 | PE ema-5~21: 189.14~ 197.56 | TRADE ema-5~21: 209.79~ 203.26 | NIFTY ema-prev-5~21: 22670.26~ 22652.75 | ACTIVE ema-prev-5~21: 209.78~ 202.60 | INVERSE ema-prev-5~21: 189.36~ 198.45 | CE ema-prev-5~21: 209.78~ 202.60 | PE ema-prev-5~21: 189.36~ 198.45 | TRADE ema-prev-5~21: 209.78~ 202.60
APR-06 12:21 INFO     fund_manager.py:356   💚 HEARTBEAT [12:18:00 - 12:21:00] | active: NIFTY2640722650CE , inverse: NIFTY2640722650PE | State: NIFTY ema-5~21: 22684.22~ 22659.55 | ACTIVE ema-5~21: 209.79~ 203.26 | INVERSE ema-5~21: 189.14~ 197.56 | CE ema-5~21: 209.79~ 203.26 | PE ema-5~21: 189.14~ 197.56 | TRADE ema-5~21: 209.79~ 203.26 | NIFTY ema-prev-5~21: 22669.66~ 22654.18 | ACTIVE ema-prev-5~21: 209.78~ 202.60 | INVERSE ema-prev-5~21: 189.36~ 198.45 | CE ema-prev-5~21: 209.78~ 202.60 | PE ema-prev-5~21: 189.36~ 198.45 | TRADE ema-prev-5~21: 209.78~ 202.60
APR-06 12:24 INFO     fund_manager.py:356   💚 HEARTBEAT [12:21:00 - 12:24:00] | active: NIFTY2640722700CE , inverse: NIFTY2640722700PE | State: NIFTY ema-5~21: 22691.71~ 22663.84 | ACTIVE ema-5~21: 195.81~ 183.09 | INVERSE ema-5~21: 202.01~ 217.56 | CE ema-5~21: 195.81~ 183.09 | PE ema-5~21: 202.01~ 217.56 | TRADE ema-5~21: 195.81~ 183.09 | NIFTY ema-prev-5~21: 22684.22~ 22659.55 | ACTIVE ema-prev-5~21: 191.52~ 180.96 | INVERSE ema-prev-5~21: 206.98~ 220.12 | CE ema-prev-5~21: 191.52~ 180.96 | PE ema-prev-5~21: 206.98~ 220.12 | TRADE ema-prev-5~21: 191.52~ 180.96
APR-06 12:27 INFO     fund_manager.py:356   💚 HEARTBEAT [12:24:00 - 12:27:00] | active: NIFTY2640722700CE , inverse: NIFTY2640722700PE | State: NIFTY ema-5~21: 22698.09~ 22668.11 | ACTIVE ema-5~21: 195.81~ 183.09 | INVERSE ema-5~21: 202.01~ 217.56 | CE ema-5~21: 195.81~ 183.09 | PE ema-5~21: 202.01~ 217.56 | TRADE ema-5~21: 195.81~ 183.09 | NIFTY ema-prev-5~21: 22691.71~ 22663.84 | ACTIVE ema-prev-5~21: 191.52~ 180.96 | INVERSE ema-prev-5~21: 206.98~ 220.12 | CE ema-prev-5~21: 191.52~ 180.96 | PE ema-prev-5~21: 206.98~ 220.12 | TRADE ema-prev-5~21: 191.52~ 180.96
APR-06 12:30 INFO     fund_manager.py:356   💚 HEARTBEAT [12:27:00 - 12:30:00] | active: NIFTY2640722700CE , inverse: NIFTY2640722700PE | State: NIFTY ema-5~21: 22703.20~ 22672.23 | ACTIVE ema-5~21: 202.05~ 187.27 | INVERSE ema-5~21: 195.11~ 212.77 | CE ema-5~21: 202.05~ 187.27 | PE ema-5~21: 195.11~ 212.77 | TRADE ema-5~21: 202.05~ 187.27 | NIFTY ema-prev-5~21: 22698.09~ 22668.11 | ACTIVE ema-prev-5~21: 199.86~ 185.35 | INVERSE ema-prev-5~21: 198.74~ 215.26 | CE ema-prev-5~21: 199.86~ 185.35 | PE ema-prev-5~21: 198.74~ 215.26 | TRADE ema-prev-5~21: 199.86~ 185.35
APR-06 12:33 INFO     fund_manager.py:356   💚 HEARTBEAT [12:30:00 - 12:33:00] | active: NIFTY2640722700CE , inverse: NIFTY2640722700PE | State: NIFTY ema-5~21: 22697.56~ 22673.51 | ACTIVE ema-5~21: 202.05~ 187.27 | INVERSE ema-5~21: 195.11~ 212.77 | CE ema-5~21: 202.05~ 187.27 | PE ema-5~21: 195.11~ 212.77 | TRADE ema-5~21: 202.05~ 187.27 | NIFTY ema-prev-5~21: 22703.20~ 22672.23 | ACTIVE ema-prev-5~21: 199.86~ 185.35 | INVERSE ema-prev-5~21: 198.74~ 215.26 | CE ema-prev-5~21: 199.86~ 185.35 | PE ema-prev-5~21: 198.74~ 215.26 | TRADE ema-prev-5~21: 199.86~ 185.35
APR-06 12:36 INFO     fund_manager.py:356   💚 HEARTBEAT [12:33:00 - 12:36:00] | active: NIFTY2640722700CE , inverse: NIFTY2640722700PE | State: NIFTY ema-5~21: 22681.66~ 22671.36 | ACTIVE ema-5~21: 197.67~ 187.41 | INVERSE ema-5~21: 196.89~ 211.65 | CE ema-5~21: 197.67~ 187.41 | PE ema-5~21: 196.89~ 211.65 | TRADE ema-5~21: 197.67~ 187.41 | NIFTY ema-prev-5~21: 22697.56~ 22673.51 | ACTIVE ema-prev-5~21: 202.05~ 187.27 | INVERSE ema-prev-5~21: 195.11~ 212.77 | CE ema-prev-5~21: 202.05~ 187.27 | PE ema-prev-5~21: 195.11~ 212.77 | TRADE ema-prev-5~21: 202.05~ 187.27
APR-06 12:39 INFO     fund_manager.py:356   💚 HEARTBEAT [12:36:00 - 12:39:00] | active: NIFTY2640722650CE , inverse: NIFTY2640722650PE | State: NIFTY ema-5~21: 22675.81~ 22670.70 | ACTIVE ema-5~21: 216.41~ 212.36 | INVERSE ema-5~21: 180.39~ 187.53 | CE ema-5~21: 216.41~ 212.36 | PE ema-5~21: 180.39~ 187.53 | TRADE ema-5~21: 216.41~ 212.36 | NIFTY ema-prev-5~21: 22681.66~ 22671.36 | ACTIVE ema-prev-5~21: 225.29~ 213.73 | INVERSE ema-prev-5~21: 173.13~ 186.79 | CE ema-prev-5~21: 225.29~ 213.73 | PE ema-prev-5~21: 173.13~ 186.79 | TRADE ema-prev-5~21: 225.29~ 213.73
APR-06 12:42 INFO     fund_manager.py:356   💚 HEARTBEAT [12:39:00 - 12:42:00] | active: NIFTY2640722650CE , inverse: NIFTY2640722650PE | State: NIFTY ema-5~21: 22671.04~ 22669.86 | ACTIVE ema-5~21: 207.86~ 210.43 | INVERSE ema-5~21: 185.77~ 187.93 | CE ema-5~21: 207.86~ 210.43 | PE ema-5~21: 185.77~ 187.93 | TRADE ema-5~21: 207.86~ 210.43 | NIFTY ema-prev-5~21: 22675.81~ 22670.70 | ACTIVE ema-prev-5~21: 211.77~ 211.46 | INVERSE ema-prev-5~21: 182.91~ 187.57 | CE ema-prev-5~21: 211.77~ 211.46 | PE ema-prev-5~21: 182.91~ 187.57 | TRADE ema-prev-5~21: 211.77~ 211.46
APR-06 12:45 INFO     fund_manager.py:356   💚 HEARTBEAT [12:42:00 - 12:45:00] | active: NIFTY2640722650CE , inverse: NIFTY2640722650PE | State: NIFTY ema-5~21: 22672.57~ 22670.39 | ACTIVE ema-5~21: 207.86~ 210.43 | INVERSE ema-5~21: 185.77~ 187.93 | CE ema-5~21: 207.86~ 210.43 | PE ema-5~21: 185.77~ 187.93 | TRADE ema-5~21: 207.86~ 210.43 | NIFTY ema-prev-5~21: 22671.04~ 22669.86 | ACTIVE ema-prev-5~21: 211.77~ 211.46 | INVERSE ema-prev-5~21: 182.91~ 187.57 | CE ema-prev-5~21: 211.77~ 211.46 | PE ema-prev-5~21: 182.91~ 187.57 | TRADE ema-prev-5~21: 211.77~ 211.46
APR-06 12:48 INFO     fund_manager.py:356   💚 HEARTBEAT [12:45:00 - 12:48:00] | active: NIFTY2640722700CE , inverse: NIFTY2640722700PE | State: NIFTY ema-5~21: 22687.98~ 22674.79 | ACTIVE ema-5~21: 182.40~ 184.30 | INVERSE ema-5~21: 208.70~ 212.12 | CE ema-5~21: 182.40~ 184.30 | PE ema-5~21: 208.70~ 212.12 | TRADE ema-5~21: 182.40~ 184.30 | NIFTY ema-prev-5~21: 22672.57~ 22670.39 | ACTIVE ema-prev-5~21: 181.95~ 184.40 | INVERSE ema-prev-5~21: 210.40~ 212.81 | CE ema-prev-5~21: 181.95~ 184.40 | PE ema-prev-5~21: 210.40~ 212.81 | TRADE ema-prev-5~21: 181.95~ 184.40
APR-06 12:48 INFO     fund_manager.py:514   ⭕ Signal: LONG (PYTHON: Triple Lock CALL Entry) | Time: 06-Apr 12:48 | Timeframe: 180s | State: NIFTY ema-5~21: 22687.98~ 22674.79 | ACTIVE ema-5~21: 191.44~ 186.59 | INVERSE ema-5~21: 200.52~ 209.58 | CE ema-5~21: 191.44~ 186.59 | PE ema-5~21: 200.52~ 209.58 | TRADE ema-5~21: 191.44~ 186.59 | NIFTY ema-prev-5~21: 22672.57~ 22670.39 | ACTIVE ema-prev-5~21: 182.40~ 184.30 | INVERSE ema-prev-5~21: 208.70~ 212.12 | CE ema-prev-5~21: 182.40~ 184.30 | PE ema-prev-5~21: 208.70~ 212.12 | TRADE ema-prev-5~21: 182.40~ 184.30
APR-06 12:48 INFO     position_manager.py:655   🔵 [06-APR-26 12:48] Entry | NIFTY2640722700CE | Purchased 14 lots(910) @ 209.50 | Total: 190,645
APR-06 12:48 INFO     trade_event.py :49    ⭕ Signal: LONG (PYTHON: Triple Lock CALL Entry) | Time: 12:48:00 | Timeframe: 180s | State: NIFTY ema-5~21: 22687.98~ 22674.79 | ACTIVE ema-5~21: 191.44~ 186.59 | INVERSE ema-5~21: 200.52~ 209.58 | CE ema-5~21: 191.44~ 186.59 | PE ema-5~21: 200.52~ 209.58 | TRADE ema-5~21: 191.44~ 186.59 | NIFTY ema-prev-5~21: 22672.57~ 22670.39 | ACTIVE ema-prev-5~21: 182.40~ 184.30 | INVERSE ema-prev-5~21: 208.70~ 212.12 | CE ema-prev-5~21: 182.40~ 184.30 | PE ema-prev-5~21: 208.70~ 212.12 | TRADE ema-prev-5~21: 182.40~ 184.30
APR-06 12:48 INFO     position_manager.py:457   🤟 [06-APR 12:48] Break-Even Triggered! SL moved to Entry (209.5)
APR-06 12:48 INFO     trade_persistence.py:223   ✅ Session Summary saved for apr06-0927-triple-cq7-python in livetrade (3 cycles)
APR-06 12:48 INFO     position_manager.py:716   🟠 [06-APR-26 12:48] TARGET_1 Hit | NIFTY2640722700CE | Sold 7 lots(455) @ 216.40 | Total: 98,462 | Action PnL: +3,139
APR-06 12:48 INFO     position_manager.py:759   🟢 [06-APR-26 12:48] Exit TSL_PCT: 215.60 | NIFTY2640722700CE | Sold 7 lots(455) @ 215.60 | Total: 98,098 | Action PnL: +2,775 | Cycle PnL: +5,915 | Session PnL: -3,623
APR-06 12:48 INFO     trade_persistence.py:223   ✅ Session Summary saved for apr06-0927-triple-cq7-python in livetrade (4 cycles)
APR-06 12:51 INFO     fund_manager.py:356   💚 HEARTBEAT [12:48:00 - 12:51:00] | active: NIFTY2640722700CE , inverse: NIFTY2640722700PE | State: NIFTY ema-5~21: 22715.74~ 22683.56 | ACTIVE ema-5~21: 191.44~ 186.59 | INVERSE ema-5~21: 200.52~ 209.58 | CE ema-5~21: 191.44~ 186.59 | PE ema-5~21: 200.52~ 209.58 | TRADE ema-5~21: 191.44~ 186.59 | NIFTY ema-prev-5~21: 22687.98~ 22674.79 | ACTIVE ema-prev-5~21: 182.40~ 184.30 | INVERSE ema-prev-5~21: 208.70~ 212.12 | CE ema-prev-5~21: 182.40~ 184.30 | PE ema-prev-5~21: 208.70~ 212.12 | TRADE ema-prev-5~21: 182.40~ 184.30
APR-06 12:54 INFO     fund_manager.py:356   💚 HEARTBEAT [12:51:00 - 12:54:00] | active: NIFTY2640722750CE , inverse: NIFTY2640722750PE | State: NIFTY ema-5~21: 22731.79~ 22690.86 | ACTIVE ema-5~21: 181.99~ 167.42 | INVERSE ema-5~21: 212.33~ 231.26 | CE ema-5~21: 181.99~ 167.42 | PE ema-5~21: 212.33~ 231.26 | TRADE ema-5~21: 181.99~ 167.42 | NIFTY ema-prev-5~21: 22715.74~ 22683.56 | ACTIVE ema-prev-5~21: 167.41~ 163.04 | INVERSE ema-prev-5~21: 226.37~ 235.96 | CE ema-prev-5~21: 167.41~ 163.04 | PE ema-prev-5~21: 226.37~ 235.96 | TRADE ema-prev-5~21: 167.41~ 163.04
APR-06 12:57 INFO     fund_manager.py:356   💚 HEARTBEAT [12:54:00 - 12:57:00] | active: NIFTY2640722750CE , inverse: NIFTY2640722750PE | State: NIFTY ema-5~21: 22750.73~ 22699.75 | ACTIVE ema-5~21: 191.32~ 171.29 | INVERSE ema-5~21: 203.77~ 227.20 | CE ema-5~21: 191.32~ 171.29 | PE ema-5~21: 203.77~ 227.20 | TRADE ema-5~21: 191.32~ 171.29 | NIFTY ema-prev-5~21: 22731.79~ 22690.86 | ACTIVE ema-prev-5~21: 181.99~ 167.42 | INVERSE ema-prev-5~21: 212.33~ 231.26 | CE ema-prev-5~21: 181.99~ 167.42 | PE ema-prev-5~21: 212.33~ 231.26 | TRADE ema-prev-5~21: 181.99~ 167.42
APR-06 13:00 INFO     fund_manager.py:356   💚 HEARTBEAT [12:57:00 - 13:00:00] | active: NIFTY2640722800CE , inverse: NIFTY2640722800PE | State: NIFTY ema-5~21: 22767.97~ 22709.08 | ACTIVE ema-5~21: 177.71~ 153.79 | INVERSE ema-5~21: 220.64~ 250.06 | CE ema-5~21: 177.71~ 153.79 | PE ema-5~21: 220.64~ 250.06 | TRADE ema-5~21: 177.71~ 153.79 | NIFTY ema-prev-5~21: 22750.73~ 22699.75 | ACTIVE ema-prev-5~21: 167.31~ 149.32 | INVERSE ema-prev-5~21: 229.54~ 254.79 | CE ema-prev-5~21: 167.31~ 149.32 | PE ema-prev-5~21: 229.54~ 254.79 | TRADE ema-prev-5~21: 167.31~ 149.32
APR-06 13:03 INFO     fund_manager.py:356   💚 HEARTBEAT [13:00:00 - 13:03:00] | active: NIFTY2640722800CE , inverse: NIFTY2640722800PE | State: NIFTY ema-5~21: 22774.60~ 22716.25 | ACTIVE ema-5~21: 186.30~ 158.31 | INVERSE ema-5~21: 211.26~ 244.83 | CE ema-5~21: 186.30~ 158.31 | PE ema-5~21: 211.26~ 244.83 | TRADE ema-5~21: 186.30~ 158.31 | NIFTY ema-prev-5~21: 22767.97~ 22709.08 | ACTIVE ema-prev-5~21: 177.71~ 153.79 | INVERSE ema-prev-5~21: 220.64~ 250.06 | CE ema-prev-5~21: 177.71~ 153.79 | PE ema-prev-5~21: 220.64~ 250.06 | TRADE ema-prev-5~21: 177.71~ 153.79
APR-06 13:06 INFO     fund_manager.py:356   💚 HEARTBEAT [13:03:00 - 13:06:00] | active: NIFTY2640722800CE , inverse: NIFTY2640722800PE | State: NIFTY ema-5~21: 22776.10~ 22721.96 | ACTIVE ema-5~21: 189.15~ 161.63 | INVERSE ema-5~21: 206.54~ 240.49 | CE ema-5~21: 189.15~ 161.63 | PE ema-5~21: 206.54~ 240.49 | TRADE ema-5~21: 189.15~ 161.63 | NIFTY ema-prev-5~21: 22774.60~ 22716.25 | ACTIVE ema-prev-5~21: 186.30~ 158.31 | INVERSE ema-prev-5~21: 211.26~ 244.83 | CE ema-prev-5~21: 186.30~ 158.31 | PE ema-prev-5~21: 211.26~ 244.83 | TRADE ema-prev-5~21: 186.30~ 158.31
APR-06 13:09 INFO     fund_manager.py:356   💚 HEARTBEAT [13:06:00 - 13:09:00] | active: NIFTY2640722800CE , inverse: NIFTY2640722800PE | State: NIFTY ema-5~21: 22783.80~ 22728.98 | ACTIVE ema-5~21: 194.65~ 167.99 | INVERSE ema-5~21: 200.56~ 232.83 | CE ema-5~21: 194.65~ 167.99 | PE ema-5~21: 200.56~ 232.83 | TRADE ema-5~21: 194.65~ 167.99 | NIFTY ema-prev-5~21: 22776.10~ 22721.96 | ACTIVE ema-prev-5~21: 190.35~ 164.46 | INVERSE ema-prev-5~21: 204.49~ 236.85 | CE ema-prev-5~21: 190.35~ 164.46 | PE ema-prev-5~21: 204.49~ 236.85 | TRADE ema-prev-5~21: 190.35~ 164.46
APR-06 13:12 INFO     fund_manager.py:356   💚 HEARTBEAT [13:09:00 - 13:12:00] | active: NIFTY2640722800CE , inverse: NIFTY2640722800PE | State: NIFTY ema-5~21: 22803.23~ 22739.26 | ACTIVE ema-5~21: 194.65~ 167.99 | INVERSE ema-5~21: 200.56~ 232.83 | CE ema-5~21: 194.65~ 167.99 | PE ema-5~21: 200.56~ 232.83 | TRADE ema-5~21: 194.65~ 167.99 | NIFTY ema-prev-5~21: 22783.80~ 22728.98 | ACTIVE ema-prev-5~21: 190.35~ 164.46 | INVERSE ema-prev-5~21: 204.49~ 236.85 | CE ema-prev-5~21: 190.35~ 164.46 | PE ema-prev-5~21: 204.49~ 236.85 | TRADE ema-prev-5~21: 190.35~ 164.46
APR-06 13:15 INFO     fund_manager.py:356   💚 HEARTBEAT [13:12:00 - 13:15:00] | active: NIFTY2640722850CE , inverse: NIFTY2640722850PE | State: NIFTY ema-5~21: 22822.39~ 22750.30 | ACTIVE ema-5~21: 181.23~ 151.03 | INVERSE ema-5~21: 214.43~ 254.56 | CE ema-5~21: 181.23~ 151.03 | PE ema-5~21: 214.43~ 254.56 | TRADE ema-5~21: 181.23~ 151.03 | NIFTY ema-prev-5~21: 22803.23~ 22739.26 | ACTIVE ema-prev-5~21: 169.66~ 145.70 | INVERSE ema-prev-5~21: 225.53~ 260.79 | CE ema-prev-5~21: 169.66~ 145.70 | PE ema-prev-5~21: 225.53~ 260.79 | TRADE ema-prev-5~21: 169.66~ 145.70
APR-06 13:18 INFO     fund_manager.py:356   💚 HEARTBEAT [13:15:00 - 13:18:00] | active: NIFTY2640722850CE , inverse: NIFTY2640722850PE | State: NIFTY ema-5~21: 22836.01~ 22760.57 | ACTIVE ema-5~21: 192.43~ 156.83 | INVERSE ema-5~21: 203.87~ 248.03 | CE ema-5~21: 192.43~ 156.83 | PE ema-5~21: 203.87~ 248.03 | TRADE ema-5~21: 192.43~ 156.83 | NIFTY ema-prev-5~21: 22822.39~ 22750.30 | ACTIVE ema-prev-5~21: 181.23~ 151.03 | INVERSE ema-prev-5~21: 214.43~ 254.56 | CE ema-prev-5~21: 181.23~ 151.03 | PE ema-prev-5~21: 214.43~ 254.56 | TRADE ema-prev-5~21: 181.23~ 151.03
APR-06 13:21 INFO     fund_manager.py:356   💚 HEARTBEAT [13:18:00 - 13:21:00] | active: NIFTY2640722850CE , inverse: NIFTY2640722850PE | State: NIFTY ema-5~21: 22850.09~ 22771.27 | ACTIVE ema-5~21: 200.67~ 162.31 | INVERSE ema-5~21: 196.78~ 242.08 | CE ema-5~21: 200.67~ 162.31 | PE ema-5~21: 196.78~ 242.08 | TRADE ema-5~21: 200.67~ 162.31 | NIFTY ema-prev-5~21: 22836.01~ 22760.57 | ACTIVE ema-prev-5~21: 192.43~ 156.83 | INVERSE ema-prev-5~21: 203.87~ 248.03 | CE ema-prev-5~21: 192.43~ 156.83 | PE ema-prev-5~21: 203.87~ 248.03 | TRADE ema-prev-5~21: 192.43~ 156.83
APR-06 13:24 INFO     fund_manager.py:356   💚 HEARTBEAT [13:21:00 - 13:24:00] | active: NIFTY2640722900CE , inverse: NIFTY2640722900PE | State: NIFTY ema-5~21: 22859.06~ 22780.88 | ACTIVE ema-5~21: 181.62~ 145.47 | INVERSE ema-5~21: 213.91~ 263.89 | CE ema-5~21: 181.62~ 145.47 | PE ema-5~21: 213.91~ 263.89 | TRADE ema-5~21: 181.62~ 145.47 | NIFTY ema-prev-5~21: 22850.09~ 22771.27 | ACTIVE ema-prev-5~21: 174.93~ 140.51 | INVERSE ema-prev-5~21: 221.31~ 270.37 | CE ema-prev-5~21: 174.93~ 140.51 | PE ema-prev-5~21: 221.31~ 270.37 | TRADE ema-prev-5~21: 174.93~ 140.51
APR-06 13:27 INFO     fund_manager.py:356   💚 HEARTBEAT [13:24:00 - 13:27:00] | active: NIFTY2640722900CE , inverse: NIFTY2640722900PE | State: NIFTY ema-5~21: 22864.07~ 22789.36 | ACTIVE ema-5~21: 189.60~ 154.28 | INVERSE ema-5~21: 205.35~ 252.50 | CE ema-5~21: 189.60~ 154.28 | PE ema-5~21: 205.35~ 252.50 | TRADE ema-5~21: 189.60~ 154.28 | NIFTY ema-prev-5~21: 22859.06~ 22780.88 | ACTIVE ema-prev-5~21: 187.03~ 150.23 | INVERSE ema-prev-5~21: 208.22~ 257.79 | CE ema-prev-5~21: 187.03~ 150.23 | PE ema-prev-5~21: 208.22~ 257.79 | TRADE ema-prev-5~21: 187.03~ 150.23
APR-06 13:30 INFO     fund_manager.py:356   💚 HEARTBEAT [13:27:00 - 13:30:00] | active: NIFTY2640722850CE , inverse: NIFTY2640722850PE | State: NIFTY ema-5~21: 22862.78~ 22795.80 | ACTIVE ema-5~21: 216.71~ 177.53 | INVERSE ema-5~21: 182.05~ 225.59 | CE ema-5~21: 216.71~ 177.53 | PE ema-5~21: 182.05~ 225.59 | TRADE ema-5~21: 216.71~ 177.53 | NIFTY ema-prev-5~21: 22864.07~ 22789.36 | ACTIVE ema-prev-5~21: 213.79~ 173.03 | INVERSE ema-prev-5~21: 184.67~ 230.47 | CE ema-prev-5~21: 213.79~ 173.03 | PE ema-prev-5~21: 184.67~ 230.47 | TRADE ema-prev-5~21: 213.79~ 173.03
APR-06 13:33 INFO     fund_manager.py:356   💚 HEARTBEAT [13:30:00 - 13:33:00] | active: NIFTY2640722850CE , inverse: NIFTY2640722850PE | State: NIFTY ema-5~21: 22870.80~ 22804.07 | ACTIVE ema-5~21: 219.27~ 184.95 | INVERSE ema-5~21: 177.63~ 216.72 | CE ema-5~21: 219.27~ 184.95 | PE ema-5~21: 177.63~ 216.72 | TRADE ema-5~21: 219.27~ 184.95 | NIFTY ema-prev-5~21: 22862.78~ 22795.80 | ACTIVE ema-prev-5~21: 215.51~ 180.77 | INVERSE ema-prev-5~21: 180.45~ 221.19 | CE ema-prev-5~21: 215.51~ 180.77 | PE ema-prev-5~21: 180.45~ 221.19 | TRADE ema-prev-5~21: 215.51~ 180.77
APR-06 13:36 INFO     fund_manager.py:356   💚 HEARTBEAT [13:33:00 - 13:36:00] | active: NIFTY2640722900CE , inverse: NIFTY2640722900PE | State: NIFTY ema-5~21: 22879.99~ 22812.64 | ACTIVE ema-5~21: 192.22~ 161.07 | INVERSE ema-5~21: 200.78~ 242.96 | CE ema-5~21: 192.22~ 161.07 | PE ema-5~21: 200.78~ 242.96 | TRADE ema-5~21: 192.22~ 161.07 | NIFTY ema-prev-5~21: 22870.80~ 22804.07 | ACTIVE ema-prev-5~21: 188.90~ 157.30 | INVERSE ema-prev-5~21: 203.67~ 247.76 | CE ema-prev-5~21: 188.90~ 157.30 | PE ema-prev-5~21: 203.67~ 247.76 | TRADE ema-prev-5~21: 188.90~ 157.30
APR-06 13:39 INFO     fund_manager.py:356   💚 HEARTBEAT [13:36:00 - 13:39:00] | active: NIFTY2640722900CE , inverse: NIFTY2640722900PE | State: NIFTY ema-5~21: 22882.11~ 22819.35 | ACTIVE ema-5~21: 196.36~ 165.04 | INVERSE ema-5~21: 196.25~ 237.89 | CE ema-5~21: 196.36~ 165.04 | PE ema-5~21: 196.25~ 237.89 | TRADE ema-5~21: 196.36~ 165.04 | NIFTY ema-prev-5~21: 22879.99~ 22812.64 | ACTIVE ema-prev-5~21: 192.22~ 161.07 | INVERSE ema-prev-5~21: 200.78~ 242.96 | CE ema-prev-5~21: 192.22~ 161.07 | PE ema-prev-5~21: 200.78~ 242.96 | TRADE ema-prev-5~21: 192.22~ 161.07
APR-06 13:42 INFO     fund_manager.py:356   💚 HEARTBEAT [13:39:00 - 13:42:00] | active: NIFTY2640722900CE , inverse: NIFTY2640722900PE | State: NIFTY ema-5~21: 22877.26~ 22823.73 | ACTIVE ema-5~21: 192.24~ 169.34 | INVERSE ema-5~21: 197.53~ 230.95 | CE ema-5~21: 192.24~ 169.34 | PE ema-5~21: 197.53~ 230.95 | TRADE ema-5~21: 192.24~ 169.34 | NIFTY ema-prev-5~21: 22882.11~ 22819.35 | ACTIVE ema-prev-5~21: 196.21~ 167.84 | INVERSE ema-prev-5~21: 195.32~ 233.85 | CE ema-prev-5~21: 196.21~ 167.84 | PE ema-prev-5~21: 195.32~ 233.85 | TRADE ema-prev-5~21: 196.21~ 167.84
APR-06 13:45 INFO     fund_manager.py:356   💚 HEARTBEAT [13:42:00 - 13:45:00] | active: NIFTY2640722850CE , inverse: NIFTY2640722850PE | State: NIFTY ema-5~21: 22868.47~ 22826.20 | ACTIVE ema-5~21: 219.22~ 194.02 | INVERSE ema-5~21: 174.40~ 205.53 | CE ema-5~21: 219.22~ 194.02 | PE ema-5~21: 174.40~ 205.53 | TRADE ema-5~21: 219.22~ 194.02 | NIFTY ema-prev-5~21: 22877.26~ 22823.73 | ACTIVE ema-prev-5~21: 223.45~ 192.35 | INVERSE ema-prev-5~21: 172.60~ 208.29 | CE ema-prev-5~21: 223.45~ 192.35 | PE ema-prev-5~21: 172.60~ 208.29 | TRADE ema-prev-5~21: 223.45~ 192.35
APR-06 13:48 INFO     fund_manager.py:356   💚 HEARTBEAT [13:45:00 - 13:48:00] | active: NIFTY2640722850CE , inverse: NIFTY2640722850PE | State: NIFTY ema-5~21: 22869.80~ 22830.40 | ACTIVE ema-5~21: 214.03~ 194.90 | INVERSE ema-5~21: 177.73~ 203.61 | CE ema-5~21: 214.03~ 194.90 | PE ema-5~21: 177.73~ 203.61 | TRADE ema-5~21: 214.03~ 194.90 | NIFTY ema-prev-5~21: 22868.47~ 22826.20 | ACTIVE ema-prev-5~21: 219.22~ 194.02 | INVERSE ema-prev-5~21: 174.40~ 205.53 | CE ema-prev-5~21: 219.22~ 194.02 | PE ema-prev-5~21: 174.40~ 205.53 | TRADE ema-prev-5~21: 219.22~ 194.02
APR-06 13:51 INFO     fund_manager.py:356   💚 HEARTBEAT [13:48:00 - 13:51:00] | active: NIFTY2640722850CE , inverse: NIFTY2640722850PE | State: NIFTY ema-5~21: 22868.06~ 22833.51 | ACTIVE ema-5~21: 213.82~ 196.58 | INVERSE ema-5~21: 177.72~ 201.26 | CE ema-5~21: 213.82~ 196.58 | PE ema-5~21: 177.72~ 201.26 | TRADE ema-5~21: 213.82~ 196.58 | NIFTY ema-prev-5~21: 22869.80~ 22830.40 | ACTIVE ema-prev-5~21: 214.03~ 194.90 | INVERSE ema-prev-5~21: 177.73~ 203.61 | CE ema-prev-5~21: 214.03~ 194.90 | PE ema-prev-5~21: 177.73~ 203.61 | TRADE ema-prev-5~21: 214.03~ 194.90
APR-06 13:54 INFO     fund_manager.py:356   💚 HEARTBEAT [13:51:00 - 13:54:00] | active: NIFTY2640722850CE , inverse: NIFTY2640722850PE | State: NIFTY ema-5~21: 22871.44~ 22837.57 | ACTIVE ema-5~21: 212.75~ 199.16 | INVERSE ema-5~21: 177.00~ 196.99 | CE ema-5~21: 212.75~ 199.16 | PE ema-5~21: 177.00~ 196.99 | TRADE ema-5~21: 212.75~ 199.16 | NIFTY ema-prev-5~21: 22868.06~ 22833.51 | ACTIVE ema-prev-5~21: 212.03~ 197.66 | INVERSE ema-prev-5~21: 177.88~ 199.16 | CE ema-prev-5~21: 212.03~ 197.66 | PE ema-prev-5~21: 177.88~ 199.16 | TRADE ema-prev-5~21: 212.03~ 197.66
APR-06 13:57 INFO     fund_manager.py:356   💚 HEARTBEAT [13:54:00 - 13:57:00] | active: NIFTY2640722900CE , inverse: NIFTY2640722900PE | State: NIFTY ema-5~21: 22870.71~ 22840.45 | ACTIVE ema-5~21: 186.21~ 173.99 | INVERSE ema-5~21: 200.37~ 221.78 | CE ema-5~21: 186.21~ 173.99 | PE ema-5~21: 200.37~ 221.78 | TRADE ema-5~21: 186.21~ 173.99 | NIFTY ema-prev-5~21: 22871.44~ 22837.57 | ACTIVE ema-prev-5~21: 185.79~ 172.69 | INVERSE ema-prev-5~21: 201.27~ 224.10 | CE ema-prev-5~21: 185.79~ 172.69 | PE ema-prev-5~21: 201.27~ 224.10 | TRADE ema-prev-5~21: 185.79~ 172.69
APR-06 14:00 INFO     fund_manager.py:356   💚 HEARTBEAT [13:57:00 - 14:00:00] | active: NIFTY2640722850CE , inverse: NIFTY2640722850PE | State: NIFTY ema-5~21: 22868.07~ 22842.49 | ACTIVE ema-5~21: 213.30~ 200.55 | INVERSE ema-5~21: 177.04~ 193.52 | CE ema-5~21: 213.30~ 200.55 | PE ema-5~21: 177.04~ 193.52 | TRADE ema-5~21: 213.30~ 200.55 | NIFTY ema-prev-5~21: 22870.71~ 22840.45 | ACTIVE ema-prev-5~21: 212.75~ 199.16 | INVERSE ema-prev-5~21: 176.90~ 195.14 | CE ema-prev-5~21: 212.75~ 199.16 | PE ema-prev-5~21: 176.90~ 195.14 | TRADE ema-prev-5~21: 212.75~ 199.16
APR-06 14:03 INFO     fund_manager.py:356   💚 HEARTBEAT [14:00:00 - 14:03:00] | active: NIFTY2640722850CE , inverse: NIFTY2640722850PE | State: NIFTY ema-5~21: 22875.23~ 22846.76 | ACTIVE ema-5~21: 211.65~ 201.26 | INVERSE ema-5~21: 177.04~ 193.52 | CE ema-5~21: 211.65~ 201.26 | PE ema-5~21: 177.04~ 193.52 | TRADE ema-5~21: 211.65~ 201.26 | NIFTY ema-prev-5~21: 22868.07~ 22842.49 | ACTIVE ema-prev-5~21: 213.30~ 200.55 | INVERSE ema-prev-5~21: 176.90~ 195.14 | CE ema-prev-5~21: 213.30~ 200.55 | PE ema-prev-5~21: 176.90~ 195.14 | TRADE ema-prev-5~21: 213.30~ 200.55
APR-06 14:06 INFO     fund_manager.py:356   💚 HEARTBEAT [14:03:00 - 14:06:00] | active: NIFTY2640722900CE , inverse: NIFTY2640722900PE | State: NIFTY ema-5~21: 22882.59~ 22851.36 | ACTIVE ema-5~21: 188.04~ 177.49 | INVERSE ema-5~21: 196.29~ 215.34 | CE ema-5~21: 188.04~ 177.49 | PE ema-5~21: 196.29~ 215.34 | TRADE ema-5~21: 188.04~ 177.49 | NIFTY ema-prev-5~21: 22875.23~ 22846.76 | ACTIVE ema-prev-5~21: 185.26~ 175.88 | INVERSE ema-prev-5~21: 200.33~ 218.06 | CE ema-prev-5~21: 185.26~ 175.88 | PE ema-prev-5~21: 200.33~ 218.06 | TRADE ema-prev-5~21: 185.26~ 175.88
APR-06 14:09 INFO     fund_manager.py:356   💚 HEARTBEAT [14:06:00 - 14:09:00] | active: NIFTY2640722900CE , inverse: NIFTY2640722900PE | State: NIFTY ema-5~21: 22877.51~ 22852.81 | ACTIVE ema-5~21: 189.60~ 180.04 | INVERSE ema-5~21: 195.33~ 211.55 | CE ema-5~21: 189.60~ 180.04 | PE ema-5~21: 195.33~ 211.55 | TRADE ema-5~21: 189.60~ 180.04 | NIFTY ema-prev-5~21: 22882.59~ 22851.36 | ACTIVE ema-prev-5~21: 192.58~ 179.68 | INVERSE ema-prev-5~21: 192.83~ 212.67 | CE ema-prev-5~21: 192.58~ 179.68 | PE ema-prev-5~21: 192.83~ 212.67 | TRADE ema-prev-5~21: 192.58~ 179.68
APR-06 14:12 INFO     fund_manager.py:356   💚 HEARTBEAT [14:09:00 - 14:12:00] | active: NIFTY2640722850CE , inverse: NIFTY2640722850PE | State: NIFTY ema-5~21: 22881.07~ 22856.03 | ACTIVE ema-5~21: 216.30~ 205.81 | INVERSE ema-5~21: 172.20~ 187.38 | CE ema-5~21: 216.30~ 205.81 | PE ema-5~21: 172.20~ 187.38 | TRADE ema-5~21: 216.30~ 205.81 | NIFTY ema-prev-5~21: 22877.51~ 22852.81 | ACTIVE ema-prev-5~21: 219.46~ 205.39 | INVERSE ema-prev-5~21: 169.79~ 188.42 | CE ema-prev-5~21: 219.46~ 205.39 | PE ema-prev-5~21: 169.79~ 188.42 | TRADE ema-prev-5~21: 219.46~ 205.39
APR-06 14:15 INFO     fund_manager.py:356   💚 HEARTBEAT [14:12:00 - 14:15:00] | active: NIFTY2640722900CE , inverse: NIFTY2640722900PE | State: NIFTY ema-5~21: 22891.18~ 22861.06 | ACTIVE ema-5~21: 191.52~ 181.44 | INVERSE ema-5~21: 193.77~ 209.65 | CE ema-5~21: 191.52~ 181.44 | PE ema-5~21: 193.77~ 209.65 | TRADE ema-5~21: 191.52~ 181.44 | NIFTY ema-prev-5~21: 22881.07~ 22856.03 | ACTIVE ema-prev-5~21: 189.60~ 180.04 | INVERSE ema-prev-5~21: 195.33~ 211.55 | CE ema-prev-5~21: 189.60~ 180.04 | PE ema-prev-5~21: 195.33~ 211.55 | TRADE ema-prev-5~21: 189.60~ 180.04
APR-06 14:18 INFO     fund_manager.py:356   💚 HEARTBEAT [14:15:00 - 14:18:00] | active: NIFTY2640722900CE , inverse: NIFTY2640722900PE | State: NIFTY ema-5~21: 22896.62~ 22865.28 | ACTIVE ema-5~21: 198.04~ 185.30 | INVERSE ema-5~21: 185.75~ 204.38 | CE ema-5~21: 198.04~ 185.30 | PE ema-5~21: 185.75~ 204.38 | TRADE ema-5~21: 198.04~ 185.30 | NIFTY ema-prev-5~21: 22891.18~ 22861.06 | ACTIVE ema-prev-5~21: 196.63~ 183.75 | INVERSE ema-prev-5~21: 188.95~ 206.89 | CE ema-prev-5~21: 196.63~ 183.75 | PE ema-prev-5~21: 188.95~ 206.89 | TRADE ema-prev-5~21: 196.63~ 183.75
APR-06 14:21 INFO     fund_manager.py:356   💚 HEARTBEAT [14:18:00 - 14:21:00] | active: NIFTY2640722900CE , inverse: NIFTY2640722900PE | State: NIFTY ema-5~21: 22906.80~ 22870.91 | ACTIVE ema-5~21: 198.04~ 185.30 | INVERSE ema-5~21: 185.75~ 204.38 | CE ema-5~21: 198.04~ 185.30 | PE ema-5~21: 185.75~ 204.38 | TRADE ema-5~21: 198.04~ 185.30 | NIFTY ema-prev-5~21: 22896.62~ 22865.28 | ACTIVE ema-prev-5~21: 196.63~ 183.75 | INVERSE ema-prev-5~21: 188.95~ 206.89 | CE ema-prev-5~21: 196.63~ 183.75 | PE ema-prev-5~21: 188.95~ 206.89 | TRADE ema-prev-5~21: 196.63~ 183.75
APR-06 14:24 INFO     fund_manager.py:356   💚 HEARTBEAT [14:21:00 - 14:24:00] | active: NIFTY2640722950CE , inverse: NIFTY2640722950PE | State: NIFTY ema-5~21: 22909.41~ 22874.88 | ACTIVE ema-5~21: 175.91~ 163.06 | INVERSE ema-5~21: 202.92~ 226.46 | CE ema-5~21: 175.91~ 163.06 | PE ema-5~21: 202.92~ 226.46 | TRADE ema-5~21: 175.91~ 163.06 | NIFTY ema-prev-5~21: 22906.80~ 22870.91 | ACTIVE ema-prev-5~21: 172.29~ 161.05 | INVERSE ema-prev-5~21: 210.28~ 230.29 | CE ema-prev-5~21: 172.29~ 161.05 | PE ema-prev-5~21: 210.28~ 230.29 | TRADE ema-prev-5~21: 172.29~ 161.05
APR-06 14:27 INFO     fund_manager.py:356   💚 HEARTBEAT [14:24:00 - 14:27:00] | active: NIFTY2640722900CE , inverse: NIFTY2640722900PE | State: NIFTY ema-5~21: 22906.08~ 22877.11 | ACTIVE ema-5~21: 202.18~ 188.93 | INVERSE ema-5~21: 177.92~ 198.56 | CE ema-5~21: 202.18~ 188.93 | PE ema-5~21: 177.92~ 198.56 | TRADE ema-5~21: 202.18~ 188.93 | NIFTY ema-prev-5~21: 22909.41~ 22874.88 | ACTIVE ema-prev-5~21: 202.34~ 187.63 | INVERSE ema-prev-5~21: 178.95~ 200.84 | CE ema-prev-5~21: 202.34~ 187.63 | PE ema-prev-5~21: 178.95~ 200.84 | TRADE ema-prev-5~21: 202.34~ 187.63
APR-06 14:30 INFO     fund_manager.py:356   💚 HEARTBEAT [14:27:00 - 14:30:00] | active: NIFTY2640722900CE , inverse: NIFTY2640722900PE | State: NIFTY ema-5~21: 22902.53~ 22878.78 | ACTIVE ema-5~21: 197.46~ 189.81 | INVERSE ema-5~21: 180.08~ 195.64 | CE ema-5~21: 197.46~ 189.81 | PE ema-5~21: 180.08~ 195.64 | TRADE ema-5~21: 197.46~ 189.81 | NIFTY ema-prev-5~21: 22906.08~ 22877.11 | ACTIVE ema-prev-5~21: 200.22~ 189.60 | INVERSE ema-prev-5~21: 178.94~ 196.97 | CE ema-prev-5~21: 200.22~ 189.60 | PE ema-prev-5~21: 178.94~ 196.97 | TRADE ema-prev-5~21: 200.22~ 189.60
APR-06 14:33 INFO     fund_manager.py:356   💚 HEARTBEAT [14:30:00 - 14:33:00] | active: NIFTY2640722900CE , inverse: NIFTY2640722900PE | State: NIFTY ema-5~21: 22908.41~ 22882.54 | ACTIVE ema-5~21: 197.46~ 189.81 | INVERSE ema-5~21: 180.08~ 195.64 | CE ema-5~21: 197.46~ 189.81 | PE ema-5~21: 180.08~ 195.64 | TRADE ema-5~21: 197.46~ 189.81 | NIFTY ema-prev-5~21: 22902.53~ 22878.78 | ACTIVE ema-prev-5~21: 200.22~ 189.60 | INVERSE ema-prev-5~21: 178.94~ 196.97 | CE ema-prev-5~21: 200.22~ 189.60 | PE ema-prev-5~21: 178.94~ 196.97 | TRADE ema-prev-5~21: 200.22~ 189.60
APR-06 14:36 INFO     fund_manager.py:356   💚 HEARTBEAT [14:33:00 - 14:36:00] | active: NIFTY2640722900CE , inverse: NIFTY2640722900PE | State: NIFTY ema-5~21: 22912.74~ 22886.07 | ACTIVE ema-5~21: 201.07~ 191.49 | INVERSE ema-5~21: 176.42~ 193.23 | CE ema-5~21: 201.07~ 191.49 | PE ema-5~21: 176.42~ 193.23 | TRADE ema-5~21: 201.07~ 191.49 | NIFTY ema-prev-5~21: 22908.41~ 22882.54 | ACTIVE ema-prev-5~21: 197.46~ 189.81 | INVERSE ema-prev-5~21: 180.08~ 195.64 | CE ema-prev-5~21: 197.46~ 189.81 | PE ema-prev-5~21: 180.08~ 195.64 | TRADE ema-prev-5~21: 197.46~ 189.81
APR-06 14:39 INFO     fund_manager.py:356   💚 HEARTBEAT [14:36:00 - 14:39:00] | active: NIFTY2640722900CE , inverse: NIFTY2640722900PE | State: NIFTY ema-5~21: 22916.43~ 22889.50 | ACTIVE ema-5~21: 202.70~ 192.81 | INVERSE ema-5~21: 174.55~ 191.19 | CE ema-5~21: 202.70~ 192.81 | PE ema-5~21: 174.55~ 191.19 | TRADE ema-5~21: 202.70~ 192.81 | NIFTY ema-prev-5~21: 22912.74~ 22886.07 | ACTIVE ema-prev-5~21: 201.07~ 191.49 | INVERSE ema-prev-5~21: 176.42~ 193.23 | CE ema-prev-5~21: 201.07~ 191.49 | PE ema-prev-5~21: 176.42~ 193.23 | TRADE ema-prev-5~21: 201.07~ 191.49
APR-06 14:42 INFO     fund_manager.py:356   💚 HEARTBEAT [14:39:00 - 14:42:00] | active: NIFTY2640722900CE , inverse: NIFTY2640722900PE | State: NIFTY ema-5~21: 22917.05~ 22892.12 | ACTIVE ema-5~21: 203.48~ 193.92 | INVERSE ema-5~21: 172.71~ 189.17 | CE ema-5~21: 203.48~ 193.92 | PE ema-5~21: 172.71~ 189.17 | TRADE ema-5~21: 203.48~ 193.92 | NIFTY ema-prev-5~21: 22916.43~ 22889.50 | ACTIVE ema-prev-5~21: 202.70~ 192.81 | INVERSE ema-prev-5~21: 174.55~ 191.19 | CE ema-prev-5~21: 202.70~ 192.81 | PE ema-prev-5~21: 174.55~ 191.19 | TRADE ema-prev-5~21: 202.70~ 192.81
APR-06 14:43 WARNING  live_market.py :208   ⚠️ XTS Socket Disconnected!
APR-06 14:43 INFO     MarketDataSocketClient.py:171   Market Data Socket connected successfully!
APR-06 14:43 INFO     live_market.py :179   ✅ XTS Socket Connected!
APR-06 14:43 INFO     live_market.py :181   🔄 Re-subscribing to 83 instruments...
APR-06 14:45 INFO     fund_manager.py:356   💚 HEARTBEAT [14:42:00 - 14:45:00] | active: NIFTY2640722900CE , inverse: NIFTY2640722900PE | State: NIFTY ema-5~21: 22915.97~ 22894.09 | ACTIVE ema-5~21: 203.66~ 194.83 | INVERSE ema-5~21: 172.43~ 187.60 | CE ema-5~21: 203.66~ 194.83 | PE ema-5~21: 172.43~ 187.60 | TRADE ema-5~21: 203.66~ 194.83 | NIFTY ema-prev-5~21: 22917.05~ 22892.12 | ACTIVE ema-prev-5~21: 203.48~ 193.92 | INVERSE ema-prev-5~21: 172.71~ 189.17 | CE ema-prev-5~21: 203.48~ 193.92 | PE ema-prev-5~21: 172.71~ 189.17 | TRADE ema-prev-5~21: 203.48~ 193.92
APR-06 14:48 INFO     fund_manager.py:356   💚 HEARTBEAT [14:45:00 - 14:48:00] | active: NIFTY2640722900CE , inverse: NIFTY2640722900PE | State: NIFTY ema-5~21: 22916.44~ 22896.21 | ACTIVE ema-5~21: 203.60~ 195.62 | INVERSE ema-5~21: 173.47~ 186.50 | CE ema-5~21: 203.60~ 195.62 | PE ema-5~21: 173.47~ 186.50 | TRADE ema-5~21: 203.60~ 195.62 | NIFTY ema-prev-5~21: 22915.97~ 22894.09 | ACTIVE ema-prev-5~21: 203.66~ 194.83 | INVERSE ema-prev-5~21: 172.43~ 187.60 | CE ema-prev-5~21: 203.66~ 194.83 | PE ema-prev-5~21: 172.43~ 187.60 | TRADE ema-prev-5~21: 203.66~ 194.83
APR-06 14:51 INFO     fund_manager.py:356   💚 HEARTBEAT [14:48:00 - 14:51:00] | active: NIFTY2640722900CE , inverse: NIFTY2640722900PE | State: NIFTY ema-5~21: 22919.58~ 22898.91 | ACTIVE ema-5~21: 203.82~ 196.41 | INVERSE ema-5~21: 174.81~ 185.69 | CE ema-5~21: 203.82~ 196.41 | PE ema-5~21: 174.81~ 185.69 | TRADE ema-5~21: 203.82~ 196.41 | NIFTY ema-prev-5~21: 22916.44~ 22896.21 | ACTIVE ema-prev-5~21: 203.60~ 195.62 | INVERSE ema-prev-5~21: 173.47~ 186.50 | CE ema-prev-5~21: 203.60~ 195.62 | PE ema-prev-5~21: 173.47~ 186.50 | TRADE ema-prev-5~21: 203.60~ 195.62
APR-06 14:54 INFO     fund_manager.py:356   💚 HEARTBEAT [14:51:00 - 14:54:00] | active: NIFTY2640722950CE , inverse: NIFTY2640722950PE | State: NIFTY ema-5~21: 22918.50~ 22900.49 | ACTIVE ema-5~21: 178.73~ 171.66 | INVERSE ema-5~21: 196.98~ 208.66 | CE ema-5~21: 178.73~ 171.66 | PE ema-5~21: 196.98~ 208.66 | TRADE ema-5~21: 178.73~ 171.66 | NIFTY ema-prev-5~21: 22919.58~ 22898.91 | ACTIVE ema-prev-5~21: 177.27~ 170.66 | INVERSE ema-prev-5~21: 198.20~ 210.07 | CE ema-prev-5~21: 177.27~ 170.66 | PE ema-prev-5~21: 198.20~ 210.07 | TRADE ema-prev-5~21: 177.27~ 170.66
APR-06 14:57 INFO     fund_manager.py:356   💚 HEARTBEAT [14:54:00 - 14:57:00] | active: NIFTY2640722900CE , inverse: NIFTY2640722900PE | State: NIFTY ema-5~21: 22918.49~ 22902.12 | ACTIVE ema-5~21: 203.99~ 197.85 | INVERSE ema-5~21: 173.41~ 183.34 | CE ema-5~21: 203.99~ 197.85 | PE ema-5~21: 173.41~ 183.34 | TRADE ema-5~21: 203.99~ 197.85 | NIFTY ema-prev-5~21: 22918.50~ 22900.49 | ACTIVE ema-prev-5~21: 205.41~ 197.52 | INVERSE ema-prev-5~21: 173.71~ 184.40 | CE ema-prev-5~21: 205.41~ 197.52 | PE ema-prev-5~21: 173.71~ 184.40 | TRADE ema-prev-5~21: 205.41~ 197.52
APR-06 15:00 INFO     fund_manager.py:356   💚 HEARTBEAT [14:57:00 - 15:00:00] | active: NIFTY2640722900CE , inverse: NIFTY2640722900PE | State: NIFTY ema-5~21: 22918.04~ 22903.49 | ACTIVE ema-5~21: 203.04~ 198.15 | INVERSE ema-5~21: 172.75~ 182.26 | CE ema-5~21: 203.04~ 198.15 | PE ema-5~21: 172.75~ 182.26 | TRADE ema-5~21: 203.04~ 198.15 | NIFTY ema-prev-5~21: 22918.49~ 22902.12 | ACTIVE ema-prev-5~21: 203.99~ 197.85 | INVERSE ema-prev-5~21: 173.41~ 183.34 | CE ema-prev-5~21: 203.99~ 197.85 | PE ema-prev-5~21: 173.41~ 183.34 | TRADE ema-prev-5~21: 203.99~ 197.85
APR-06 15:03 INFO     fund_manager.py:356   💚 HEARTBEAT [15:00:00 - 15:03:00] | active: NIFTY2640722900CE , inverse: NIFTY2640722900PE | State: NIFTY ema-5~21: 22933.96~ 22909.15 | ACTIVE ema-5~21: 201.68~ 198.22 | INVERSE ema-5~21: 172.45~ 181.31 | CE ema-5~21: 201.68~ 198.22 | PE ema-5~21: 172.45~ 181.31 | TRADE ema-5~21: 201.68~ 198.22 | NIFTY ema-prev-5~21: 22918.04~ 22903.49 | ACTIVE ema-prev-5~21: 203.04~ 198.15 | INVERSE ema-prev-5~21: 172.75~ 182.26 | CE ema-prev-5~21: 203.04~ 198.15 | PE ema-prev-5~21: 172.75~ 182.26 | TRADE ema-prev-5~21: 203.04~ 198.15
APR-06 15:06 INFO     fund_manager.py:356   💚 HEARTBEAT [15:03:00 - 15:06:00] | active: NIFTY2640722950CE , inverse: NIFTY2640722950PE | State: NIFTY ema-5~21: 22946.41~ 22914.80 | ACTIVE ema-5~21: 182.18~ 174.38 | INVERSE ema-5~21: 187.00~ 202.08 | CE ema-5~21: 182.18~ 174.38 | PE ema-5~21: 187.00~ 202.08 | TRADE ema-5~21: 182.18~ 174.38 | NIFTY ema-prev-5~21: 22933.96~ 22909.15 | ACTIVE ema-prev-5~21: 175.12~ 172.19 | INVERSE ema-prev-5~21: 195.75~ 205.34 | CE ema-prev-5~21: 175.12~ 172.19 | PE ema-prev-5~21: 195.75~ 205.34 | TRADE ema-prev-5~21: 175.12~ 172.19
APR-06 15:09 INFO     fund_manager.py:356   💚 HEARTBEAT [15:06:00 - 15:09:00] | active: NIFTY2640722950CE , inverse: NIFTY2640722950PE | State: NIFTY ema-5~21: 22954.80~ 22919.97 | ACTIVE ema-5~21: 191.16~ 178.55 | INVERSE ema-5~21: 175.52~ 195.89 | CE ema-5~21: 191.16~ 178.55 | PE ema-5~21: 175.52~ 195.89 | TRADE ema-5~21: 191.16~ 178.55 | NIFTY ema-prev-5~21: 22946.41~ 22914.80 | ACTIVE ema-prev-5~21: 187.74~ 176.60 | INVERSE ema-prev-5~21: 180.23~ 198.86 | CE ema-prev-5~21: 187.74~ 176.60 | PE ema-prev-5~21: 180.23~ 198.86 | TRADE ema-prev-5~21: 187.74~ 176.60
APR-06 15:12 INFO     fund_manager.py:356   💚 HEARTBEAT [15:09:00 - 15:12:00] | active: NIFTY2640722950CE , inverse: NIFTY2640722950PE | State: NIFTY ema-5~21: 22964.87~ 22925.88 | ACTIVE ema-5~21: 191.16~ 178.55 | INVERSE ema-5~21: 175.52~ 195.89 | CE ema-5~21: 191.16~ 178.55 | PE ema-5~21: 175.52~ 195.89 | TRADE ema-5~21: 191.16~ 178.55 | NIFTY ema-prev-5~21: 22954.80~ 22919.97 | ACTIVE ema-prev-5~21: 187.74~ 176.60 | INVERSE ema-prev-5~21: 180.23~ 198.86 | CE ema-prev-5~21: 187.74~ 176.60 | PE ema-prev-5~21: 180.23~ 198.86 | TRADE ema-prev-5~21: 187.74~ 176.60
APR-06 15:15 INFO     fund_manager.py:356   💚 HEARTBEAT [15:12:00 - 15:15:00] | active: NIFTY2640723000CE , inverse: NIFTY2640723000PE | State: NIFTY ema-5~21: 22973.03~ 22931.65 | ACTIVE ema-5~21: 168.48~ 156.10 | INVERSE ema-5~21: 194.49~ 218.31 | CE ema-5~21: 168.48~ 156.10 | PE ema-5~21: 194.49~ 218.31 | TRADE ema-5~21: 168.48~ 156.10 | NIFTY ema-prev-5~21: 22964.87~ 22925.88 | ACTIVE ema-prev-5~21: 165.29~ 154.23 | INVERSE ema-prev-5~21: 200.06~ 221.80 | CE ema-prev-5~21: 165.29~ 154.23 | PE ema-prev-5~21: 200.06~ 221.80 | TRADE ema-prev-5~21: 165.29~ 154.23
APR-06 15:18 INFO     fund_manager.py:356   💚 HEARTBEAT [15:15:00 - 15:18:00] | active: NIFTY2640723000CE , inverse: NIFTY2640723000PE | State: NIFTY ema-5~21: 22972.45~ 22935.25 | ACTIVE ema-5~21: 171.32~ 158.00 | INVERSE ema-5~21: 190.38~ 215.02 | CE ema-5~21: 171.32~ 158.00 | PE ema-5~21: 190.38~ 215.02 | TRADE ema-5~21: 171.32~ 158.00 | NIFTY ema-prev-5~21: 22973.03~ 22931.65 | ACTIVE ema-prev-5~21: 168.48~ 156.10 | INVERSE ema-prev-5~21: 194.49~ 218.31 | CE ema-prev-5~21: 168.48~ 156.10 | PE ema-prev-5~21: 194.49~ 218.31 | TRADE ema-prev-5~21: 168.48~ 156.10
APR-06 15:21 INFO     fund_manager.py:356   💚 HEARTBEAT [15:18:00 - 15:21:00] | active: NIFTY2640722950CE , inverse: NIFTY2640722950PE | State: NIFTY ema-5~21: 22968.04~ 22937.43 | ACTIVE ema-5~21: 196.33~ 183.74 | INVERSE ema-5~21: 167.61~ 187.78 | CE ema-5~21: 196.33~ 183.74 | PE ema-5~21: 167.61~ 187.78 | TRADE ema-5~21: 196.33~ 183.74 | NIFTY ema-prev-5~21: 22972.45~ 22935.25 | ACTIVE ema-prev-5~21: 197.84~ 182.78 | INVERSE ema-prev-5~21: 166.77~ 189.63 | CE ema-prev-5~21: 197.84~ 182.78 | PE ema-prev-5~21: 166.77~ 189.63 | TRADE ema-prev-5~21: 197.84~ 182.78
APR-06 15:24 INFO     fund_manager.py:356   💚 HEARTBEAT [15:21:00 - 15:24:00] | active: NIFTY2640722950CE , inverse: NIFTY2640722950PE | State: NIFTY ema-5~21: 22969.02~ 22940.48 | ACTIVE ema-5~21: 194.42~ 184.36 | INVERSE ema-5~21: 170.91~ 186.85 | CE ema-5~21: 194.42~ 184.36 | PE ema-5~21: 170.91~ 186.85 | TRADE ema-5~21: 194.42~ 184.36 | NIFTY ema-prev-5~21: 22968.04~ 22937.43 | ACTIVE ema-prev-5~21: 196.33~ 183.74 | INVERSE ema-prev-5~21: 167.61~ 187.78 | CE ema-prev-5~21: 196.33~ 183.74 | PE ema-prev-5~21: 167.61~ 187.78 | TRADE ema-prev-5~21: 196.33~ 183.74
APR-06 15:27 INFO     fund_manager.py:356   💚 HEARTBEAT [15:24:00 - 15:27:00] | active: NIFTY2640722950CE , inverse: NIFTY2640722950PE | State: NIFTY ema-5~21: 22968.93~ 22943.05 | ACTIVE ema-5~21: 194.30~ 185.24 | INVERSE ema-5~21: 171.26~ 185.49 | CE ema-5~21: 194.30~ 185.24 | PE ema-5~21: 171.26~ 185.49 | TRADE ema-5~21: 194.30~ 185.24 | NIFTY ema-prev-5~21: 22969.02~ 22940.48 | ACTIVE ema-prev-5~21: 194.42~ 184.36 | INVERSE ema-prev-5~21: 170.91~ 186.85 | CE ema-prev-5~21: 194.42~ 184.36 | PE ema-prev-5~21: 170.91~ 186.85 | TRADE ema-prev-5~21: 194.42~ 184.36
APR-06 15:30 INFO     fund_manager.py:356   💚 HEARTBEAT [15:27:00 - 15:30:00] | active: NIFTY2640722950CE , inverse: NIFTY2640722950PE | State: NIFTY ema-5~21: 22965.77~ 22944.54 | ACTIVE ema-5~21: 194.35~ 186.08 | INVERSE ema-5~21: 171.97~ 184.39 | CE ema-5~21: 194.35~ 186.08 | PE ema-5~21: 171.97~ 184.39 | TRADE ema-5~21: 194.35~ 186.08 | NIFTY ema-prev-5~21: 22968.93~ 22943.05 | ACTIVE ema-prev-5~21: 194.30~ 185.24 | INVERSE ema-prev-5~21: 171.26~ 185.49 | CE ema-prev-5~21: 194.30~ 185.24 | PE ema-prev-5~21: 171.26~ 185.49 | TRADE ema-prev-5~21: 194.30~ 185.24
APR-06 15:31 INFO     live_market.py :83    🏁 Live Market Service Stopped.
APR-06 15:31 INFO     trade_persistence.py:223   ✅ Session Summary saved for apr06-0927-triple-cq7-python in livetrade (4 cycles)
APR-06 15:31 INFO     live_trader.py :118   🏁 Live Trade Engine Stopped.
